<?xml version="1.0" encoding="UTF-8"?>
<testsuite name="com.e2e.CheckOutTest" tests="1" skipped="0" failures="0" errors="0" timestamp="2022-10-11T18:27:06" hostname="DESKTOP-R1EELAQ" time="23.504">
  <properties/>
  <testcase name="testCheckOut_Success" classname="com.e2e.CheckOutTest" time="23.504"/>
  <system-out><![CDATA[20:27:05.917 [Forwarding deleteAllCookies on session c9a28cbe09009b4ebe64e7577be5c1aa to remote] DEBUG org.asynchttpclient.netty.request.NettyRequestSender - Using pooled Channel '[id: 0xe8a6519f, L:/127.0.0.1:50676 - R:localhost/127.0.0.1:55698]' for 'DELETE' to 'http://localhost:55698/session/c9a28cbe09009b4ebe64e7577be5c1aa/cookie'
20:27:05.917 [Forwarding deleteAllCookies on session c9a28cbe09009b4ebe64e7577be5c1aa to remote] DEBUG org.asynchttpclient.netty.request.NettyRequestSender - Using open Channel [id: 0xe8a6519f, L:/127.0.0.1:50676 - R:localhost/127.0.0.1:55698] for DELETE '/session/c9a28cbe09009b4ebe64e7577be5c1aa/cookie'
20:27:05.948 [AsyncHttpClient-1-2] DEBUG org.asynchttpclient.netty.handler.HttpHandler - 

Request DefaultFullHttpRequest(decodeResult: success, version: HTTP/1.1, content: EmptyByteBufBE)
DELETE /session/c9a28cbe09009b4ebe64e7577be5c1aa/cookie HTTP/1.1
User-Agent: selenium/4.1.4 (java windows)
Content-Type: application/json; charset=utf-8
host: localhost:55698
accept: */*

Response DefaultHttpResponse(decodeResult: success, version: HTTP/1.1)
HTTP/1.1 200 OK
Content-Type: application/json; charset=utf-8
cache-control: no-cache
content-length: 14

20:27:05.949 [AsyncHttpClient-1-2] DEBUG org.asynchttpclient.netty.channel.ChannelManager - Adding key: http://localhost:55698 for channel [id: 0xe8a6519f, L:/127.0.0.1:50676 - R:localhost/127.0.0.1:55698]
20:27:05.954 [Forwarding get on session c9a28cbe09009b4ebe64e7577be5c1aa to remote] DEBUG org.asynchttpclient.netty.request.NettyRequestSender - Using pooled Channel '[id: 0xe8a6519f, L:/127.0.0.1:50676 - R:localhost/127.0.0.1:55698]' for 'POST' to 'http://localhost:55698/session/c9a28cbe09009b4ebe64e7577be5c1aa/url'
20:27:05.954 [Forwarding get on session c9a28cbe09009b4ebe64e7577be5c1aa to remote] DEBUG org.asynchttpclient.netty.request.NettyRequestSender - Using open Channel [id: 0xe8a6519f, L:/127.0.0.1:50676 - R:localhost/127.0.0.1:55698] for POST '/session/c9a28cbe09009b4ebe64e7577be5c1aa/url'
20:27:06.571 [AsyncHttpClient-1-2] DEBUG org.asynchttpclient.netty.handler.HttpHandler - 

Request DefaultHttpRequest(decodeResult: success, version: HTTP/1.1)
POST /session/c9a28cbe09009b4ebe64e7577be5c1aa/url HTTP/1.1
User-Agent: selenium/4.1.4 (java windows)
Content-Length: 64
Content-Type: application/json; charset=utf-8
host: localhost:55698
accept: */*

Response DefaultHttpResponse(decodeResult: success, version: HTTP/1.1)
HTTP/1.1 200 OK
Content-Type: application/json; charset=utf-8
cache-control: no-cache
content-length: 14

20:27:06.572 [AsyncHttpClient-1-2] DEBUG org.asynchttpclient.netty.channel.ChannelManager - Adding key: http://localhost:55698 for channel [id: 0xe8a6519f, L:/127.0.0.1:50676 - R:localhost/127.0.0.1:55698]
20:27:06.577 [Forwarding findElement on session c9a28cbe09009b4ebe64e7577be5c1aa to remote] DEBUG org.asynchttpclient.netty.request.NettyRequestSender - Using pooled Channel '[id: 0xe8a6519f, L:/127.0.0.1:50676 - R:localhost/127.0.0.1:55698]' for 'POST' to 'http://localhost:55698/session/c9a28cbe09009b4ebe64e7577be5c1aa/element'
20:27:06.578 [Forwarding findElement on session c9a28cbe09009b4ebe64e7577be5c1aa to remote] DEBUG org.asynchttpclient.netty.request.NettyRequestSender - Using open Channel [id: 0xe8a6519f, L:/127.0.0.1:50676 - R:localhost/127.0.0.1:55698] for POST '/session/c9a28cbe09009b4ebe64e7577be5c1aa/element'
20:27:06.596 [AsyncHttpClient-1-2] DEBUG org.asynchttpclient.netty.handler.HttpHandler - 

Request DefaultHttpRequest(decodeResult: success, version: HTTP/1.1)
POST /session/c9a28cbe09009b4ebe64e7577be5c1aa/element HTTP/1.1
User-Agent: selenium/4.1.4 (java windows)
Content-Length: 60
Content-Type: application/json; charset=utf-8
host: localhost:55698
accept: */*

Response DefaultHttpResponse(decodeResult: success, version: HTTP/1.1)
HTTP/1.1 200 OK
Content-Type: application/json; charset=utf-8
cache-control: no-cache
content-length: 88

20:27:06.597 [AsyncHttpClient-1-2] DEBUG org.asynchttpclient.netty.channel.ChannelManager - Adding key: http://localhost:55698 for channel [id: 0xe8a6519f, L:/127.0.0.1:50676 - R:localhost/127.0.0.1:55698]
20:27:06.611 [Forwarding sendKeysToElement on session c9a28cbe09009b4ebe64e7577be5c1aa to remote] DEBUG org.asynchttpclient.netty.request.NettyRequestSender - Using pooled Channel '[id: 0xe8a6519f, L:/127.0.0.1:50676 - R:localhost/127.0.0.1:55698]' for 'POST' to 'http://localhost:55698/session/c9a28cbe09009b4ebe64e7577be5c1aa/element/81cfe325-883d-437d-98dc-8f8d540c2aa8/value'
20:27:06.611 [Forwarding sendKeysToElement on session c9a28cbe09009b4ebe64e7577be5c1aa to remote] DEBUG org.asynchttpclient.netty.request.NettyRequestSender - Using open Channel [id: 0xe8a6519f, L:/127.0.0.1:50676 - R:localhost/127.0.0.1:55698] for POST '/session/c9a28cbe09009b4ebe64e7577be5c1aa/element/81cfe325-883d-437d-98dc-8f8d540c2aa8/value'
20:27:06.672 [AsyncHttpClient-1-2] DEBUG org.asynchttpclient.netty.handler.HttpHandler - 

Request DefaultHttpRequest(decodeResult: success, version: HTTP/1.1)
POST /session/c9a28cbe09009b4ebe64e7577be5c1aa/element/81cfe325-883d-437d-98dc-8f8d540c2aa8/value HTTP/1.1
User-Agent: selenium/4.1.4 (java windows)
Content-Length: 95
Content-Type: application/json; charset=utf-8
host: localhost:55698
accept: */*

Response DefaultHttpResponse(decodeResult: success, version: HTTP/1.1)
HTTP/1.1 200 OK
Content-Type: application/json; charset=utf-8
cache-control: no-cache
content-length: 14

20:27:06.673 [AsyncHttpClient-1-2] DEBUG org.asynchttpclient.netty.channel.ChannelManager - Adding key: http://localhost:55698 for channel [id: 0xe8a6519f, L:/127.0.0.1:50676 - R:localhost/127.0.0.1:55698]
20:27:06.696 [AsyncHttpClient-1-1] DEBUG org.asynchttpclient.netty.channel.DefaultChannelPool - Entry count for : http://localhost:50677 : 1
20:27:06.696 [AsyncHttpClient-1-1] DEBUG org.asynchttpclient.netty.channel.DefaultChannelPool - Entry count for : http://localhost:55698 : 1
20:27:06.733 [Forwarding get on session c9a28cbe09009b4ebe64e7577be5c1aa to remote] DEBUG org.asynchttpclient.netty.request.NettyRequestSender - Using pooled Channel '[id: 0xe8a6519f, L:/127.0.0.1:50676 - R:localhost/127.0.0.1:55698]' for 'POST' to 'http://localhost:55698/session/c9a28cbe09009b4ebe64e7577be5c1aa/url'
20:27:06.733 [Forwarding get on session c9a28cbe09009b4ebe64e7577be5c1aa to remote] DEBUG org.asynchttpclient.netty.request.NettyRequestSender - Using open Channel [id: 0xe8a6519f, L:/127.0.0.1:50676 - R:localhost/127.0.0.1:55698] for POST '/session/c9a28cbe09009b4ebe64e7577be5c1aa/url'
20:27:07.789 [AsyncHttpClient-1-1] DEBUG org.asynchttpclient.netty.channel.DefaultChannelPool - Entry count for : http://localhost:50677 : 1
20:27:08.614 [AsyncHttpClient-1-2] DEBUG org.asynchttpclient.netty.handler.HttpHandler - 

Request DefaultHttpRequest(decodeResult: success, version: HTTP/1.1)
POST /session/c9a28cbe09009b4ebe64e7577be5c1aa/url HTTP/1.1
User-Agent: selenium/4.1.4 (java windows)
Content-Length: 218
Content-Type: application/json; charset=utf-8
host: localhost:55698
accept: */*

Response DefaultHttpResponse(decodeResult: success, version: HTTP/1.1)
HTTP/1.1 200 OK
Content-Type: application/json; charset=utf-8
cache-control: no-cache
content-length: 14

20:27:08.616 [AsyncHttpClient-1-2] DEBUG org.asynchttpclient.netty.channel.ChannelManager - Adding key: http://localhost:55698 for channel [id: 0xe8a6519f, L:/127.0.0.1:50676 - R:localhost/127.0.0.1:55698]
20:27:08.620 [Forwarding findElement on session c9a28cbe09009b4ebe64e7577be5c1aa to remote] DEBUG org.asynchttpclient.netty.request.NettyRequestSender - Using pooled Channel '[id: 0xe8a6519f, L:/127.0.0.1:50676 - R:localhost/127.0.0.1:55698]' for 'POST' to 'http://localhost:55698/session/c9a28cbe09009b4ebe64e7577be5c1aa/element'
20:27:08.621 [Forwarding findElement on session c9a28cbe09009b4ebe64e7577be5c1aa to remote] DEBUG org.asynchttpclient.netty.request.NettyRequestSender - Using open Channel [id: 0xe8a6519f, L:/127.0.0.1:50676 - R:localhost/127.0.0.1:55698] for POST '/session/c9a28cbe09009b4ebe64e7577be5c1aa/element'
20:27:08.639 [AsyncHttpClient-1-2] DEBUG org.asynchttpclient.netty.handler.HttpHandler - 

Request DefaultHttpRequest(decodeResult: success, version: HTTP/1.1)
POST /session/c9a28cbe09009b4ebe64e7577be5c1aa/element HTTP/1.1
User-Agent: selenium/4.1.4 (java windows)
Content-Length: 50
Content-Type: application/json; charset=utf-8
host: localhost:55698
accept: */*

Response DefaultHttpResponse(decodeResult: success, version: HTTP/1.1)
HTTP/1.1 200 OK
Content-Type: application/json; charset=utf-8
cache-control: no-cache
content-length: 88

20:27:08.640 [AsyncHttpClient-1-2] DEBUG org.asynchttpclient.netty.channel.ChannelManager - Adding key: http://localhost:55698 for channel [id: 0xe8a6519f, L:/127.0.0.1:50676 - R:localhost/127.0.0.1:55698]
20:27:08.646 [Forwarding sendKeysToElement on session c9a28cbe09009b4ebe64e7577be5c1aa to remote] DEBUG org.asynchttpclient.netty.request.NettyRequestSender - Using pooled Channel '[id: 0xe8a6519f, L:/127.0.0.1:50676 - R:localhost/127.0.0.1:55698]' for 'POST' to 'http://localhost:55698/session/c9a28cbe09009b4ebe64e7577be5c1aa/element/78eebaf3-e22f-42bf-8536-cd210b5499e8/value'
20:27:08.646 [Forwarding sendKeysToElement on session c9a28cbe09009b4ebe64e7577be5c1aa to remote] DEBUG org.asynchttpclient.netty.request.NettyRequestSender - Using open Channel [id: 0xe8a6519f, L:/127.0.0.1:50676 - R:localhost/127.0.0.1:55698] for POST '/session/c9a28cbe09009b4ebe64e7577be5c1aa/element/78eebaf3-e22f-42bf-8536-cd210b5499e8/value'
20:27:08.751 [AsyncHttpClient-1-2] DEBUG org.asynchttpclient.netty.handler.HttpHandler - 

Request DefaultHttpRequest(decodeResult: success, version: HTTP/1.1)
POST /session/c9a28cbe09009b4ebe64e7577be5c1aa/element/78eebaf3-e22f-42bf-8536-cd210b5499e8/value HTTP/1.1
User-Agent: selenium/4.1.4 (java windows)
Content-Length: 251
Content-Type: application/json; charset=utf-8
host: localhost:55698
accept: */*

Response DefaultHttpResponse(decodeResult: success, version: HTTP/1.1)
HTTP/1.1 200 OK
Content-Type: application/json; charset=utf-8
cache-control: no-cache
content-length: 14

20:27:08.752 [AsyncHttpClient-1-2] DEBUG org.asynchttpclient.netty.channel.ChannelManager - Adding key: http://localhost:55698 for channel [id: 0xe8a6519f, L:/127.0.0.1:50676 - R:localhost/127.0.0.1:55698]
20:27:08.756 [Forwarding findElement on session c9a28cbe09009b4ebe64e7577be5c1aa to remote] DEBUG org.asynchttpclient.netty.request.NettyRequestSender - Using pooled Channel '[id: 0xe8a6519f, L:/127.0.0.1:50676 - R:localhost/127.0.0.1:55698]' for 'POST' to 'http://localhost:55698/session/c9a28cbe09009b4ebe64e7577be5c1aa/element'
20:27:08.756 [Forwarding findElement on session c9a28cbe09009b4ebe64e7577be5c1aa to remote] DEBUG org.asynchttpclient.netty.request.NettyRequestSender - Using open Channel [id: 0xe8a6519f, L:/127.0.0.1:50676 - R:localhost/127.0.0.1:55698] for POST '/session/c9a28cbe09009b4ebe64e7577be5c1aa/element'
20:27:08.773 [AsyncHttpClient-1-2] DEBUG org.asynchttpclient.netty.handler.HttpHandler - 

Request DefaultHttpRequest(decodeResult: success, version: HTTP/1.1)
POST /session/c9a28cbe09009b4ebe64e7577be5c1aa/element HTTP/1.1
User-Agent: selenium/4.1.4 (java windows)
Content-Length: 49
Content-Type: application/json; charset=utf-8
host: localhost:55698
accept: */*

Response DefaultHttpResponse(decodeResult: success, version: HTTP/1.1)
HTTP/1.1 200 OK
Content-Type: application/json; charset=utf-8
cache-control: no-cache
content-length: 88

20:27:08.774 [AsyncHttpClient-1-2] DEBUG org.asynchttpclient.netty.channel.ChannelManager - Adding key: http://localhost:55698 for channel [id: 0xe8a6519f, L:/127.0.0.1:50676 - R:localhost/127.0.0.1:55698]
20:27:08.778 [Forwarding sendKeysToElement on session c9a28cbe09009b4ebe64e7577be5c1aa to remote] DEBUG org.asynchttpclient.netty.request.NettyRequestSender - Using pooled Channel '[id: 0xe8a6519f, L:/127.0.0.1:50676 - R:localhost/127.0.0.1:55698]' for 'POST' to 'http://localhost:55698/session/c9a28cbe09009b4ebe64e7577be5c1aa/element/55a93cfa-759e-45d6-a686-5e3cdec9f2cf/value'
20:27:08.778 [Forwarding sendKeysToElement on session c9a28cbe09009b4ebe64e7577be5c1aa to remote] DEBUG org.asynchttpclient.netty.request.NettyRequestSender - Using open Channel [id: 0xe8a6519f, L:/127.0.0.1:50676 - R:localhost/127.0.0.1:55698] for POST '/session/c9a28cbe09009b4ebe64e7577be5c1aa/element/55a93cfa-759e-45d6-a686-5e3cdec9f2cf/value'
20:27:08.875 [AsyncHttpClient-1-2] DEBUG org.asynchttpclient.netty.handler.HttpHandler - 

Request DefaultHttpRequest(decodeResult: success, version: HTTP/1.1)
POST /session/c9a28cbe09009b4ebe64e7577be5c1aa/element/55a93cfa-759e-45d6-a686-5e3cdec9f2cf/value HTTP/1.1
User-Agent: selenium/4.1.4 (java windows)
Content-Length: 171
Content-Type: application/json; charset=utf-8
host: localhost:55698
accept: */*

Response DefaultHttpResponse(decodeResult: success, version: HTTP/1.1)
HTTP/1.1 200 OK
Content-Type: application/json; charset=utf-8
cache-control: no-cache
content-length: 14

20:27:08.876 [AsyncHttpClient-1-2] DEBUG org.asynchttpclient.netty.channel.ChannelManager - Adding key: http://localhost:55698 for channel [id: 0xe8a6519f, L:/127.0.0.1:50676 - R:localhost/127.0.0.1:55698]
20:27:08.882 [Forwarding findElement on session c9a28cbe09009b4ebe64e7577be5c1aa to remote] DEBUG org.asynchttpclient.netty.request.NettyRequestSender - Using pooled Channel '[id: 0xe8a6519f, L:/127.0.0.1:50676 - R:localhost/127.0.0.1:55698]' for 'POST' to 'http://localhost:55698/session/c9a28cbe09009b4ebe64e7577be5c1aa/element'
20:27:08.883 [Forwarding findElement on session c9a28cbe09009b4ebe64e7577be5c1aa to remote] DEBUG org.asynchttpclient.netty.request.NettyRequestSender - Using open Channel [id: 0xe8a6519f, L:/127.0.0.1:50676 - R:localhost/127.0.0.1:55698] for POST '/session/c9a28cbe09009b4ebe64e7577be5c1aa/element'
20:27:08.894 [AsyncHttpClient-1-1] DEBUG org.asynchttpclient.netty.channel.DefaultChannelPool - Entry count for : http://localhost:50677 : 1
20:27:08.921 [AsyncHttpClient-1-2] DEBUG org.asynchttpclient.netty.handler.HttpHandler - 

Request DefaultHttpRequest(decodeResult: success, version: HTTP/1.1)
POST /session/c9a28cbe09009b4ebe64e7577be5c1aa/element HTTP/1.1
User-Agent: selenium/4.1.4 (java windows)
Content-Length: 96
Content-Type: application/json; charset=utf-8
host: localhost:55698
accept: */*

Response DefaultHttpResponse(decodeResult: success, version: HTTP/1.1)
HTTP/1.1 200 OK
Content-Type: application/json; charset=utf-8
cache-control: no-cache
content-length: 88

20:27:08.922 [AsyncHttpClient-1-2] DEBUG org.asynchttpclient.netty.channel.ChannelManager - Adding key: http://localhost:55698 for channel [id: 0xe8a6519f, L:/127.0.0.1:50676 - R:localhost/127.0.0.1:55698]
20:27:08.926 [Forwarding clickElement on session c9a28cbe09009b4ebe64e7577be5c1aa to remote] DEBUG org.asynchttpclient.netty.request.NettyRequestSender - Using pooled Channel '[id: 0xe8a6519f, L:/127.0.0.1:50676 - R:localhost/127.0.0.1:55698]' for 'POST' to 'http://localhost:55698/session/c9a28cbe09009b4ebe64e7577be5c1aa/element/158f8371-705f-466e-929c-cdf9e5791d06/click'
20:27:08.928 [Forwarding clickElement on session c9a28cbe09009b4ebe64e7577be5c1aa to remote] DEBUG org.asynchttpclient.netty.request.NettyRequestSender - Using open Channel [id: 0xe8a6519f, L:/127.0.0.1:50676 - R:localhost/127.0.0.1:55698] for POST '/session/c9a28cbe09009b4ebe64e7577be5c1aa/element/158f8371-705f-466e-929c-cdf9e5791d06/click'
20:27:09.986 [AsyncHttpClient-1-1] DEBUG org.asynchttpclient.netty.channel.DefaultChannelPool - Entry count for : http://localhost:50677 : 1
20:27:11.089 [AsyncHttpClient-1-1] DEBUG org.asynchttpclient.netty.channel.DefaultChannelPool - Entry count for : http://localhost:50677 : 1
20:27:11.466 [AsyncHttpClient-1-2] DEBUG org.asynchttpclient.netty.handler.HttpHandler - 

Request DefaultHttpRequest(decodeResult: success, version: HTTP/1.1)
POST /session/c9a28cbe09009b4ebe64e7577be5c1aa/element/158f8371-705f-466e-929c-cdf9e5791d06/click HTTP/1.1
User-Agent: selenium/4.1.4 (java windows)
Content-Length: 50
Content-Type: application/json; charset=utf-8
host: localhost:55698
accept: */*

Response DefaultHttpResponse(decodeResult: success, version: HTTP/1.1)
HTTP/1.1 200 OK
Content-Type: application/json; charset=utf-8
cache-control: no-cache
content-length: 14

20:27:11.466 [AsyncHttpClient-1-2] DEBUG org.asynchttpclient.netty.channel.ChannelManager - Adding key: http://localhost:55698 for channel [id: 0xe8a6519f, L:/127.0.0.1:50676 - R:localhost/127.0.0.1:55698]
20:27:11.474 [Forwarding get on session c9a28cbe09009b4ebe64e7577be5c1aa to remote] DEBUG org.asynchttpclient.netty.request.NettyRequestSender - Using pooled Channel '[id: 0xe8a6519f, L:/127.0.0.1:50676 - R:localhost/127.0.0.1:55698]' for 'POST' to 'http://localhost:55698/session/c9a28cbe09009b4ebe64e7577be5c1aa/url'
20:27:11.474 [Forwarding get on session c9a28cbe09009b4ebe64e7577be5c1aa to remote] DEBUG org.asynchttpclient.netty.request.NettyRequestSender - Using open Channel [id: 0xe8a6519f, L:/127.0.0.1:50676 - R:localhost/127.0.0.1:55698] for POST '/session/c9a28cbe09009b4ebe64e7577be5c1aa/url'
20:27:12.189 [AsyncHttpClient-1-1] DEBUG org.asynchttpclient.netty.channel.DefaultChannelPool - Entry count for : http://localhost:50677 : 1
20:27:12.429 [AsyncHttpClient-1-2] DEBUG org.asynchttpclient.netty.handler.HttpHandler - 

Request DefaultHttpRequest(decodeResult: success, version: HTTP/1.1)
POST /session/c9a28cbe09009b4ebe64e7577be5c1aa/url HTTP/1.1
User-Agent: selenium/4.1.4 (java windows)
Content-Length: 71
Content-Type: application/json; charset=utf-8
host: localhost:55698
accept: */*

Response DefaultHttpResponse(decodeResult: success, version: HTTP/1.1)
HTTP/1.1 200 OK
Content-Type: application/json; charset=utf-8
cache-control: no-cache
content-length: 14

20:27:12.429 [AsyncHttpClient-1-2] DEBUG org.asynchttpclient.netty.channel.ChannelManager - Adding key: http://localhost:55698 for channel [id: 0xe8a6519f, L:/127.0.0.1:50676 - R:localhost/127.0.0.1:55698]
20:27:12.437 [Forwarding findElements on session c9a28cbe09009b4ebe64e7577be5c1aa to remote] DEBUG org.asynchttpclient.netty.request.NettyRequestSender - Using pooled Channel '[id: 0xe8a6519f, L:/127.0.0.1:50676 - R:localhost/127.0.0.1:55698]' for 'POST' to 'http://localhost:55698/session/c9a28cbe09009b4ebe64e7577be5c1aa/elements'
20:27:12.437 [Forwarding findElements on session c9a28cbe09009b4ebe64e7577be5c1aa to remote] DEBUG org.asynchttpclient.netty.request.NettyRequestSender - Using open Channel [id: 0xe8a6519f, L:/127.0.0.1:50676 - R:localhost/127.0.0.1:55698] for POST '/session/c9a28cbe09009b4ebe64e7577be5c1aa/elements'
20:27:12.478 [AsyncHttpClient-1-2] DEBUG org.asynchttpclient.netty.handler.HttpHandler - 

Request DefaultHttpRequest(decodeResult: success, version: HTTP/1.1)
POST /session/c9a28cbe09009b4ebe64e7577be5c1aa/elements HTTP/1.1
User-Agent: selenium/4.1.4 (java windows)
Content-Length: 91
Content-Type: application/json; charset=utf-8
host: localhost:55698
accept: */*

Response DefaultHttpResponse(decodeResult: success, version: HTTP/1.1)
HTTP/1.1 200 OK
Content-Type: application/json; charset=utf-8
cache-control: no-cache
content-length: 485

20:27:12.478 [AsyncHttpClient-1-2] DEBUG org.asynchttpclient.netty.channel.ChannelManager - Adding key: http://localhost:55698 for channel [id: 0xe8a6519f, L:/127.0.0.1:50676 - R:localhost/127.0.0.1:55698]
20:27:12.510 [Forwarding actions on session c9a28cbe09009b4ebe64e7577be5c1aa to remote] DEBUG org.asynchttpclient.netty.request.NettyRequestSender - Using pooled Channel '[id: 0xe8a6519f, L:/127.0.0.1:50676 - R:localhost/127.0.0.1:55698]' for 'POST' to 'http://localhost:55698/session/c9a28cbe09009b4ebe64e7577be5c1aa/actions'
20:27:12.510 [Forwarding actions on session c9a28cbe09009b4ebe64e7577be5c1aa to remote] DEBUG org.asynchttpclient.netty.request.NettyRequestSender - Using open Channel [id: 0xe8a6519f, L:/127.0.0.1:50676 - R:localhost/127.0.0.1:55698] for POST '/session/c9a28cbe09009b4ebe64e7577be5c1aa/actions'
20:27:12.648 [AsyncHttpClient-1-2] DEBUG org.asynchttpclient.netty.handler.HttpHandler - 

Request DefaultHttpRequest(decodeResult: success, version: HTTP/1.1)
POST /session/c9a28cbe09009b4ebe64e7577be5c1aa/actions HTTP/1.1
User-Agent: selenium/4.1.4 (java windows)
Content-Length: 480
Content-Type: application/json; charset=utf-8
host: localhost:55698
accept: */*

Response DefaultHttpResponse(decodeResult: success, version: HTTP/1.1)
HTTP/1.1 200 OK
Content-Type: application/json; charset=utf-8
cache-control: no-cache
content-length: 14

20:27:12.648 [AsyncHttpClient-1-2] DEBUG org.asynchttpclient.netty.channel.ChannelManager - Adding key: http://localhost:55698 for channel [id: 0xe8a6519f, L:/127.0.0.1:50676 - R:localhost/127.0.0.1:55698]
20:27:12.651 [Forwarding findElements on session c9a28cbe09009b4ebe64e7577be5c1aa to remote] DEBUG org.asynchttpclient.netty.request.NettyRequestSender - Using pooled Channel '[id: 0xe8a6519f, L:/127.0.0.1:50676 - R:localhost/127.0.0.1:55698]' for 'POST' to 'http://localhost:55698/session/c9a28cbe09009b4ebe64e7577be5c1aa/elements'
20:27:12.651 [Forwarding findElements on session c9a28cbe09009b4ebe64e7577be5c1aa to remote] DEBUG org.asynchttpclient.netty.request.NettyRequestSender - Using open Channel [id: 0xe8a6519f, L:/127.0.0.1:50676 - R:localhost/127.0.0.1:55698] for POST '/session/c9a28cbe09009b4ebe64e7577be5c1aa/elements'
20:27:12.670 [AsyncHttpClient-1-2] DEBUG org.asynchttpclient.netty.handler.HttpHandler - 

Request DefaultHttpRequest(decodeResult: success, version: HTTP/1.1)
POST /session/c9a28cbe09009b4ebe64e7577be5c1aa/elements HTTP/1.1
User-Agent: selenium/4.1.4 (java windows)
Content-Length: 88
Content-Type: application/json; charset=utf-8
host: localhost:55698
accept: */*

Response DefaultHttpResponse(decodeResult: success, version: HTTP/1.1)
HTTP/1.1 200 OK
Content-Type: application/json; charset=utf-8
cache-control: no-cache
content-length: 485

20:27:12.670 [AsyncHttpClient-1-2] DEBUG org.asynchttpclient.netty.channel.ChannelManager - Adding key: http://localhost:55698 for channel [id: 0xe8a6519f, L:/127.0.0.1:50676 - R:localhost/127.0.0.1:55698]
20:27:12.678 [Forwarding clickElement on session c9a28cbe09009b4ebe64e7577be5c1aa to remote] DEBUG org.asynchttpclient.netty.request.NettyRequestSender - Using pooled Channel '[id: 0xe8a6519f, L:/127.0.0.1:50676 - R:localhost/127.0.0.1:55698]' for 'POST' to 'http://localhost:55698/session/c9a28cbe09009b4ebe64e7577be5c1aa/element/264f4ea6-05f5-4cb1-bd4b-2a22a772feb3/click'
20:27:12.678 [Forwarding clickElement on session c9a28cbe09009b4ebe64e7577be5c1aa to remote] DEBUG org.asynchttpclient.netty.request.NettyRequestSender - Using open Channel [id: 0xe8a6519f, L:/127.0.0.1:50676 - R:localhost/127.0.0.1:55698] for POST '/session/c9a28cbe09009b4ebe64e7577be5c1aa/element/264f4ea6-05f5-4cb1-bd4b-2a22a772feb3/click'
20:27:13.301 [AsyncHttpClient-1-1] DEBUG org.asynchttpclient.netty.channel.DefaultChannelPool - Entry count for : http://localhost:50677 : 1
20:27:14.222 [AsyncHttpClient-1-2] DEBUG org.asynchttpclient.netty.handler.HttpHandler - 

Request DefaultHttpRequest(decodeResult: success, version: HTTP/1.1)
POST /session/c9a28cbe09009b4ebe64e7577be5c1aa/element/264f4ea6-05f5-4cb1-bd4b-2a22a772feb3/click HTTP/1.1
User-Agent: selenium/4.1.4 (java windows)
Content-Length: 50
Content-Type: application/json; charset=utf-8
host: localhost:55698
accept: */*

Response DefaultHttpResponse(decodeResult: success, version: HTTP/1.1)
HTTP/1.1 200 OK
Content-Type: application/json; charset=utf-8
cache-control: no-cache
content-length: 14

20:27:14.222 [AsyncHttpClient-1-2] DEBUG org.asynchttpclient.netty.channel.ChannelManager - Adding key: http://localhost:55698 for channel [id: 0xe8a6519f, L:/127.0.0.1:50676 - R:localhost/127.0.0.1:55698]
20:27:14.238 [Forwarding findElement on session c9a28cbe09009b4ebe64e7577be5c1aa to remote] DEBUG org.asynchttpclient.netty.request.NettyRequestSender - Using pooled Channel '[id: 0xe8a6519f, L:/127.0.0.1:50676 - R:localhost/127.0.0.1:55698]' for 'POST' to 'http://localhost:55698/session/c9a28cbe09009b4ebe64e7577be5c1aa/element'
20:27:14.238 [Forwarding findElement on session c9a28cbe09009b4ebe64e7577be5c1aa to remote] DEBUG org.asynchttpclient.netty.request.NettyRequestSender - Using open Channel [id: 0xe8a6519f, L:/127.0.0.1:50676 - R:localhost/127.0.0.1:55698] for POST '/session/c9a28cbe09009b4ebe64e7577be5c1aa/element'
20:27:14.393 [AsyncHttpClient-1-1] DEBUG org.asynchttpclient.netty.channel.DefaultChannelPool - Entry count for : http://localhost:50677 : 1
20:27:14.478 [AsyncHttpClient-1-2] DEBUG org.asynchttpclient.netty.handler.HttpHandler - 

Request DefaultHttpRequest(decodeResult: success, version: HTTP/1.1)
POST /session/c9a28cbe09009b4ebe64e7577be5c1aa/element HTTP/1.1
User-Agent: selenium/4.1.4 (java windows)
Content-Length: 123
Content-Type: application/json; charset=utf-8
host: localhost:55698
accept: */*

Response DefaultHttpResponse(decodeResult: success, version: HTTP/1.1)
HTTP/1.1 200 OK
Content-Type: application/json; charset=utf-8
cache-control: no-cache
content-length: 88

20:27:14.478 [AsyncHttpClient-1-2] DEBUG org.asynchttpclient.netty.channel.ChannelManager - Adding key: http://localhost:55698 for channel [id: 0xe8a6519f, L:/127.0.0.1:50676 - R:localhost/127.0.0.1:55698]
20:27:14.510 [Forwarding isElementDisplayed on session c9a28cbe09009b4ebe64e7577be5c1aa to remote] DEBUG org.asynchttpclient.netty.request.NettyRequestSender - Using pooled Channel '[id: 0xe8a6519f, L:/127.0.0.1:50676 - R:localhost/127.0.0.1:55698]' for 'POST' to 'http://localhost:55698/session/c9a28cbe09009b4ebe64e7577be5c1aa/execute/sync'
20:27:14.510 [Forwarding isElementDisplayed on session c9a28cbe09009b4ebe64e7577be5c1aa to remote] DEBUG org.asynchttpclient.netty.request.NettyRequestSender - Using open Channel [id: 0xe8a6519f, L:/127.0.0.1:50676 - R:localhost/127.0.0.1:55698] for POST '/session/c9a28cbe09009b4ebe64e7577be5c1aa/execute/sync'
20:27:14.562 [AsyncHttpClient-1-2] DEBUG org.asynchttpclient.netty.handler.HttpHandler - 

Request DefaultHttpRequest(decodeResult: success, version: HTTP/1.1)
POST /session/c9a28cbe09009b4ebe64e7577be5c1aa/execute/sync HTTP/1.1
User-Agent: selenium/4.1.4 (java windows)
Content-Length: 48780
Content-Type: application/json; charset=utf-8
host: localhost:55698
accept: */*

Response DefaultHttpResponse(decodeResult: success, version: HTTP/1.1)
HTTP/1.1 200 OK
Content-Type: application/json; charset=utf-8
cache-control: no-cache
content-length: 14

20:27:14.562 [AsyncHttpClient-1-2] DEBUG org.asynchttpclient.netty.channel.ChannelManager - Adding key: http://localhost:55698 for channel [id: 0xe8a6519f, L:/127.0.0.1:50676 - R:localhost/127.0.0.1:55698]
20:27:14.562 [Forwarding findElement on session c9a28cbe09009b4ebe64e7577be5c1aa to remote] DEBUG org.asynchttpclient.netty.request.NettyRequestSender - Using pooled Channel '[id: 0xe8a6519f, L:/127.0.0.1:50676 - R:localhost/127.0.0.1:55698]' for 'POST' to 'http://localhost:55698/session/c9a28cbe09009b4ebe64e7577be5c1aa/element'
20:27:14.562 [Forwarding findElement on session c9a28cbe09009b4ebe64e7577be5c1aa to remote] DEBUG org.asynchttpclient.netty.request.NettyRequestSender - Using open Channel [id: 0xe8a6519f, L:/127.0.0.1:50676 - R:localhost/127.0.0.1:55698] for POST '/session/c9a28cbe09009b4ebe64e7577be5c1aa/element'
20:27:14.617 [AsyncHttpClient-1-2] DEBUG org.asynchttpclient.netty.handler.HttpHandler - 

Request DefaultHttpRequest(decodeResult: success, version: HTTP/1.1)
POST /session/c9a28cbe09009b4ebe64e7577be5c1aa/element HTTP/1.1
User-Agent: selenium/4.1.4 (java windows)
Content-Length: 123
Content-Type: application/json; charset=utf-8
host: localhost:55698
accept: */*

Response DefaultHttpResponse(decodeResult: success, version: HTTP/1.1)
HTTP/1.1 200 OK
Content-Type: application/json; charset=utf-8
cache-control: no-cache
content-length: 88

20:27:14.617 [AsyncHttpClient-1-2] DEBUG org.asynchttpclient.netty.channel.ChannelManager - Adding key: http://localhost:55698 for channel [id: 0xe8a6519f, L:/127.0.0.1:50676 - R:localhost/127.0.0.1:55698]
20:27:14.625 [Forwarding isElementEnabled on session c9a28cbe09009b4ebe64e7577be5c1aa to remote] DEBUG org.asynchttpclient.netty.request.NettyRequestSender - Using pooled Channel '[id: 0xe8a6519f, L:/127.0.0.1:50676 - R:localhost/127.0.0.1:55698]' for 'GET' to 'http://localhost:55698/session/c9a28cbe09009b4ebe64e7577be5c1aa/element/f7d1f178-9ac5-435f-8447-83d54f0b34f8/enabled'
20:27:14.625 [Forwarding isElementEnabled on session c9a28cbe09009b4ebe64e7577be5c1aa to remote] DEBUG org.asynchttpclient.netty.request.NettyRequestSender - Using open Channel [id: 0xe8a6519f, L:/127.0.0.1:50676 - R:localhost/127.0.0.1:55698] for GET '/session/c9a28cbe09009b4ebe64e7577be5c1aa/element/f7d1f178-9ac5-435f-8447-83d54f0b34f8/enabled'
20:27:14.674 [AsyncHttpClient-1-2] DEBUG org.asynchttpclient.netty.handler.HttpHandler - 

Request DefaultFullHttpRequest(decodeResult: success, version: HTTP/1.1, content: EmptyByteBufBE)
GET /session/c9a28cbe09009b4ebe64e7577be5c1aa/element/f7d1f178-9ac5-435f-8447-83d54f0b34f8/enabled HTTP/1.1
User-Agent: selenium/4.1.4 (java windows)
Cache-Control: no-cache
Content-Type: application/json; charset=utf-8
host: localhost:55698
accept: */*

Response DefaultHttpResponse(decodeResult: success, version: HTTP/1.1)
HTTP/1.1 200 OK
Content-Type: application/json; charset=utf-8
cache-control: no-cache
content-length: 14

20:27:14.674 [AsyncHttpClient-1-2] DEBUG org.asynchttpclient.netty.channel.ChannelManager - Adding key: http://localhost:55698 for channel [id: 0xe8a6519f, L:/127.0.0.1:50676 - R:localhost/127.0.0.1:55698]
20:27:14.682 [Forwarding findElement on session c9a28cbe09009b4ebe64e7577be5c1aa to remote] DEBUG org.asynchttpclient.netty.request.NettyRequestSender - Using pooled Channel '[id: 0xe8a6519f, L:/127.0.0.1:50676 - R:localhost/127.0.0.1:55698]' for 'POST' to 'http://localhost:55698/session/c9a28cbe09009b4ebe64e7577be5c1aa/element'
20:27:14.682 [Forwarding findElement on session c9a28cbe09009b4ebe64e7577be5c1aa to remote] DEBUG org.asynchttpclient.netty.request.NettyRequestSender - Using open Channel [id: 0xe8a6519f, L:/127.0.0.1:50676 - R:localhost/127.0.0.1:55698] for POST '/session/c9a28cbe09009b4ebe64e7577be5c1aa/element'
20:27:14.693 [AsyncHttpClient-1-2] DEBUG org.asynchttpclient.netty.handler.HttpHandler - 

Request DefaultHttpRequest(decodeResult: success, version: HTTP/1.1)
POST /session/c9a28cbe09009b4ebe64e7577be5c1aa/element HTTP/1.1
User-Agent: selenium/4.1.4 (java windows)
Content-Length: 123
Content-Type: application/json; charset=utf-8
host: localhost:55698
accept: */*

Response DefaultHttpResponse(decodeResult: success, version: HTTP/1.1)
HTTP/1.1 200 OK
Content-Type: application/json; charset=utf-8
cache-control: no-cache
content-length: 88

20:27:14.693 [AsyncHttpClient-1-2] DEBUG org.asynchttpclient.netty.channel.ChannelManager - Adding key: http://localhost:55698 for channel [id: 0xe8a6519f, L:/127.0.0.1:50676 - R:localhost/127.0.0.1:55698]
20:27:14.698 [Forwarding clickElement on session c9a28cbe09009b4ebe64e7577be5c1aa to remote] DEBUG org.asynchttpclient.netty.request.NettyRequestSender - Using pooled Channel '[id: 0xe8a6519f, L:/127.0.0.1:50676 - R:localhost/127.0.0.1:55698]' for 'POST' to 'http://localhost:55698/session/c9a28cbe09009b4ebe64e7577be5c1aa/element/f7d1f178-9ac5-435f-8447-83d54f0b34f8/click'
20:27:14.698 [Forwarding clickElement on session c9a28cbe09009b4ebe64e7577be5c1aa to remote] DEBUG org.asynchttpclient.netty.request.NettyRequestSender - Using open Channel [id: 0xe8a6519f, L:/127.0.0.1:50676 - R:localhost/127.0.0.1:55698] for POST '/session/c9a28cbe09009b4ebe64e7577be5c1aa/element/f7d1f178-9ac5-435f-8447-83d54f0b34f8/click'
20:27:14.786 [AsyncHttpClient-1-2] DEBUG org.asynchttpclient.netty.handler.HttpHandler - 

Request DefaultHttpRequest(decodeResult: success, version: HTTP/1.1)
POST /session/c9a28cbe09009b4ebe64e7577be5c1aa/element/f7d1f178-9ac5-435f-8447-83d54f0b34f8/click HTTP/1.1
User-Agent: selenium/4.1.4 (java windows)
Content-Length: 50
Content-Type: application/json; charset=utf-8
host: localhost:55698
accept: */*

Response DefaultHttpResponse(decodeResult: success, version: HTTP/1.1)
HTTP/1.1 200 OK
Content-Type: application/json; charset=utf-8
cache-control: no-cache
content-length: 14

20:27:14.786 [AsyncHttpClient-1-2] DEBUG org.asynchttpclient.netty.channel.ChannelManager - Adding key: http://localhost:55698 for channel [id: 0xe8a6519f, L:/127.0.0.1:50676 - R:localhost/127.0.0.1:55698]
20:27:14.794 [Forwarding findElements on session c9a28cbe09009b4ebe64e7577be5c1aa to remote] DEBUG org.asynchttpclient.netty.request.NettyRequestSender - Using pooled Channel '[id: 0xe8a6519f, L:/127.0.0.1:50676 - R:localhost/127.0.0.1:55698]' for 'POST' to 'http://localhost:55698/session/c9a28cbe09009b4ebe64e7577be5c1aa/elements'
20:27:14.794 [Forwarding findElements on session c9a28cbe09009b4ebe64e7577be5c1aa to remote] DEBUG org.asynchttpclient.netty.request.NettyRequestSender - Using open Channel [id: 0xe8a6519f, L:/127.0.0.1:50676 - R:localhost/127.0.0.1:55698] for POST '/session/c9a28cbe09009b4ebe64e7577be5c1aa/elements'
20:27:14.955 [AsyncHttpClient-1-2] DEBUG org.asynchttpclient.netty.handler.HttpHandler - 

Request DefaultHttpRequest(decodeResult: success, version: HTTP/1.1)
POST /session/c9a28cbe09009b4ebe64e7577be5c1aa/elements HTTP/1.1
User-Agent: selenium/4.1.4 (java windows)
Content-Length: 82
Content-Type: application/json; charset=utf-8
host: localhost:55698
accept: */*

Response DefaultHttpResponse(decodeResult: success, version: HTTP/1.1)
HTTP/1.1 200 OK
Content-Type: application/json; charset=utf-8
cache-control: no-cache
content-length: 248

20:27:14.956 [AsyncHttpClient-1-2] DEBUG org.asynchttpclient.netty.channel.ChannelManager - Adding key: http://localhost:55698 for channel [id: 0xe8a6519f, L:/127.0.0.1:50676 - R:localhost/127.0.0.1:55698]
20:27:14.960 [Forwarding clickElement on session c9a28cbe09009b4ebe64e7577be5c1aa to remote] DEBUG org.asynchttpclient.netty.request.NettyRequestSender - Using pooled Channel '[id: 0xe8a6519f, L:/127.0.0.1:50676 - R:localhost/127.0.0.1:55698]' for 'POST' to 'http://localhost:55698/session/c9a28cbe09009b4ebe64e7577be5c1aa/element/b8eafe30-cb05-492b-877c-b5f4fecf8750/click'
20:27:14.960 [Forwarding clickElement on session c9a28cbe09009b4ebe64e7577be5c1aa to remote] DEBUG org.asynchttpclient.netty.request.NettyRequestSender - Using open Channel [id: 0xe8a6519f, L:/127.0.0.1:50676 - R:localhost/127.0.0.1:55698] for POST '/session/c9a28cbe09009b4ebe64e7577be5c1aa/element/b8eafe30-cb05-492b-877c-b5f4fecf8750/click'
20:27:15.079 [AsyncHttpClient-1-2] DEBUG org.asynchttpclient.netty.handler.HttpHandler - 

Request DefaultHttpRequest(decodeResult: success, version: HTTP/1.1)
POST /session/c9a28cbe09009b4ebe64e7577be5c1aa/element/b8eafe30-cb05-492b-877c-b5f4fecf8750/click HTTP/1.1
User-Agent: selenium/4.1.4 (java windows)
Content-Length: 50
Content-Type: application/json; charset=utf-8
host: localhost:55698
accept: */*

Response DefaultHttpResponse(decodeResult: success, version: HTTP/1.1)
HTTP/1.1 200 OK
Content-Type: application/json; charset=utf-8
cache-control: no-cache
content-length: 14

20:27:15.079 [AsyncHttpClient-1-2] DEBUG org.asynchttpclient.netty.channel.ChannelManager - Adding key: http://localhost:55698 for channel [id: 0xe8a6519f, L:/127.0.0.1:50676 - R:localhost/127.0.0.1:55698]
20:27:15.087 [Forwarding findElement on session c9a28cbe09009b4ebe64e7577be5c1aa to remote] DEBUG org.asynchttpclient.netty.request.NettyRequestSender - Using pooled Channel '[id: 0xe8a6519f, L:/127.0.0.1:50676 - R:localhost/127.0.0.1:55698]' for 'POST' to 'http://localhost:55698/session/c9a28cbe09009b4ebe64e7577be5c1aa/element'
20:27:15.087 [Forwarding findElement on session c9a28cbe09009b4ebe64e7577be5c1aa to remote] DEBUG org.asynchttpclient.netty.request.NettyRequestSender - Using open Channel [id: 0xe8a6519f, L:/127.0.0.1:50676 - R:localhost/127.0.0.1:55698] for POST '/session/c9a28cbe09009b4ebe64e7577be5c1aa/element'
20:27:15.152 [AsyncHttpClient-1-2] DEBUG org.asynchttpclient.netty.handler.HttpHandler - 

Request DefaultHttpRequest(decodeResult: success, version: HTTP/1.1)
POST /session/c9a28cbe09009b4ebe64e7577be5c1aa/element HTTP/1.1
User-Agent: selenium/4.1.4 (java windows)
Content-Length: 87
Content-Type: application/json; charset=utf-8
host: localhost:55698
accept: */*

Response DefaultHttpResponse(decodeResult: success, version: HTTP/1.1)
HTTP/1.1 200 OK
Content-Type: application/json; charset=utf-8
cache-control: no-cache
content-length: 88

20:27:15.152 [AsyncHttpClient-1-2] DEBUG org.asynchttpclient.netty.channel.ChannelManager - Adding key: http://localhost:55698 for channel [id: 0xe8a6519f, L:/127.0.0.1:50676 - R:localhost/127.0.0.1:55698]
20:27:15.152 [Forwarding clickElement on session c9a28cbe09009b4ebe64e7577be5c1aa to remote] DEBUG org.asynchttpclient.netty.request.NettyRequestSender - Using pooled Channel '[id: 0xe8a6519f, L:/127.0.0.1:50676 - R:localhost/127.0.0.1:55698]' for 'POST' to 'http://localhost:55698/session/c9a28cbe09009b4ebe64e7577be5c1aa/element/49af1162-69b3-4114-86f1-6aeaba1cea46/click'
20:27:15.152 [Forwarding clickElement on session c9a28cbe09009b4ebe64e7577be5c1aa to remote] DEBUG org.asynchttpclient.netty.request.NettyRequestSender - Using open Channel [id: 0xe8a6519f, L:/127.0.0.1:50676 - R:localhost/127.0.0.1:55698] for POST '/session/c9a28cbe09009b4ebe64e7577be5c1aa/element/49af1162-69b3-4114-86f1-6aeaba1cea46/click'
20:27:15.239 [AsyncHttpClient-1-2] DEBUG org.asynchttpclient.netty.handler.HttpHandler - 

Request DefaultHttpRequest(decodeResult: success, version: HTTP/1.1)
POST /session/c9a28cbe09009b4ebe64e7577be5c1aa/element/49af1162-69b3-4114-86f1-6aeaba1cea46/click HTTP/1.1
User-Agent: selenium/4.1.4 (java windows)
Content-Length: 50
Content-Type: application/json; charset=utf-8
host: localhost:55698
accept: */*

Response DefaultHttpResponse(decodeResult: success, version: HTTP/1.1)
HTTP/1.1 200 OK
Content-Type: application/json; charset=utf-8
cache-control: no-cache
content-length: 14

20:27:15.239 [AsyncHttpClient-1-2] DEBUG org.asynchttpclient.netty.channel.ChannelManager - Adding key: http://localhost:55698 for channel [id: 0xe8a6519f, L:/127.0.0.1:50676 - R:localhost/127.0.0.1:55698]
20:27:15.239 [Forwarding get on session c9a28cbe09009b4ebe64e7577be5c1aa to remote] DEBUG org.asynchttpclient.netty.request.NettyRequestSender - Using pooled Channel '[id: 0xe8a6519f, L:/127.0.0.1:50676 - R:localhost/127.0.0.1:55698]' for 'POST' to 'http://localhost:55698/session/c9a28cbe09009b4ebe64e7577be5c1aa/url'
20:27:15.239 [Forwarding get on session c9a28cbe09009b4ebe64e7577be5c1aa to remote] DEBUG org.asynchttpclient.netty.request.NettyRequestSender - Using open Channel [id: 0xe8a6519f, L:/127.0.0.1:50676 - R:localhost/127.0.0.1:55698] for POST '/session/c9a28cbe09009b4ebe64e7577be5c1aa/url'
20:27:15.488 [AsyncHttpClient-1-1] DEBUG org.asynchttpclient.netty.channel.DefaultChannelPool - Entry count for : http://localhost:50677 : 1
20:27:16.594 [AsyncHttpClient-1-1] DEBUG org.asynchttpclient.netty.channel.DefaultChannelPool - Entry count for : http://localhost:50677 : 1
20:27:17.129 [AsyncHttpClient-1-2] DEBUG org.asynchttpclient.netty.handler.HttpHandler - 

Request DefaultHttpRequest(decodeResult: success, version: HTTP/1.1)
POST /session/c9a28cbe09009b4ebe64e7577be5c1aa/url HTTP/1.1
User-Agent: selenium/4.1.4 (java windows)
Content-Length: 95
Content-Type: application/json; charset=utf-8
host: localhost:55698
accept: */*

Response DefaultHttpResponse(decodeResult: success, version: HTTP/1.1)
HTTP/1.1 200 OK
Content-Type: application/json; charset=utf-8
cache-control: no-cache
content-length: 14

20:27:17.129 [AsyncHttpClient-1-2] DEBUG org.asynchttpclient.netty.channel.ChannelManager - Adding key: http://localhost:55698 for channel [id: 0xe8a6519f, L:/127.0.0.1:50676 - R:localhost/127.0.0.1:55698]
20:27:17.137 [Forwarding findElement on session c9a28cbe09009b4ebe64e7577be5c1aa to remote] DEBUG org.asynchttpclient.netty.request.NettyRequestSender - Using pooled Channel '[id: 0xe8a6519f, L:/127.0.0.1:50676 - R:localhost/127.0.0.1:55698]' for 'POST' to 'http://localhost:55698/session/c9a28cbe09009b4ebe64e7577be5c1aa/element'
20:27:17.137 [Forwarding findElement on session c9a28cbe09009b4ebe64e7577be5c1aa to remote] DEBUG org.asynchttpclient.netty.request.NettyRequestSender - Using open Channel [id: 0xe8a6519f, L:/127.0.0.1:50676 - R:localhost/127.0.0.1:55698] for POST '/session/c9a28cbe09009b4ebe64e7577be5c1aa/element'
20:27:17.193 [AsyncHttpClient-1-2] DEBUG org.asynchttpclient.netty.handler.HttpHandler - 

Request DefaultHttpRequest(decodeResult: success, version: HTTP/1.1)
POST /session/c9a28cbe09009b4ebe64e7577be5c1aa/element HTTP/1.1
User-Agent: selenium/4.1.4 (java windows)
Content-Length: 133
Content-Type: application/json; charset=utf-8
host: localhost:55698
accept: */*

Response DefaultHttpResponse(decodeResult: success, version: HTTP/1.1)
HTTP/1.1 200 OK
Content-Type: application/json; charset=utf-8
cache-control: no-cache
content-length: 88

20:27:17.193 [AsyncHttpClient-1-2] DEBUG org.asynchttpclient.netty.channel.ChannelManager - Adding key: http://localhost:55698 for channel [id: 0xe8a6519f, L:/127.0.0.1:50676 - R:localhost/127.0.0.1:55698]
20:27:17.202 [Forwarding isElementDisplayed on session c9a28cbe09009b4ebe64e7577be5c1aa to remote] DEBUG org.asynchttpclient.netty.request.NettyRequestSender - Using pooled Channel '[id: 0xe8a6519f, L:/127.0.0.1:50676 - R:localhost/127.0.0.1:55698]' for 'POST' to 'http://localhost:55698/session/c9a28cbe09009b4ebe64e7577be5c1aa/execute/sync'
20:27:17.202 [Forwarding isElementDisplayed on session c9a28cbe09009b4ebe64e7577be5c1aa to remote] DEBUG org.asynchttpclient.netty.request.NettyRequestSender - Using open Channel [id: 0xe8a6519f, L:/127.0.0.1:50676 - R:localhost/127.0.0.1:55698] for POST '/session/c9a28cbe09009b4ebe64e7577be5c1aa/execute/sync'
20:27:17.298 [AsyncHttpClient-1-2] DEBUG org.asynchttpclient.netty.handler.HttpHandler - 

Request DefaultHttpRequest(decodeResult: success, version: HTTP/1.1)
POST /session/c9a28cbe09009b4ebe64e7577be5c1aa/execute/sync HTTP/1.1
User-Agent: selenium/4.1.4 (java windows)
Content-Length: 48780
Content-Type: application/json; charset=utf-8
host: localhost:55698
accept: */*

Response DefaultHttpResponse(decodeResult: success, version: HTTP/1.1)
HTTP/1.1 200 OK
Content-Type: application/json; charset=utf-8
cache-control: no-cache
content-length: 14

20:27:17.298 [AsyncHttpClient-1-2] DEBUG org.asynchttpclient.netty.channel.ChannelManager - Adding key: http://localhost:55698 for channel [id: 0xe8a6519f, L:/127.0.0.1:50676 - R:localhost/127.0.0.1:55698]
20:27:17.306 [Forwarding findElement on session c9a28cbe09009b4ebe64e7577be5c1aa to remote] DEBUG org.asynchttpclient.netty.request.NettyRequestSender - Using pooled Channel '[id: 0xe8a6519f, L:/127.0.0.1:50676 - R:localhost/127.0.0.1:55698]' for 'POST' to 'http://localhost:55698/session/c9a28cbe09009b4ebe64e7577be5c1aa/element'
20:27:17.306 [Forwarding findElement on session c9a28cbe09009b4ebe64e7577be5c1aa to remote] DEBUG org.asynchttpclient.netty.request.NettyRequestSender - Using open Channel [id: 0xe8a6519f, L:/127.0.0.1:50676 - R:localhost/127.0.0.1:55698] for POST '/session/c9a28cbe09009b4ebe64e7577be5c1aa/element'
20:27:17.362 [AsyncHttpClient-1-2] DEBUG org.asynchttpclient.netty.handler.HttpHandler - 

Request DefaultHttpRequest(decodeResult: success, version: HTTP/1.1)
POST /session/c9a28cbe09009b4ebe64e7577be5c1aa/element HTTP/1.1
User-Agent: selenium/4.1.4 (java windows)
Content-Length: 133
Content-Type: application/json; charset=utf-8
host: localhost:55698
accept: */*

Response DefaultHttpResponse(decodeResult: success, version: HTTP/1.1)
HTTP/1.1 200 OK
Content-Type: application/json; charset=utf-8
cache-control: no-cache
content-length: 88

20:27:17.362 [AsyncHttpClient-1-2] DEBUG org.asynchttpclient.netty.channel.ChannelManager - Adding key: http://localhost:55698 for channel [id: 0xe8a6519f, L:/127.0.0.1:50676 - R:localhost/127.0.0.1:55698]
20:27:17.362 [Forwarding isElementEnabled on session c9a28cbe09009b4ebe64e7577be5c1aa to remote] DEBUG org.asynchttpclient.netty.request.NettyRequestSender - Using pooled Channel '[id: 0xe8a6519f, L:/127.0.0.1:50676 - R:localhost/127.0.0.1:55698]' for 'GET' to 'http://localhost:55698/session/c9a28cbe09009b4ebe64e7577be5c1aa/element/ec7495a2-32b4-460a-adee-38e5795c7264/enabled'
20:27:17.362 [Forwarding isElementEnabled on session c9a28cbe09009b4ebe64e7577be5c1aa to remote] DEBUG org.asynchttpclient.netty.request.NettyRequestSender - Using open Channel [id: 0xe8a6519f, L:/127.0.0.1:50676 - R:localhost/127.0.0.1:55698] for GET '/session/c9a28cbe09009b4ebe64e7577be5c1aa/element/ec7495a2-32b4-460a-adee-38e5795c7264/enabled'
20:27:17.411 [AsyncHttpClient-1-2] DEBUG org.asynchttpclient.netty.handler.HttpHandler - 

Request DefaultFullHttpRequest(decodeResult: success, version: HTTP/1.1, content: EmptyByteBufBE)
GET /session/c9a28cbe09009b4ebe64e7577be5c1aa/element/ec7495a2-32b4-460a-adee-38e5795c7264/enabled HTTP/1.1
User-Agent: selenium/4.1.4 (java windows)
Cache-Control: no-cache
Content-Type: application/json; charset=utf-8
host: localhost:55698
accept: */*

Response DefaultHttpResponse(decodeResult: success, version: HTTP/1.1)
HTTP/1.1 200 OK
Content-Type: application/json; charset=utf-8
cache-control: no-cache
content-length: 14

20:27:17.411 [AsyncHttpClient-1-2] DEBUG org.asynchttpclient.netty.channel.ChannelManager - Adding key: http://localhost:55698 for channel [id: 0xe8a6519f, L:/127.0.0.1:50676 - R:localhost/127.0.0.1:55698]
20:27:17.419 [Forwarding findElement on session c9a28cbe09009b4ebe64e7577be5c1aa to remote] DEBUG org.asynchttpclient.netty.request.NettyRequestSender - Using pooled Channel '[id: 0xe8a6519f, L:/127.0.0.1:50676 - R:localhost/127.0.0.1:55698]' for 'POST' to 'http://localhost:55698/session/c9a28cbe09009b4ebe64e7577be5c1aa/element'
20:27:17.419 [Forwarding findElement on session c9a28cbe09009b4ebe64e7577be5c1aa to remote] DEBUG org.asynchttpclient.netty.request.NettyRequestSender - Using open Channel [id: 0xe8a6519f, L:/127.0.0.1:50676 - R:localhost/127.0.0.1:55698] for POST '/session/c9a28cbe09009b4ebe64e7577be5c1aa/element'
20:27:17.475 [AsyncHttpClient-1-2] DEBUG org.asynchttpclient.netty.handler.HttpHandler - 

Request DefaultHttpRequest(decodeResult: success, version: HTTP/1.1)
POST /session/c9a28cbe09009b4ebe64e7577be5c1aa/element HTTP/1.1
User-Agent: selenium/4.1.4 (java windows)
Content-Length: 133
Content-Type: application/json; charset=utf-8
host: localhost:55698
accept: */*

Response DefaultHttpResponse(decodeResult: success, version: HTTP/1.1)
HTTP/1.1 200 OK
Content-Type: application/json; charset=utf-8
cache-control: no-cache
content-length: 88

20:27:17.475 [AsyncHttpClient-1-2] DEBUG org.asynchttpclient.netty.channel.ChannelManager - Adding key: http://localhost:55698 for channel [id: 0xe8a6519f, L:/127.0.0.1:50676 - R:localhost/127.0.0.1:55698]
20:27:17.475 [Forwarding clickElement on session c9a28cbe09009b4ebe64e7577be5c1aa to remote] DEBUG org.asynchttpclient.netty.request.NettyRequestSender - Using pooled Channel '[id: 0xe8a6519f, L:/127.0.0.1:50676 - R:localhost/127.0.0.1:55698]' for 'POST' to 'http://localhost:55698/session/c9a28cbe09009b4ebe64e7577be5c1aa/element/ec7495a2-32b4-460a-adee-38e5795c7264/click'
20:27:17.475 [Forwarding clickElement on session c9a28cbe09009b4ebe64e7577be5c1aa to remote] DEBUG org.asynchttpclient.netty.request.NettyRequestSender - Using open Channel [id: 0xe8a6519f, L:/127.0.0.1:50676 - R:localhost/127.0.0.1:55698] for POST '/session/c9a28cbe09009b4ebe64e7577be5c1aa/element/ec7495a2-32b4-460a-adee-38e5795c7264/click'
20:27:17.691 [AsyncHttpClient-1-1] DEBUG org.asynchttpclient.netty.channel.DefaultChannelPool - Entry count for : http://localhost:50677 : 1
20:27:18.787 [AsyncHttpClient-1-1] DEBUG org.asynchttpclient.netty.channel.DefaultChannelPool - Entry count for : http://localhost:50677 : 1
20:27:18.886 [AsyncHttpClient-1-2] DEBUG org.asynchttpclient.netty.handler.HttpHandler - 

Request DefaultHttpRequest(decodeResult: success, version: HTTP/1.1)
POST /session/c9a28cbe09009b4ebe64e7577be5c1aa/element/ec7495a2-32b4-460a-adee-38e5795c7264/click HTTP/1.1
User-Agent: selenium/4.1.4 (java windows)
Content-Length: 50
Content-Type: application/json; charset=utf-8
host: localhost:55698
accept: */*

Response DefaultHttpResponse(decodeResult: success, version: HTTP/1.1)
HTTP/1.1 200 OK
Content-Type: application/json; charset=utf-8
cache-control: no-cache
content-length: 14

20:27:18.886 [AsyncHttpClient-1-2] DEBUG org.asynchttpclient.netty.channel.ChannelManager - Adding key: http://localhost:55698 for channel [id: 0xe8a6519f, L:/127.0.0.1:50676 - R:localhost/127.0.0.1:55698]
20:27:18.887 [Forwarding findElement on session c9a28cbe09009b4ebe64e7577be5c1aa to remote] DEBUG org.asynchttpclient.netty.request.NettyRequestSender - Using pooled Channel '[id: 0xe8a6519f, L:/127.0.0.1:50676 - R:localhost/127.0.0.1:55698]' for 'POST' to 'http://localhost:55698/session/c9a28cbe09009b4ebe64e7577be5c1aa/element'
20:27:18.887 [Forwarding findElement on session c9a28cbe09009b4ebe64e7577be5c1aa to remote] DEBUG org.asynchttpclient.netty.request.NettyRequestSender - Using open Channel [id: 0xe8a6519f, L:/127.0.0.1:50676 - R:localhost/127.0.0.1:55698] for POST '/session/c9a28cbe09009b4ebe64e7577be5c1aa/element'
20:27:19.889 [AsyncHttpClient-1-1] DEBUG org.asynchttpclient.netty.channel.DefaultChannelPool - Entry count for : http://localhost:50677 : 1
20:27:20.956 [AsyncHttpClient-1-2] DEBUG org.asynchttpclient.netty.handler.HttpHandler - 

Request DefaultHttpRequest(decodeResult: success, version: HTTP/1.1)
POST /session/c9a28cbe09009b4ebe64e7577be5c1aa/element HTTP/1.1
User-Agent: selenium/4.1.4 (java windows)
Content-Length: 109
Content-Type: application/json; charset=utf-8
host: localhost:55698
accept: */*

Response DefaultHttpResponse(decodeResult: success, version: HTTP/1.1)
HTTP/1.1 200 OK
Content-Type: application/json; charset=utf-8
cache-control: no-cache
content-length: 88

20:27:20.956 [AsyncHttpClient-1-2] DEBUG org.asynchttpclient.netty.channel.ChannelManager - Adding key: http://localhost:55698 for channel [id: 0xe8a6519f, L:/127.0.0.1:50676 - R:localhost/127.0.0.1:55698]
20:27:20.964 [Forwarding isElementDisplayed on session c9a28cbe09009b4ebe64e7577be5c1aa to remote] DEBUG org.asynchttpclient.netty.request.NettyRequestSender - Using pooled Channel '[id: 0xe8a6519f, L:/127.0.0.1:50676 - R:localhost/127.0.0.1:55698]' for 'POST' to 'http://localhost:55698/session/c9a28cbe09009b4ebe64e7577be5c1aa/execute/sync'
20:27:20.964 [Forwarding isElementDisplayed on session c9a28cbe09009b4ebe64e7577be5c1aa to remote] DEBUG org.asynchttpclient.netty.request.NettyRequestSender - Using open Channel [id: 0xe8a6519f, L:/127.0.0.1:50676 - R:localhost/127.0.0.1:55698] for POST '/session/c9a28cbe09009b4ebe64e7577be5c1aa/execute/sync'
20:27:20.980 [AsyncHttpClient-1-2] DEBUG org.asynchttpclient.netty.handler.HttpHandler - 

Request DefaultHttpRequest(decodeResult: success, version: HTTP/1.1)
POST /session/c9a28cbe09009b4ebe64e7577be5c1aa/execute/sync HTTP/1.1
User-Agent: selenium/4.1.4 (java windows)
Content-Length: 48780
Content-Type: application/json; charset=utf-8
host: localhost:55698
accept: */*

Response DefaultHttpResponse(decodeResult: success, version: HTTP/1.1)
HTTP/1.1 200 OK
Content-Type: application/json; charset=utf-8
cache-control: no-cache
content-length: 14

20:27:20.980 [AsyncHttpClient-1-2] DEBUG org.asynchttpclient.netty.channel.ChannelManager - Adding key: http://localhost:55698 for channel [id: 0xe8a6519f, L:/127.0.0.1:50676 - R:localhost/127.0.0.1:55698]
20:27:20.988 [AsyncHttpClient-1-1] DEBUG org.asynchttpclient.netty.channel.DefaultChannelPool - Entry count for : http://localhost:50677 : 1
20:27:20.988 [AsyncHttpClient-1-1] DEBUG org.asynchttpclient.netty.channel.DefaultChannelPool - Entry count for : http://localhost:55698 : 1
20:27:20.988 [Forwarding findElements on session c9a28cbe09009b4ebe64e7577be5c1aa to remote] DEBUG org.asynchttpclient.netty.request.NettyRequestSender - Using pooled Channel '[id: 0xe8a6519f, L:/127.0.0.1:50676 - R:localhost/127.0.0.1:55698]' for 'POST' to 'http://localhost:55698/session/c9a28cbe09009b4ebe64e7577be5c1aa/elements'
20:27:20.988 [Forwarding findElements on session c9a28cbe09009b4ebe64e7577be5c1aa to remote] DEBUG org.asynchttpclient.netty.request.NettyRequestSender - Using open Channel [id: 0xe8a6519f, L:/127.0.0.1:50676 - R:localhost/127.0.0.1:55698] for POST '/session/c9a28cbe09009b4ebe64e7577be5c1aa/elements'
20:27:21.449 [AsyncHttpClient-1-2] DEBUG org.asynchttpclient.netty.handler.HttpHandler - 

Request DefaultHttpRequest(decodeResult: success, version: HTTP/1.1)
POST /session/c9a28cbe09009b4ebe64e7577be5c1aa/elements HTTP/1.1
User-Agent: selenium/4.1.4 (java windows)
Content-Length: 79
Content-Type: application/json; charset=utf-8
host: localhost:55698
accept: */*

Response DefaultHttpResponse(decodeResult: success, version: HTTP/1.1)
HTTP/1.1 200 OK
Content-Type: application/json; charset=utf-8
cache-control: no-cache
content-length: 169

20:27:21.449 [AsyncHttpClient-1-2] DEBUG org.asynchttpclient.netty.channel.ChannelManager - Adding key: http://localhost:55698 for channel [id: 0xe8a6519f, L:/127.0.0.1:50676 - R:localhost/127.0.0.1:55698]
20:27:21.449 [Forwarding clickElement on session c9a28cbe09009b4ebe64e7577be5c1aa to remote] DEBUG org.asynchttpclient.netty.request.NettyRequestSender - Using pooled Channel '[id: 0xe8a6519f, L:/127.0.0.1:50676 - R:localhost/127.0.0.1:55698]' for 'POST' to 'http://localhost:55698/session/c9a28cbe09009b4ebe64e7577be5c1aa/element/62588f34-d7cd-4979-b999-12824ea1c8d5/click'
20:27:21.449 [Forwarding clickElement on session c9a28cbe09009b4ebe64e7577be5c1aa to remote] DEBUG org.asynchttpclient.netty.request.NettyRequestSender - Using open Channel [id: 0xe8a6519f, L:/127.0.0.1:50676 - R:localhost/127.0.0.1:55698] for POST '/session/c9a28cbe09009b4ebe64e7577be5c1aa/element/62588f34-d7cd-4979-b999-12824ea1c8d5/click'
20:27:21.722 [AsyncHttpClient-1-2] DEBUG org.asynchttpclient.netty.handler.HttpHandler - 

Request DefaultHttpRequest(decodeResult: success, version: HTTP/1.1)
POST /session/c9a28cbe09009b4ebe64e7577be5c1aa/element/62588f34-d7cd-4979-b999-12824ea1c8d5/click HTTP/1.1
User-Agent: selenium/4.1.4 (java windows)
Content-Length: 50
Content-Type: application/json; charset=utf-8
host: localhost:55698
accept: */*

Response DefaultHttpResponse(decodeResult: success, version: HTTP/1.1)
HTTP/1.1 200 OK
Content-Type: application/json; charset=utf-8
cache-control: no-cache
content-length: 14

20:27:21.722 [AsyncHttpClient-1-2] DEBUG org.asynchttpclient.netty.channel.ChannelManager - Adding key: http://localhost:55698 for channel [id: 0xe8a6519f, L:/127.0.0.1:50676 - R:localhost/127.0.0.1:55698]
20:27:21.730 [Forwarding findElement on session c9a28cbe09009b4ebe64e7577be5c1aa to remote] DEBUG org.asynchttpclient.netty.request.NettyRequestSender - Using pooled Channel '[id: 0xe8a6519f, L:/127.0.0.1:50676 - R:localhost/127.0.0.1:55698]' for 'POST' to 'http://localhost:55698/session/c9a28cbe09009b4ebe64e7577be5c1aa/element'
20:27:21.730 [Forwarding findElement on session c9a28cbe09009b4ebe64e7577be5c1aa to remote] DEBUG org.asynchttpclient.netty.request.NettyRequestSender - Using open Channel [id: 0xe8a6519f, L:/127.0.0.1:50676 - R:localhost/127.0.0.1:55698] for POST '/session/c9a28cbe09009b4ebe64e7577be5c1aa/element'
20:27:21.754 [AsyncHttpClient-1-2] DEBUG org.asynchttpclient.netty.handler.HttpHandler - 

Request DefaultHttpRequest(decodeResult: success, version: HTTP/1.1)
POST /session/c9a28cbe09009b4ebe64e7577be5c1aa/element HTTP/1.1
User-Agent: selenium/4.1.4 (java windows)
Content-Length: 106
Content-Type: application/json; charset=utf-8
host: localhost:55698
accept: */*

Response DefaultHttpResponse(decodeResult: success, version: HTTP/1.1)
HTTP/1.1 200 OK
Content-Type: application/json; charset=utf-8
cache-control: no-cache
content-length: 88

20:27:21.754 [AsyncHttpClient-1-2] DEBUG org.asynchttpclient.netty.channel.ChannelManager - Adding key: http://localhost:55698 for channel [id: 0xe8a6519f, L:/127.0.0.1:50676 - R:localhost/127.0.0.1:55698]
20:27:21.762 [Forwarding clickElement on session c9a28cbe09009b4ebe64e7577be5c1aa to remote] DEBUG org.asynchttpclient.netty.request.NettyRequestSender - Using pooled Channel '[id: 0xe8a6519f, L:/127.0.0.1:50676 - R:localhost/127.0.0.1:55698]' for 'POST' to 'http://localhost:55698/session/c9a28cbe09009b4ebe64e7577be5c1aa/element/dbd0ff0b-a280-4183-9fdc-e37d7cc29085/click'
20:27:21.762 [Forwarding clickElement on session c9a28cbe09009b4ebe64e7577be5c1aa to remote] DEBUG org.asynchttpclient.netty.request.NettyRequestSender - Using open Channel [id: 0xe8a6519f, L:/127.0.0.1:50676 - R:localhost/127.0.0.1:55698] for POST '/session/c9a28cbe09009b4ebe64e7577be5c1aa/element/dbd0ff0b-a280-4183-9fdc-e37d7cc29085/click'
20:27:21.862 [AsyncHttpClient-1-2] DEBUG org.asynchttpclient.netty.handler.HttpHandler - 

Request DefaultHttpRequest(decodeResult: success, version: HTTP/1.1)
POST /session/c9a28cbe09009b4ebe64e7577be5c1aa/element/dbd0ff0b-a280-4183-9fdc-e37d7cc29085/click HTTP/1.1
User-Agent: selenium/4.1.4 (java windows)
Content-Length: 50
Content-Type: application/json; charset=utf-8
host: localhost:55698
accept: */*

Response DefaultHttpResponse(decodeResult: success, version: HTTP/1.1)
HTTP/1.1 200 OK
Content-Type: application/json; charset=utf-8
cache-control: no-cache
content-length: 14

20:27:21.862 [AsyncHttpClient-1-2] DEBUG org.asynchttpclient.netty.channel.ChannelManager - Adding key: http://localhost:55698 for channel [id: 0xe8a6519f, L:/127.0.0.1:50676 - R:localhost/127.0.0.1:55698]
20:27:22.086 [AsyncHttpClient-1-1] DEBUG org.asynchttpclient.netty.channel.DefaultChannelPool - Entry count for : http://localhost:50677 : 1
20:27:22.086 [AsyncHttpClient-1-1] DEBUG org.asynchttpclient.netty.channel.DefaultChannelPool - Entry count for : http://localhost:55698 : 1
20:27:23.193 [AsyncHttpClient-1-1] DEBUG org.asynchttpclient.netty.channel.DefaultChannelPool - Entry count for : http://localhost:50677 : 1
20:27:23.193 [AsyncHttpClient-1-1] DEBUG org.asynchttpclient.netty.channel.DefaultChannelPool - Entry count for : http://localhost:55698 : 1
20:27:24.294 [AsyncHttpClient-1-1] DEBUG org.asynchttpclient.netty.channel.DefaultChannelPool - Entry count for : http://localhost:50677 : 1
20:27:24.294 [AsyncHttpClient-1-1] DEBUG org.asynchttpclient.netty.channel.DefaultChannelPool - Entry count for : http://localhost:55698 : 1
20:27:25.398 [AsyncHttpClient-1-1] DEBUG org.asynchttpclient.netty.channel.DefaultChannelPool - Entry count for : http://localhost:50677 : 1
20:27:25.398 [AsyncHttpClient-1-1] DEBUG org.asynchttpclient.netty.channel.DefaultChannelPool - Entry count for : http://localhost:55698 : 1
20:27:26.490 [AsyncHttpClient-1-1] DEBUG org.asynchttpclient.netty.channel.DefaultChannelPool - Entry count for : http://localhost:50677 : 1
20:27:26.490 [AsyncHttpClient-1-1] DEBUG org.asynchttpclient.netty.channel.DefaultChannelPool - Entry count for : http://localhost:55698 : 1
20:27:26.869 [Forwarding findElement on session c9a28cbe09009b4ebe64e7577be5c1aa to remote] DEBUG org.asynchttpclient.netty.request.NettyRequestSender - Using pooled Channel '[id: 0xe8a6519f, L:/127.0.0.1:50676 - R:localhost/127.0.0.1:55698]' for 'POST' to 'http://localhost:55698/session/c9a28cbe09009b4ebe64e7577be5c1aa/element'
20:27:26.869 [Forwarding findElement on session c9a28cbe09009b4ebe64e7577be5c1aa to remote] DEBUG org.asynchttpclient.netty.request.NettyRequestSender - Using open Channel [id: 0xe8a6519f, L:/127.0.0.1:50676 - R:localhost/127.0.0.1:55698] for POST '/session/c9a28cbe09009b4ebe64e7577be5c1aa/element'
20:27:26.884 [AsyncHttpClient-1-2] DEBUG org.asynchttpclient.netty.handler.HttpHandler - 

Request DefaultHttpRequest(decodeResult: success, version: HTTP/1.1)
POST /session/c9a28cbe09009b4ebe64e7577be5c1aa/element HTTP/1.1
User-Agent: selenium/4.1.4 (java windows)
Content-Length: 88
Content-Type: application/json; charset=utf-8
host: localhost:55698
accept: */*

Response DefaultHttpResponse(decodeResult: success, version: HTTP/1.1)
HTTP/1.1 200 OK
Content-Type: application/json; charset=utf-8
cache-control: no-cache
content-length: 88

20:27:26.884 [AsyncHttpClient-1-2] DEBUG org.asynchttpclient.netty.channel.ChannelManager - Adding key: http://localhost:55698 for channel [id: 0xe8a6519f, L:/127.0.0.1:50676 - R:localhost/127.0.0.1:55698]
20:27:26.884 [Forwarding isElementDisplayed on session c9a28cbe09009b4ebe64e7577be5c1aa to remote] DEBUG org.asynchttpclient.netty.request.NettyRequestSender - Using pooled Channel '[id: 0xe8a6519f, L:/127.0.0.1:50676 - R:localhost/127.0.0.1:55698]' for 'POST' to 'http://localhost:55698/session/c9a28cbe09009b4ebe64e7577be5c1aa/execute/sync'
20:27:26.884 [Forwarding isElementDisplayed on session c9a28cbe09009b4ebe64e7577be5c1aa to remote] DEBUG org.asynchttpclient.netty.request.NettyRequestSender - Using open Channel [id: 0xe8a6519f, L:/127.0.0.1:50676 - R:localhost/127.0.0.1:55698] for POST '/session/c9a28cbe09009b4ebe64e7577be5c1aa/execute/sync'
20:27:26.900 [AsyncHttpClient-1-2] DEBUG org.asynchttpclient.netty.handler.HttpHandler - 

Request DefaultHttpRequest(decodeResult: success, version: HTTP/1.1)
POST /session/c9a28cbe09009b4ebe64e7577be5c1aa/execute/sync HTTP/1.1
User-Agent: selenium/4.1.4 (java windows)
Content-Length: 48780
Content-Type: application/json; charset=utf-8
host: localhost:55698
accept: */*

Response DefaultHttpResponse(decodeResult: success, version: HTTP/1.1)
HTTP/1.1 200 OK
Content-Type: application/json; charset=utf-8
cache-control: no-cache
content-length: 14

20:27:26.900 [AsyncHttpClient-1-2] DEBUG org.asynchttpclient.netty.channel.ChannelManager - Adding key: http://localhost:55698 for channel [id: 0xe8a6519f, L:/127.0.0.1:50676 - R:localhost/127.0.0.1:55698]
20:27:26.915 [Forwarding findElement on session c9a28cbe09009b4ebe64e7577be5c1aa to remote] DEBUG org.asynchttpclient.netty.request.NettyRequestSender - Using pooled Channel '[id: 0xe8a6519f, L:/127.0.0.1:50676 - R:localhost/127.0.0.1:55698]' for 'POST' to 'http://localhost:55698/session/c9a28cbe09009b4ebe64e7577be5c1aa/element'
20:27:26.915 [Forwarding findElement on session c9a28cbe09009b4ebe64e7577be5c1aa to remote] DEBUG org.asynchttpclient.netty.request.NettyRequestSender - Using open Channel [id: 0xe8a6519f, L:/127.0.0.1:50676 - R:localhost/127.0.0.1:55698] for POST '/session/c9a28cbe09009b4ebe64e7577be5c1aa/element'
20:27:26.915 [AsyncHttpClient-1-2] DEBUG org.asynchttpclient.netty.handler.HttpHandler - 

Request DefaultHttpRequest(decodeResult: success, version: HTTP/1.1)
POST /session/c9a28cbe09009b4ebe64e7577be5c1aa/element HTTP/1.1
User-Agent: selenium/4.1.4 (java windows)
Content-Length: 88
Content-Type: application/json; charset=utf-8
host: localhost:55698
accept: */*

Response DefaultHttpResponse(decodeResult: success, version: HTTP/1.1)
HTTP/1.1 200 OK
Content-Type: application/json; charset=utf-8
cache-control: no-cache
content-length: 88

20:27:26.927 [AsyncHttpClient-1-2] DEBUG org.asynchttpclient.netty.channel.ChannelManager - Adding key: http://localhost:55698 for channel [id: 0xe8a6519f, L:/127.0.0.1:50676 - R:localhost/127.0.0.1:55698]
20:27:26.929 [Forwarding isElementEnabled on session c9a28cbe09009b4ebe64e7577be5c1aa to remote] DEBUG org.asynchttpclient.netty.request.NettyRequestSender - Using pooled Channel '[id: 0xe8a6519f, L:/127.0.0.1:50676 - R:localhost/127.0.0.1:55698]' for 'GET' to 'http://localhost:55698/session/c9a28cbe09009b4ebe64e7577be5c1aa/element/d654d40e-f877-4563-b53f-db6cf960a227/enabled'
20:27:26.929 [Forwarding isElementEnabled on session c9a28cbe09009b4ebe64e7577be5c1aa to remote] DEBUG org.asynchttpclient.netty.request.NettyRequestSender - Using open Channel [id: 0xe8a6519f, L:/127.0.0.1:50676 - R:localhost/127.0.0.1:55698] for GET '/session/c9a28cbe09009b4ebe64e7577be5c1aa/element/d654d40e-f877-4563-b53f-db6cf960a227/enabled'
20:27:26.937 [AsyncHttpClient-1-2] DEBUG org.asynchttpclient.netty.handler.HttpHandler - 

Request DefaultFullHttpRequest(decodeResult: success, version: HTTP/1.1, content: EmptyByteBufBE)
GET /session/c9a28cbe09009b4ebe64e7577be5c1aa/element/d654d40e-f877-4563-b53f-db6cf960a227/enabled HTTP/1.1
User-Agent: selenium/4.1.4 (java windows)
Cache-Control: no-cache
Content-Type: application/json; charset=utf-8
host: localhost:55698
accept: */*

Response DefaultHttpResponse(decodeResult: success, version: HTTP/1.1)
HTTP/1.1 200 OK
Content-Type: application/json; charset=utf-8
cache-control: no-cache
content-length: 14

20:27:26.937 [AsyncHttpClient-1-2] DEBUG org.asynchttpclient.netty.channel.ChannelManager - Adding key: http://localhost:55698 for channel [id: 0xe8a6519f, L:/127.0.0.1:50676 - R:localhost/127.0.0.1:55698]
20:27:26.947 [Forwarding findElement on session c9a28cbe09009b4ebe64e7577be5c1aa to remote] DEBUG org.asynchttpclient.netty.request.NettyRequestSender - Using pooled Channel '[id: 0xe8a6519f, L:/127.0.0.1:50676 - R:localhost/127.0.0.1:55698]' for 'POST' to 'http://localhost:55698/session/c9a28cbe09009b4ebe64e7577be5c1aa/element'
20:27:26.947 [Forwarding findElement on session c9a28cbe09009b4ebe64e7577be5c1aa to remote] DEBUG org.asynchttpclient.netty.request.NettyRequestSender - Using open Channel [id: 0xe8a6519f, L:/127.0.0.1:50676 - R:localhost/127.0.0.1:55698] for POST '/session/c9a28cbe09009b4ebe64e7577be5c1aa/element'
20:27:26.947 [AsyncHttpClient-1-2] DEBUG org.asynchttpclient.netty.handler.HttpHandler - 

Request DefaultHttpRequest(decodeResult: success, version: HTTP/1.1)
POST /session/c9a28cbe09009b4ebe64e7577be5c1aa/element HTTP/1.1
User-Agent: selenium/4.1.4 (java windows)
Content-Length: 88
Content-Type: application/json; charset=utf-8
host: localhost:55698
accept: */*

Response DefaultHttpResponse(decodeResult: success, version: HTTP/1.1)
HTTP/1.1 200 OK
Content-Type: application/json; charset=utf-8
cache-control: no-cache
content-length: 88

20:27:26.947 [AsyncHttpClient-1-2] DEBUG org.asynchttpclient.netty.channel.ChannelManager - Adding key: http://localhost:55698 for channel [id: 0xe8a6519f, L:/127.0.0.1:50676 - R:localhost/127.0.0.1:55698]
20:27:26.947 [Forwarding clickElement on session c9a28cbe09009b4ebe64e7577be5c1aa to remote] DEBUG org.asynchttpclient.netty.request.NettyRequestSender - Using pooled Channel '[id: 0xe8a6519f, L:/127.0.0.1:50676 - R:localhost/127.0.0.1:55698]' for 'POST' to 'http://localhost:55698/session/c9a28cbe09009b4ebe64e7577be5c1aa/element/d654d40e-f877-4563-b53f-db6cf960a227/click'
20:27:26.947 [Forwarding clickElement on session c9a28cbe09009b4ebe64e7577be5c1aa to remote] DEBUG org.asynchttpclient.netty.request.NettyRequestSender - Using open Channel [id: 0xe8a6519f, L:/127.0.0.1:50676 - R:localhost/127.0.0.1:55698] for POST '/session/c9a28cbe09009b4ebe64e7577be5c1aa/element/d654d40e-f877-4563-b53f-db6cf960a227/click'
20:27:27.011 [AsyncHttpClient-1-2] DEBUG org.asynchttpclient.netty.handler.HttpHandler - 

Request DefaultHttpRequest(decodeResult: success, version: HTTP/1.1)
POST /session/c9a28cbe09009b4ebe64e7577be5c1aa/element/d654d40e-f877-4563-b53f-db6cf960a227/click HTTP/1.1
User-Agent: selenium/4.1.4 (java windows)
Content-Length: 50
Content-Type: application/json; charset=utf-8
host: localhost:55698
accept: */*

Response DefaultHttpResponse(decodeResult: success, version: HTTP/1.1)
HTTP/1.1 200 OK
Content-Type: application/json; charset=utf-8
cache-control: no-cache
content-length: 14

20:27:27.014 [AsyncHttpClient-1-2] DEBUG org.asynchttpclient.netty.channel.ChannelManager - Adding key: http://localhost:55698 for channel [id: 0xe8a6519f, L:/127.0.0.1:50676 - R:localhost/127.0.0.1:55698]
20:27:27.014 [Forwarding findElement on session c9a28cbe09009b4ebe64e7577be5c1aa to remote] DEBUG org.asynchttpclient.netty.request.NettyRequestSender - Using pooled Channel '[id: 0xe8a6519f, L:/127.0.0.1:50676 - R:localhost/127.0.0.1:55698]' for 'POST' to 'http://localhost:55698/session/c9a28cbe09009b4ebe64e7577be5c1aa/element'
20:27:27.014 [Forwarding findElement on session c9a28cbe09009b4ebe64e7577be5c1aa to remote] DEBUG org.asynchttpclient.netty.request.NettyRequestSender - Using open Channel [id: 0xe8a6519f, L:/127.0.0.1:50676 - R:localhost/127.0.0.1:55698] for POST '/session/c9a28cbe09009b4ebe64e7577be5c1aa/element'
20:27:27.588 [AsyncHttpClient-1-1] DEBUG org.asynchttpclient.netty.channel.DefaultChannelPool - Entry count for : http://localhost:50677 : 1
20:27:28.686 [AsyncHttpClient-1-1] DEBUG org.asynchttpclient.netty.channel.DefaultChannelPool - Entry count for : http://localhost:50677 : 1
20:27:29.800 [AsyncHttpClient-1-1] DEBUG org.asynchttpclient.netty.channel.DefaultChannelPool - Entry count for : http://localhost:50677 : 1
20:27:30.114 [AsyncHttpClient-1-2] DEBUG org.asynchttpclient.netty.handler.HttpHandler - 

Request DefaultHttpRequest(decodeResult: success, version: HTTP/1.1)
POST /session/c9a28cbe09009b4ebe64e7577be5c1aa/element HTTP/1.1
User-Agent: selenium/4.1.4 (java windows)
Content-Length: 91
Content-Type: application/json; charset=utf-8
host: localhost:55698
accept: */*

Response DefaultHttpResponse(decodeResult: success, version: HTTP/1.1)
HTTP/1.1 200 OK
Content-Type: application/json; charset=utf-8
cache-control: no-cache
content-length: 88

20:27:30.121 [AsyncHttpClient-1-2] DEBUG org.asynchttpclient.netty.channel.ChannelManager - Adding key: http://localhost:55698 for channel [id: 0xe8a6519f, L:/127.0.0.1:50676 - R:localhost/127.0.0.1:55698]
20:27:30.130 [Forwarding isElementDisplayed on session c9a28cbe09009b4ebe64e7577be5c1aa to remote] DEBUG org.asynchttpclient.netty.request.NettyRequestSender - Using pooled Channel '[id: 0xe8a6519f, L:/127.0.0.1:50676 - R:localhost/127.0.0.1:55698]' for 'POST' to 'http://localhost:55698/session/c9a28cbe09009b4ebe64e7577be5c1aa/execute/sync'
20:27:30.130 [Forwarding isElementDisplayed on session c9a28cbe09009b4ebe64e7577be5c1aa to remote] DEBUG org.asynchttpclient.netty.request.NettyRequestSender - Using open Channel [id: 0xe8a6519f, L:/127.0.0.1:50676 - R:localhost/127.0.0.1:55698] for POST '/session/c9a28cbe09009b4ebe64e7577be5c1aa/execute/sync'
20:27:30.162 [AsyncHttpClient-1-2] DEBUG org.asynchttpclient.netty.handler.HttpHandler - 

Request DefaultHttpRequest(decodeResult: success, version: HTTP/1.1)
POST /session/c9a28cbe09009b4ebe64e7577be5c1aa/execute/sync HTTP/1.1
User-Agent: selenium/4.1.4 (java windows)
Content-Length: 48780
Content-Type: application/json; charset=utf-8
host: localhost:55698
accept: */*

Response DefaultHttpResponse(decodeResult: success, version: HTTP/1.1)
HTTP/1.1 200 OK
Content-Type: application/json; charset=utf-8
cache-control: no-cache
content-length: 14

20:27:30.162 [AsyncHttpClient-1-2] DEBUG org.asynchttpclient.netty.channel.ChannelManager - Adding key: http://localhost:55698 for channel [id: 0xe8a6519f, L:/127.0.0.1:50676 - R:localhost/127.0.0.1:55698]
]]></system-out>
  <system-err><![CDATA[]]></system-err>
</testsuite>
