<?xml version="1.0" encoding="UTF-8"?>
<testsuite name="com.e2e.LoginTest" tests="3" skipped="0" failures="0" errors="0" timestamp="2022-09-30T18:09:01" hostname="DESKTOP-R1EELAQ" time="20.941">
  <properties/>
  <testcase name="testLogin_Failed[0](Missing username, , passSord92389, A login and a password are required.)" classname="com.e2e.LoginTest" time="10.104"/>
  <testcase name="testLogin_Failed[1](Missing password, trainer@example.com, , This is a required field.)" classname="com.e2e.LoginTest" time="6.444"/>
  <testcase name="testLogin_Success" classname="com.e2e.LoginTest" time="4.378"/>
  <system-out><![CDATA[20:09:01.673 [Forwarding get on session 3c4f188c7a0fb5e2aed37bc83706a9a0 to remote] DEBUG org.asynchttpclient.netty.request.NettyRequestSender - Using pooled Channel '[id: 0x4326cdf8, L:/127.0.0.1:57502 - R:localhost/127.0.0.1:51376]' for 'POST' to 'http://localhost:51376/session/3c4f188c7a0fb5e2aed37bc83706a9a0/url'
20:09:01.675 [Forwarding get on session 3c4f188c7a0fb5e2aed37bc83706a9a0 to remote] DEBUG org.asynchttpclient.netty.request.NettyRequestSender - Using open Channel [id: 0x4326cdf8, L:/127.0.0.1:57502 - R:localhost/127.0.0.1:51376] for POST '/session/3c4f188c7a0fb5e2aed37bc83706a9a0/url'
20:09:02.542 [AsyncHttpClient-1-1] DEBUG org.asynchttpclient.netty.channel.DefaultChannelPool - Entry count for : http://localhost:57503 : 1
20:09:03.632 [AsyncHttpClient-1-1] DEBUG org.asynchttpclient.netty.channel.DefaultChannelPool - Entry count for : http://localhost:57503 : 1
20:09:04.727 [AsyncHttpClient-1-1] DEBUG org.asynchttpclient.netty.channel.DefaultChannelPool - Entry count for : http://localhost:57503 : 1
20:09:04.784 [AsyncHttpClient-1-2] DEBUG org.asynchttpclient.netty.handler.HttpHandler - 

Request DefaultHttpRequest(decodeResult: success, version: HTTP/1.1)
POST /session/3c4f188c7a0fb5e2aed37bc83706a9a0/url HTTP/1.1
User-Agent: selenium/4.1.4 (java windows)
Content-Length: 218
Content-Type: application/json; charset=utf-8
host: localhost:51376
accept: */*

Response DefaultHttpResponse(decodeResult: success, version: HTTP/1.1)
HTTP/1.1 200 OK
Content-Type: application/json; charset=utf-8
cache-control: no-cache
content-length: 14

20:09:04.785 [AsyncHttpClient-1-2] DEBUG org.asynchttpclient.netty.channel.ChannelManager - Adding key: http://localhost:51376 for channel [id: 0x4326cdf8, L:/127.0.0.1:57502 - R:localhost/127.0.0.1:51376]
20:09:04.793 [Forwarding findElement on session 3c4f188c7a0fb5e2aed37bc83706a9a0 to remote] DEBUG org.asynchttpclient.netty.request.NettyRequestSender - Using pooled Channel '[id: 0x4326cdf8, L:/127.0.0.1:57502 - R:localhost/127.0.0.1:51376]' for 'POST' to 'http://localhost:51376/session/3c4f188c7a0fb5e2aed37bc83706a9a0/element'
20:09:04.794 [Forwarding findElement on session 3c4f188c7a0fb5e2aed37bc83706a9a0 to remote] DEBUG org.asynchttpclient.netty.request.NettyRequestSender - Using open Channel [id: 0x4326cdf8, L:/127.0.0.1:57502 - R:localhost/127.0.0.1:51376] for POST '/session/3c4f188c7a0fb5e2aed37bc83706a9a0/element'
20:09:04.813 [AsyncHttpClient-1-2] DEBUG org.asynchttpclient.netty.handler.HttpHandler - 

Request DefaultHttpRequest(decodeResult: success, version: HTTP/1.1)
POST /session/3c4f188c7a0fb5e2aed37bc83706a9a0/element HTTP/1.1
User-Agent: selenium/4.1.4 (java windows)
Content-Length: 50
Content-Type: application/json; charset=utf-8
host: localhost:51376
accept: */*

Response DefaultHttpResponse(decodeResult: success, version: HTTP/1.1)
HTTP/1.1 200 OK
Content-Type: application/json; charset=utf-8
cache-control: no-cache
content-length: 88

20:09:04.814 [AsyncHttpClient-1-2] DEBUG org.asynchttpclient.netty.channel.ChannelManager - Adding key: http://localhost:51376 for channel [id: 0x4326cdf8, L:/127.0.0.1:57502 - R:localhost/127.0.0.1:51376]
20:09:04.826 [Forwarding sendKeysToElement on session 3c4f188c7a0fb5e2aed37bc83706a9a0 to remote] DEBUG org.asynchttpclient.netty.request.NettyRequestSender - Using pooled Channel '[id: 0x4326cdf8, L:/127.0.0.1:57502 - R:localhost/127.0.0.1:51376]' for 'POST' to 'http://localhost:51376/session/3c4f188c7a0fb5e2aed37bc83706a9a0/element/8fabd2bc-b765-48f9-8b30-bb838966dfab/value'
20:09:04.826 [Forwarding sendKeysToElement on session 3c4f188c7a0fb5e2aed37bc83706a9a0 to remote] DEBUG org.asynchttpclient.netty.request.NettyRequestSender - Using open Channel [id: 0x4326cdf8, L:/127.0.0.1:57502 - R:localhost/127.0.0.1:51376] for POST '/session/3c4f188c7a0fb5e2aed37bc83706a9a0/element/8fabd2bc-b765-48f9-8b30-bb838966dfab/value'
20:09:04.891 [AsyncHttpClient-1-2] DEBUG org.asynchttpclient.netty.handler.HttpHandler - 

Request DefaultHttpRequest(decodeResult: success, version: HTTP/1.1)
POST /session/3c4f188c7a0fb5e2aed37bc83706a9a0/element/8fabd2bc-b765-48f9-8b30-bb838966dfab/value HTTP/1.1
User-Agent: selenium/4.1.4 (java windows)
Content-Length: 82
Content-Type: application/json; charset=utf-8
host: localhost:51376
accept: */*

Response DefaultHttpResponse(decodeResult: success, version: HTTP/1.1)
HTTP/1.1 200 OK
Content-Type: application/json; charset=utf-8
cache-control: no-cache
content-length: 14

20:09:04.892 [AsyncHttpClient-1-2] DEBUG org.asynchttpclient.netty.channel.ChannelManager - Adding key: http://localhost:51376 for channel [id: 0x4326cdf8, L:/127.0.0.1:57502 - R:localhost/127.0.0.1:51376]
20:09:04.898 [Forwarding findElement on session 3c4f188c7a0fb5e2aed37bc83706a9a0 to remote] DEBUG org.asynchttpclient.netty.request.NettyRequestSender - Using pooled Channel '[id: 0x4326cdf8, L:/127.0.0.1:57502 - R:localhost/127.0.0.1:51376]' for 'POST' to 'http://localhost:51376/session/3c4f188c7a0fb5e2aed37bc83706a9a0/element'
20:09:04.898 [Forwarding findElement on session 3c4f188c7a0fb5e2aed37bc83706a9a0 to remote] DEBUG org.asynchttpclient.netty.request.NettyRequestSender - Using open Channel [id: 0x4326cdf8, L:/127.0.0.1:57502 - R:localhost/127.0.0.1:51376] for POST '/session/3c4f188c7a0fb5e2aed37bc83706a9a0/element'
20:09:04.919 [AsyncHttpClient-1-2] DEBUG org.asynchttpclient.netty.handler.HttpHandler - 

Request DefaultHttpRequest(decodeResult: success, version: HTTP/1.1)
POST /session/3c4f188c7a0fb5e2aed37bc83706a9a0/element HTTP/1.1
User-Agent: selenium/4.1.4 (java windows)
Content-Length: 49
Content-Type: application/json; charset=utf-8
host: localhost:51376
accept: */*

Response DefaultHttpResponse(decodeResult: success, version: HTTP/1.1)
HTTP/1.1 200 OK
Content-Type: application/json; charset=utf-8
cache-control: no-cache
content-length: 88

20:09:04.920 [AsyncHttpClient-1-2] DEBUG org.asynchttpclient.netty.channel.ChannelManager - Adding key: http://localhost:51376 for channel [id: 0x4326cdf8, L:/127.0.0.1:57502 - R:localhost/127.0.0.1:51376]
20:09:04.925 [Forwarding sendKeysToElement on session 3c4f188c7a0fb5e2aed37bc83706a9a0 to remote] DEBUG org.asynchttpclient.netty.request.NettyRequestSender - Using pooled Channel '[id: 0x4326cdf8, L:/127.0.0.1:57502 - R:localhost/127.0.0.1:51376]' for 'POST' to 'http://localhost:51376/session/3c4f188c7a0fb5e2aed37bc83706a9a0/element/b82b4c28-d26e-4176-9639-582671427d84/value'
20:09:04.925 [Forwarding sendKeysToElement on session 3c4f188c7a0fb5e2aed37bc83706a9a0 to remote] DEBUG org.asynchttpclient.netty.request.NettyRequestSender - Using open Channel [id: 0x4326cdf8, L:/127.0.0.1:57502 - R:localhost/127.0.0.1:51376] for POST '/session/3c4f188c7a0fb5e2aed37bc83706a9a0/element/b82b4c28-d26e-4176-9639-582671427d84/value'
20:09:05.014 [AsyncHttpClient-1-2] DEBUG org.asynchttpclient.netty.handler.HttpHandler - 

Request DefaultHttpRequest(decodeResult: success, version: HTTP/1.1)
POST /session/3c4f188c7a0fb5e2aed37bc83706a9a0/element/b82b4c28-d26e-4176-9639-582671427d84/value HTTP/1.1
User-Agent: selenium/4.1.4 (java windows)
Content-Length: 211
Content-Type: application/json; charset=utf-8
host: localhost:51376
accept: */*

Response DefaultHttpResponse(decodeResult: success, version: HTTP/1.1)
HTTP/1.1 200 OK
Content-Type: application/json; charset=utf-8
cache-control: no-cache
content-length: 14

20:09:05.015 [AsyncHttpClient-1-2] DEBUG org.asynchttpclient.netty.channel.ChannelManager - Adding key: http://localhost:51376 for channel [id: 0x4326cdf8, L:/127.0.0.1:57502 - R:localhost/127.0.0.1:51376]
20:09:05.019 [Forwarding findElement on session 3c4f188c7a0fb5e2aed37bc83706a9a0 to remote] DEBUG org.asynchttpclient.netty.request.NettyRequestSender - Using pooled Channel '[id: 0x4326cdf8, L:/127.0.0.1:57502 - R:localhost/127.0.0.1:51376]' for 'POST' to 'http://localhost:51376/session/3c4f188c7a0fb5e2aed37bc83706a9a0/element'
20:09:05.019 [Forwarding findElement on session 3c4f188c7a0fb5e2aed37bc83706a9a0 to remote] DEBUG org.asynchttpclient.netty.request.NettyRequestSender - Using open Channel [id: 0x4326cdf8, L:/127.0.0.1:57502 - R:localhost/127.0.0.1:51376] for POST '/session/3c4f188c7a0fb5e2aed37bc83706a9a0/element'
20:09:05.037 [AsyncHttpClient-1-2] DEBUG org.asynchttpclient.netty.handler.HttpHandler - 

Request DefaultHttpRequest(decodeResult: success, version: HTTP/1.1)
POST /session/3c4f188c7a0fb5e2aed37bc83706a9a0/element HTTP/1.1
User-Agent: selenium/4.1.4 (java windows)
Content-Length: 96
Content-Type: application/json; charset=utf-8
host: localhost:51376
accept: */*

Response DefaultHttpResponse(decodeResult: success, version: HTTP/1.1)
HTTP/1.1 200 OK
Content-Type: application/json; charset=utf-8
cache-control: no-cache
content-length: 88

20:09:05.038 [AsyncHttpClient-1-2] DEBUG org.asynchttpclient.netty.channel.ChannelManager - Adding key: http://localhost:51376 for channel [id: 0x4326cdf8, L:/127.0.0.1:57502 - R:localhost/127.0.0.1:51376]
20:09:05.044 [Forwarding clickElement on session 3c4f188c7a0fb5e2aed37bc83706a9a0 to remote] DEBUG org.asynchttpclient.netty.request.NettyRequestSender - Using pooled Channel '[id: 0x4326cdf8, L:/127.0.0.1:57502 - R:localhost/127.0.0.1:51376]' for 'POST' to 'http://localhost:51376/session/3c4f188c7a0fb5e2aed37bc83706a9a0/element/62e053f9-8ce4-4a5c-9f87-9c1498c08bc1/click'
20:09:05.045 [Forwarding clickElement on session 3c4f188c7a0fb5e2aed37bc83706a9a0 to remote] DEBUG org.asynchttpclient.netty.request.NettyRequestSender - Using open Channel [id: 0x4326cdf8, L:/127.0.0.1:57502 - R:localhost/127.0.0.1:51376] for POST '/session/3c4f188c7a0fb5e2aed37bc83706a9a0/element/62e053f9-8ce4-4a5c-9f87-9c1498c08bc1/click'
20:09:05.829 [AsyncHttpClient-1-1] DEBUG org.asynchttpclient.netty.channel.DefaultChannelPool - Entry count for : http://localhost:57503 : 1
20:09:06.615 [AsyncHttpClient-1-2] DEBUG org.asynchttpclient.netty.handler.HttpHandler - 

Request DefaultHttpRequest(decodeResult: success, version: HTTP/1.1)
POST /session/3c4f188c7a0fb5e2aed37bc83706a9a0/element/62e053f9-8ce4-4a5c-9f87-9c1498c08bc1/click HTTP/1.1
User-Agent: selenium/4.1.4 (java windows)
Content-Length: 50
Content-Type: application/json; charset=utf-8
host: localhost:51376
accept: */*

Response DefaultHttpResponse(decodeResult: success, version: HTTP/1.1)
HTTP/1.1 200 OK
Content-Type: application/json; charset=utf-8
cache-control: no-cache
content-length: 14

20:09:06.617 [AsyncHttpClient-1-2] DEBUG org.asynchttpclient.netty.channel.ChannelManager - Adding key: http://localhost:51376 for channel [id: 0x4326cdf8, L:/127.0.0.1:57502 - R:localhost/127.0.0.1:51376]
20:09:06.929 [AsyncHttpClient-1-1] DEBUG org.asynchttpclient.netty.channel.DefaultChannelPool - Entry count for : http://localhost:51376 : 1
20:09:06.930 [AsyncHttpClient-1-1] DEBUG org.asynchttpclient.netty.channel.DefaultChannelPool - Entry count for : http://localhost:57503 : 1
20:09:08.027 [AsyncHttpClient-1-1] DEBUG org.asynchttpclient.netty.channel.DefaultChannelPool - Entry count for : http://localhost:51376 : 1
20:09:08.027 [AsyncHttpClient-1-1] DEBUG org.asynchttpclient.netty.channel.DefaultChannelPool - Entry count for : http://localhost:57503 : 1
20:09:09.131 [AsyncHttpClient-1-1] DEBUG org.asynchttpclient.netty.channel.DefaultChannelPool - Entry count for : http://localhost:51376 : 1
20:09:09.131 [AsyncHttpClient-1-1] DEBUG org.asynchttpclient.netty.channel.DefaultChannelPool - Entry count for : http://localhost:57503 : 1
20:09:10.231 [AsyncHttpClient-1-1] DEBUG org.asynchttpclient.netty.channel.DefaultChannelPool - Entry count for : http://localhost:51376 : 1
20:09:10.231 [AsyncHttpClient-1-1] DEBUG org.asynchttpclient.netty.channel.DefaultChannelPool - Entry count for : http://localhost:57503 : 1
20:09:11.328 [AsyncHttpClient-1-1] DEBUG org.asynchttpclient.netty.channel.DefaultChannelPool - Entry count for : http://localhost:51376 : 1
20:09:11.328 [AsyncHttpClient-1-1] DEBUG org.asynchttpclient.netty.channel.DefaultChannelPool - Entry count for : http://localhost:57503 : 1
20:09:11.622 [Forwarding findElement on session 3c4f188c7a0fb5e2aed37bc83706a9a0 to remote] DEBUG org.asynchttpclient.netty.request.NettyRequestSender - Using pooled Channel '[id: 0x4326cdf8, L:/127.0.0.1:57502 - R:localhost/127.0.0.1:51376]' for 'POST' to 'http://localhost:51376/session/3c4f188c7a0fb5e2aed37bc83706a9a0/element'
20:09:11.624 [Forwarding findElement on session 3c4f188c7a0fb5e2aed37bc83706a9a0 to remote] DEBUG org.asynchttpclient.netty.request.NettyRequestSender - Using open Channel [id: 0x4326cdf8, L:/127.0.0.1:57502 - R:localhost/127.0.0.1:51376] for POST '/session/3c4f188c7a0fb5e2aed37bc83706a9a0/element'
20:09:11.648 [AsyncHttpClient-1-2] DEBUG org.asynchttpclient.netty.handler.HttpHandler - 

Request DefaultHttpRequest(decodeResult: success, version: HTTP/1.1)
POST /session/3c4f188c7a0fb5e2aed37bc83706a9a0/element HTTP/1.1
User-Agent: selenium/4.1.4 (java windows)
Content-Length: 109
Content-Type: application/json; charset=utf-8
host: localhost:51376
accept: */*

Response DefaultHttpResponse(decodeResult: success, version: HTTP/1.1)
HTTP/1.1 200 OK
Content-Type: application/json; charset=utf-8
cache-control: no-cache
content-length: 88

20:09:11.648 [AsyncHttpClient-1-2] DEBUG org.asynchttpclient.netty.channel.ChannelManager - Adding key: http://localhost:51376 for channel [id: 0x4326cdf8, L:/127.0.0.1:57502 - R:localhost/127.0.0.1:51376]
20:09:11.679 [Forwarding isElementDisplayed on session 3c4f188c7a0fb5e2aed37bc83706a9a0 to remote] DEBUG org.asynchttpclient.netty.request.NettyRequestSender - Using pooled Channel '[id: 0x4326cdf8, L:/127.0.0.1:57502 - R:localhost/127.0.0.1:51376]' for 'POST' to 'http://localhost:51376/session/3c4f188c7a0fb5e2aed37bc83706a9a0/execute/sync'
20:09:11.680 [Forwarding isElementDisplayed on session 3c4f188c7a0fb5e2aed37bc83706a9a0 to remote] DEBUG org.asynchttpclient.netty.request.NettyRequestSender - Using open Channel [id: 0x4326cdf8, L:/127.0.0.1:57502 - R:localhost/127.0.0.1:51376] for POST '/session/3c4f188c7a0fb5e2aed37bc83706a9a0/execute/sync'
20:09:11.707 [AsyncHttpClient-1-2] DEBUG org.asynchttpclient.netty.handler.HttpHandler - 

Request DefaultHttpRequest(decodeResult: success, version: HTTP/1.1)
POST /session/3c4f188c7a0fb5e2aed37bc83706a9a0/execute/sync HTTP/1.1
User-Agent: selenium/4.1.4 (java windows)
Content-Length: 48780
Content-Type: application/json; charset=utf-8
host: localhost:51376
accept: */*

Response DefaultHttpResponse(decodeResult: success, version: HTTP/1.1)
HTTP/1.1 200 OK
Content-Type: application/json; charset=utf-8
cache-control: no-cache
content-length: 14

20:09:11.708 [AsyncHttpClient-1-2] DEBUG org.asynchttpclient.netty.channel.ChannelManager - Adding key: http://localhost:51376 for channel [id: 0x4326cdf8, L:/127.0.0.1:57502 - R:localhost/127.0.0.1:51376]
20:09:11.724 [Forwarding get on session 3c4f188c7a0fb5e2aed37bc83706a9a0 to remote] DEBUG org.asynchttpclient.netty.request.NettyRequestSender - Using pooled Channel '[id: 0x4326cdf8, L:/127.0.0.1:57502 - R:localhost/127.0.0.1:51376]' for 'POST' to 'http://localhost:51376/session/3c4f188c7a0fb5e2aed37bc83706a9a0/url'
20:09:11.724 [Forwarding get on session 3c4f188c7a0fb5e2aed37bc83706a9a0 to remote] DEBUG org.asynchttpclient.netty.request.NettyRequestSender - Using open Channel [id: 0x4326cdf8, L:/127.0.0.1:57502 - R:localhost/127.0.0.1:51376] for POST '/session/3c4f188c7a0fb5e2aed37bc83706a9a0/url'
20:09:12.435 [AsyncHttpClient-1-1] DEBUG org.asynchttpclient.netty.channel.DefaultChannelPool - Entry count for : http://localhost:57503 : 1
20:09:12.673 [AsyncHttpClient-1-2] DEBUG org.asynchttpclient.netty.handler.HttpHandler - 

Request DefaultHttpRequest(decodeResult: success, version: HTTP/1.1)
POST /session/3c4f188c7a0fb5e2aed37bc83706a9a0/url HTTP/1.1
User-Agent: selenium/4.1.4 (java windows)
Content-Length: 218
Content-Type: application/json; charset=utf-8
host: localhost:51376
accept: */*

Response DefaultHttpResponse(decodeResult: success, version: HTTP/1.1)
HTTP/1.1 200 OK
Content-Type: application/json; charset=utf-8
cache-control: no-cache
content-length: 14

20:09:12.673 [AsyncHttpClient-1-2] DEBUG org.asynchttpclient.netty.channel.ChannelManager - Adding key: http://localhost:51376 for channel [id: 0x4326cdf8, L:/127.0.0.1:57502 - R:localhost/127.0.0.1:51376]
20:09:12.679 [Forwarding findElement on session 3c4f188c7a0fb5e2aed37bc83706a9a0 to remote] DEBUG org.asynchttpclient.netty.request.NettyRequestSender - Using pooled Channel '[id: 0x4326cdf8, L:/127.0.0.1:57502 - R:localhost/127.0.0.1:51376]' for 'POST' to 'http://localhost:51376/session/3c4f188c7a0fb5e2aed37bc83706a9a0/element'
20:09:12.679 [Forwarding findElement on session 3c4f188c7a0fb5e2aed37bc83706a9a0 to remote] DEBUG org.asynchttpclient.netty.request.NettyRequestSender - Using open Channel [id: 0x4326cdf8, L:/127.0.0.1:57502 - R:localhost/127.0.0.1:51376] for POST '/session/3c4f188c7a0fb5e2aed37bc83706a9a0/element'
20:09:12.728 [AsyncHttpClient-1-2] DEBUG org.asynchttpclient.netty.handler.HttpHandler - 

Request DefaultHttpRequest(decodeResult: success, version: HTTP/1.1)
POST /session/3c4f188c7a0fb5e2aed37bc83706a9a0/element HTTP/1.1
User-Agent: selenium/4.1.4 (java windows)
Content-Length: 50
Content-Type: application/json; charset=utf-8
host: localhost:51376
accept: */*

Response DefaultHttpResponse(decodeResult: success, version: HTTP/1.1)
HTTP/1.1 200 OK
Content-Type: application/json; charset=utf-8
cache-control: no-cache
content-length: 88

20:09:12.730 [AsyncHttpClient-1-2] DEBUG org.asynchttpclient.netty.channel.ChannelManager - Adding key: http://localhost:51376 for channel [id: 0x4326cdf8, L:/127.0.0.1:57502 - R:localhost/127.0.0.1:51376]
20:09:12.735 [Forwarding sendKeysToElement on session 3c4f188c7a0fb5e2aed37bc83706a9a0 to remote] DEBUG org.asynchttpclient.netty.request.NettyRequestSender - Using pooled Channel '[id: 0x4326cdf8, L:/127.0.0.1:57502 - R:localhost/127.0.0.1:51376]' for 'POST' to 'http://localhost:51376/session/3c4f188c7a0fb5e2aed37bc83706a9a0/element/ea28697c-d023-4c80-b513-5234eb6ce4d1/value'
20:09:12.735 [Forwarding sendKeysToElement on session 3c4f188c7a0fb5e2aed37bc83706a9a0 to remote] DEBUG org.asynchttpclient.netty.request.NettyRequestSender - Using open Channel [id: 0x4326cdf8, L:/127.0.0.1:57502 - R:localhost/127.0.0.1:51376] for POST '/session/3c4f188c7a0fb5e2aed37bc83706a9a0/element/ea28697c-d023-4c80-b513-5234eb6ce4d1/value'
20:09:12.881 [AsyncHttpClient-1-2] DEBUG org.asynchttpclient.netty.handler.HttpHandler - 

Request DefaultHttpRequest(decodeResult: success, version: HTTP/1.1)
POST /session/3c4f188c7a0fb5e2aed37bc83706a9a0/element/ea28697c-d023-4c80-b513-5234eb6ce4d1/value HTTP/1.1
User-Agent: selenium/4.1.4 (java windows)
Content-Length: 271
Content-Type: application/json; charset=utf-8
host: localhost:51376
accept: */*

Response DefaultHttpResponse(decodeResult: success, version: HTTP/1.1)
HTTP/1.1 200 OK
Content-Type: application/json; charset=utf-8
cache-control: no-cache
content-length: 14

20:09:12.881 [AsyncHttpClient-1-2] DEBUG org.asynchttpclient.netty.channel.ChannelManager - Adding key: http://localhost:51376 for channel [id: 0x4326cdf8, L:/127.0.0.1:57502 - R:localhost/127.0.0.1:51376]
20:09:12.885 [Forwarding findElement on session 3c4f188c7a0fb5e2aed37bc83706a9a0 to remote] DEBUG org.asynchttpclient.netty.request.NettyRequestSender - Using pooled Channel '[id: 0x4326cdf8, L:/127.0.0.1:57502 - R:localhost/127.0.0.1:51376]' for 'POST' to 'http://localhost:51376/session/3c4f188c7a0fb5e2aed37bc83706a9a0/element'
20:09:12.886 [Forwarding findElement on session 3c4f188c7a0fb5e2aed37bc83706a9a0 to remote] DEBUG org.asynchttpclient.netty.request.NettyRequestSender - Using open Channel [id: 0x4326cdf8, L:/127.0.0.1:57502 - R:localhost/127.0.0.1:51376] for POST '/session/3c4f188c7a0fb5e2aed37bc83706a9a0/element'
20:09:12.902 [AsyncHttpClient-1-2] DEBUG org.asynchttpclient.netty.handler.HttpHandler - 

Request DefaultHttpRequest(decodeResult: success, version: HTTP/1.1)
POST /session/3c4f188c7a0fb5e2aed37bc83706a9a0/element HTTP/1.1
User-Agent: selenium/4.1.4 (java windows)
Content-Length: 49
Content-Type: application/json; charset=utf-8
host: localhost:51376
accept: */*

Response DefaultHttpResponse(decodeResult: success, version: HTTP/1.1)
HTTP/1.1 200 OK
Content-Type: application/json; charset=utf-8
cache-control: no-cache
content-length: 88

20:09:12.904 [AsyncHttpClient-1-2] DEBUG org.asynchttpclient.netty.channel.ChannelManager - Adding key: http://localhost:51376 for channel [id: 0x4326cdf8, L:/127.0.0.1:57502 - R:localhost/127.0.0.1:51376]
20:09:12.908 [Forwarding sendKeysToElement on session 3c4f188c7a0fb5e2aed37bc83706a9a0 to remote] DEBUG org.asynchttpclient.netty.request.NettyRequestSender - Using pooled Channel '[id: 0x4326cdf8, L:/127.0.0.1:57502 - R:localhost/127.0.0.1:51376]' for 'POST' to 'http://localhost:51376/session/3c4f188c7a0fb5e2aed37bc83706a9a0/element/71e7d354-117d-4958-a78a-408681054a03/value'
20:09:12.908 [Forwarding sendKeysToElement on session 3c4f188c7a0fb5e2aed37bc83706a9a0 to remote] DEBUG org.asynchttpclient.netty.request.NettyRequestSender - Using open Channel [id: 0x4326cdf8, L:/127.0.0.1:57502 - R:localhost/127.0.0.1:51376] for POST '/session/3c4f188c7a0fb5e2aed37bc83706a9a0/element/71e7d354-117d-4958-a78a-408681054a03/value'
20:09:12.971 [AsyncHttpClient-1-2] DEBUG org.asynchttpclient.netty.handler.HttpHandler - 

Request DefaultHttpRequest(decodeResult: success, version: HTTP/1.1)
POST /session/3c4f188c7a0fb5e2aed37bc83706a9a0/element/71e7d354-117d-4958-a78a-408681054a03/value HTTP/1.1
User-Agent: selenium/4.1.4 (java windows)
Content-Length: 82
Content-Type: application/json; charset=utf-8
host: localhost:51376
accept: */*

Response DefaultHttpResponse(decodeResult: success, version: HTTP/1.1)
HTTP/1.1 200 OK
Content-Type: application/json; charset=utf-8
cache-control: no-cache
content-length: 14

20:09:12.972 [AsyncHttpClient-1-2] DEBUG org.asynchttpclient.netty.channel.ChannelManager - Adding key: http://localhost:51376 for channel [id: 0x4326cdf8, L:/127.0.0.1:57502 - R:localhost/127.0.0.1:51376]
20:09:12.977 [Forwarding findElement on session 3c4f188c7a0fb5e2aed37bc83706a9a0 to remote] DEBUG org.asynchttpclient.netty.request.NettyRequestSender - Using pooled Channel '[id: 0x4326cdf8, L:/127.0.0.1:57502 - R:localhost/127.0.0.1:51376]' for 'POST' to 'http://localhost:51376/session/3c4f188c7a0fb5e2aed37bc83706a9a0/element'
20:09:12.977 [Forwarding findElement on session 3c4f188c7a0fb5e2aed37bc83706a9a0 to remote] DEBUG org.asynchttpclient.netty.request.NettyRequestSender - Using open Channel [id: 0x4326cdf8, L:/127.0.0.1:57502 - R:localhost/127.0.0.1:51376] for POST '/session/3c4f188c7a0fb5e2aed37bc83706a9a0/element'
20:09:12.989 [AsyncHttpClient-1-2] DEBUG org.asynchttpclient.netty.handler.HttpHandler - 

Request DefaultHttpRequest(decodeResult: success, version: HTTP/1.1)
POST /session/3c4f188c7a0fb5e2aed37bc83706a9a0/element HTTP/1.1
User-Agent: selenium/4.1.4 (java windows)
Content-Length: 96
Content-Type: application/json; charset=utf-8
host: localhost:51376
accept: */*

Response DefaultHttpResponse(decodeResult: success, version: HTTP/1.1)
HTTP/1.1 200 OK
Content-Type: application/json; charset=utf-8
cache-control: no-cache
content-length: 88

20:09:12.989 [AsyncHttpClient-1-2] DEBUG org.asynchttpclient.netty.channel.ChannelManager - Adding key: http://localhost:51376 for channel [id: 0x4326cdf8, L:/127.0.0.1:57502 - R:localhost/127.0.0.1:51376]
20:09:12.993 [Forwarding clickElement on session 3c4f188c7a0fb5e2aed37bc83706a9a0 to remote] DEBUG org.asynchttpclient.netty.request.NettyRequestSender - Using pooled Channel '[id: 0x4326cdf8, L:/127.0.0.1:57502 - R:localhost/127.0.0.1:51376]' for 'POST' to 'http://localhost:51376/session/3c4f188c7a0fb5e2aed37bc83706a9a0/element/b1677ae6-2d06-45c4-be53-b042dbf9821d/click'
20:09:12.993 [Forwarding clickElement on session 3c4f188c7a0fb5e2aed37bc83706a9a0 to remote] DEBUG org.asynchttpclient.netty.request.NettyRequestSender - Using open Channel [id: 0x4326cdf8, L:/127.0.0.1:57502 - R:localhost/127.0.0.1:51376] for POST '/session/3c4f188c7a0fb5e2aed37bc83706a9a0/element/b1677ae6-2d06-45c4-be53-b042dbf9821d/click'
20:09:13.093 [AsyncHttpClient-1-2] DEBUG org.asynchttpclient.netty.handler.HttpHandler - 

Request DefaultHttpRequest(decodeResult: success, version: HTTP/1.1)
POST /session/3c4f188c7a0fb5e2aed37bc83706a9a0/element/b1677ae6-2d06-45c4-be53-b042dbf9821d/click HTTP/1.1
User-Agent: selenium/4.1.4 (java windows)
Content-Length: 50
Content-Type: application/json; charset=utf-8
host: localhost:51376
accept: */*

Response DefaultHttpResponse(decodeResult: success, version: HTTP/1.1)
HTTP/1.1 200 OK
Content-Type: application/json; charset=utf-8
cache-control: no-cache
content-length: 14

20:09:13.094 [AsyncHttpClient-1-2] DEBUG org.asynchttpclient.netty.channel.ChannelManager - Adding key: http://localhost:51376 for channel [id: 0x4326cdf8, L:/127.0.0.1:57502 - R:localhost/127.0.0.1:51376]
20:09:13.527 [AsyncHttpClient-1-1] DEBUG org.asynchttpclient.netty.channel.DefaultChannelPool - Entry count for : http://localhost:51376 : 1
20:09:13.528 [AsyncHttpClient-1-1] DEBUG org.asynchttpclient.netty.channel.DefaultChannelPool - Entry count for : http://localhost:57503 : 1
20:09:14.628 [AsyncHttpClient-1-1] DEBUG org.asynchttpclient.netty.channel.DefaultChannelPool - Entry count for : http://localhost:51376 : 1
20:09:14.628 [AsyncHttpClient-1-1] DEBUG org.asynchttpclient.netty.channel.DefaultChannelPool - Entry count for : http://localhost:57503 : 1
20:09:15.727 [AsyncHttpClient-1-1] DEBUG org.asynchttpclient.netty.channel.DefaultChannelPool - Entry count for : http://localhost:51376 : 1
20:09:15.727 [AsyncHttpClient-1-1] DEBUG org.asynchttpclient.netty.channel.DefaultChannelPool - Entry count for : http://localhost:57503 : 1
20:09:16.832 [AsyncHttpClient-1-1] DEBUG org.asynchttpclient.netty.channel.DefaultChannelPool - Entry count for : http://localhost:51376 : 1
20:09:16.832 [AsyncHttpClient-1-1] DEBUG org.asynchttpclient.netty.channel.DefaultChannelPool - Entry count for : http://localhost:57503 : 1
20:09:17.931 [AsyncHttpClient-1-1] DEBUG org.asynchttpclient.netty.channel.DefaultChannelPool - Entry count for : http://localhost:51376 : 1
20:09:17.932 [AsyncHttpClient-1-1] DEBUG org.asynchttpclient.netty.channel.DefaultChannelPool - Entry count for : http://localhost:57503 : 1
20:09:18.106 [Forwarding findElement on session 3c4f188c7a0fb5e2aed37bc83706a9a0 to remote] DEBUG org.asynchttpclient.netty.request.NettyRequestSender - Using pooled Channel '[id: 0x4326cdf8, L:/127.0.0.1:57502 - R:localhost/127.0.0.1:51376]' for 'POST' to 'http://localhost:51376/session/3c4f188c7a0fb5e2aed37bc83706a9a0/element'
20:09:18.106 [Forwarding findElement on session 3c4f188c7a0fb5e2aed37bc83706a9a0 to remote] DEBUG org.asynchttpclient.netty.request.NettyRequestSender - Using open Channel [id: 0x4326cdf8, L:/127.0.0.1:57502 - R:localhost/127.0.0.1:51376] for POST '/session/3c4f188c7a0fb5e2aed37bc83706a9a0/element'
20:09:18.123 [AsyncHttpClient-1-2] DEBUG org.asynchttpclient.netty.handler.HttpHandler - 

Request DefaultHttpRequest(decodeResult: success, version: HTTP/1.1)
POST /session/3c4f188c7a0fb5e2aed37bc83706a9a0/element HTTP/1.1
User-Agent: selenium/4.1.4 (java windows)
Content-Length: 98
Content-Type: application/json; charset=utf-8
host: localhost:51376
accept: */*

Response DefaultHttpResponse(decodeResult: success, version: HTTP/1.1)
HTTP/1.1 200 OK
Content-Type: application/json; charset=utf-8
cache-control: no-cache
content-length: 88

20:09:18.124 [AsyncHttpClient-1-2] DEBUG org.asynchttpclient.netty.channel.ChannelManager - Adding key: http://localhost:51376 for channel [id: 0x4326cdf8, L:/127.0.0.1:57502 - R:localhost/127.0.0.1:51376]
20:09:18.136 [Forwarding isElementDisplayed on session 3c4f188c7a0fb5e2aed37bc83706a9a0 to remote] DEBUG org.asynchttpclient.netty.request.NettyRequestSender - Using pooled Channel '[id: 0x4326cdf8, L:/127.0.0.1:57502 - R:localhost/127.0.0.1:51376]' for 'POST' to 'http://localhost:51376/session/3c4f188c7a0fb5e2aed37bc83706a9a0/execute/sync'
20:09:18.137 [Forwarding isElementDisplayed on session 3c4f188c7a0fb5e2aed37bc83706a9a0 to remote] DEBUG org.asynchttpclient.netty.request.NettyRequestSender - Using open Channel [id: 0x4326cdf8, L:/127.0.0.1:57502 - R:localhost/127.0.0.1:51376] for POST '/session/3c4f188c7a0fb5e2aed37bc83706a9a0/execute/sync'
20:09:18.162 [AsyncHttpClient-1-2] DEBUG org.asynchttpclient.netty.handler.HttpHandler - 

Request DefaultHttpRequest(decodeResult: success, version: HTTP/1.1)
POST /session/3c4f188c7a0fb5e2aed37bc83706a9a0/execute/sync HTTP/1.1
User-Agent: selenium/4.1.4 (java windows)
Content-Length: 48780
Content-Type: application/json; charset=utf-8
host: localhost:51376
accept: */*

Response DefaultHttpResponse(decodeResult: success, version: HTTP/1.1)
HTTP/1.1 200 OK
Content-Type: application/json; charset=utf-8
cache-control: no-cache
content-length: 14

20:09:18.163 [AsyncHttpClient-1-2] DEBUG org.asynchttpclient.netty.channel.ChannelManager - Adding key: http://localhost:51376 for channel [id: 0x4326cdf8, L:/127.0.0.1:57502 - R:localhost/127.0.0.1:51376]
20:09:18.177 [Forwarding get on session 3c4f188c7a0fb5e2aed37bc83706a9a0 to remote] DEBUG org.asynchttpclient.netty.request.NettyRequestSender - Using pooled Channel '[id: 0x4326cdf8, L:/127.0.0.1:57502 - R:localhost/127.0.0.1:51376]' for 'POST' to 'http://localhost:51376/session/3c4f188c7a0fb5e2aed37bc83706a9a0/url'
20:09:18.177 [Forwarding get on session 3c4f188c7a0fb5e2aed37bc83706a9a0 to remote] DEBUG org.asynchttpclient.netty.request.NettyRequestSender - Using open Channel [id: 0x4326cdf8, L:/127.0.0.1:57502 - R:localhost/127.0.0.1:51376] for POST '/session/3c4f188c7a0fb5e2aed37bc83706a9a0/url'
20:09:19.027 [AsyncHttpClient-1-1] DEBUG org.asynchttpclient.netty.channel.DefaultChannelPool - Entry count for : http://localhost:57503 : 1
20:09:19.463 [AsyncHttpClient-1-2] DEBUG org.asynchttpclient.netty.handler.HttpHandler - 

Request DefaultHttpRequest(decodeResult: success, version: HTTP/1.1)
POST /session/3c4f188c7a0fb5e2aed37bc83706a9a0/url HTTP/1.1
User-Agent: selenium/4.1.4 (java windows)
Content-Length: 218
Content-Type: application/json; charset=utf-8
host: localhost:51376
accept: */*

Response DefaultHttpResponse(decodeResult: success, version: HTTP/1.1)
HTTP/1.1 200 OK
Content-Type: application/json; charset=utf-8
cache-control: no-cache
content-length: 14

20:09:19.464 [AsyncHttpClient-1-2] DEBUG org.asynchttpclient.netty.channel.ChannelManager - Adding key: http://localhost:51376 for channel [id: 0x4326cdf8, L:/127.0.0.1:57502 - R:localhost/127.0.0.1:51376]
20:09:19.468 [Forwarding findElement on session 3c4f188c7a0fb5e2aed37bc83706a9a0 to remote] DEBUG org.asynchttpclient.netty.request.NettyRequestSender - Using pooled Channel '[id: 0x4326cdf8, L:/127.0.0.1:57502 - R:localhost/127.0.0.1:51376]' for 'POST' to 'http://localhost:51376/session/3c4f188c7a0fb5e2aed37bc83706a9a0/element'
20:09:19.469 [Forwarding findElement on session 3c4f188c7a0fb5e2aed37bc83706a9a0 to remote] DEBUG org.asynchttpclient.netty.request.NettyRequestSender - Using open Channel [id: 0x4326cdf8, L:/127.0.0.1:57502 - R:localhost/127.0.0.1:51376] for POST '/session/3c4f188c7a0fb5e2aed37bc83706a9a0/element'
20:09:19.509 [AsyncHttpClient-1-2] DEBUG org.asynchttpclient.netty.handler.HttpHandler - 

Request DefaultHttpRequest(decodeResult: success, version: HTTP/1.1)
POST /session/3c4f188c7a0fb5e2aed37bc83706a9a0/element HTTP/1.1
User-Agent: selenium/4.1.4 (java windows)
Content-Length: 50
Content-Type: application/json; charset=utf-8
host: localhost:51376
accept: */*

Response DefaultHttpResponse(decodeResult: success, version: HTTP/1.1)
HTTP/1.1 200 OK
Content-Type: application/json; charset=utf-8
cache-control: no-cache
content-length: 88

20:09:19.510 [AsyncHttpClient-1-2] DEBUG org.asynchttpclient.netty.channel.ChannelManager - Adding key: http://localhost:51376 for channel [id: 0x4326cdf8, L:/127.0.0.1:57502 - R:localhost/127.0.0.1:51376]
20:09:19.515 [Forwarding sendKeysToElement on session 3c4f188c7a0fb5e2aed37bc83706a9a0 to remote] DEBUG org.asynchttpclient.netty.request.NettyRequestSender - Using pooled Channel '[id: 0x4326cdf8, L:/127.0.0.1:57502 - R:localhost/127.0.0.1:51376]' for 'POST' to 'http://localhost:51376/session/3c4f188c7a0fb5e2aed37bc83706a9a0/element/3c587286-65d2-46a1-af69-740628934df4/value'
20:09:19.515 [Forwarding sendKeysToElement on session 3c4f188c7a0fb5e2aed37bc83706a9a0 to remote] DEBUG org.asynchttpclient.netty.request.NettyRequestSender - Using open Channel [id: 0x4326cdf8, L:/127.0.0.1:57502 - R:localhost/127.0.0.1:51376] for POST '/session/3c4f188c7a0fb5e2aed37bc83706a9a0/element/3c587286-65d2-46a1-af69-740628934df4/value'
20:09:19.725 [AsyncHttpClient-1-2] DEBUG org.asynchttpclient.netty.handler.HttpHandler - 

Request DefaultHttpRequest(decodeResult: success, version: HTTP/1.1)
POST /session/3c4f188c7a0fb5e2aed37bc83706a9a0/element/3c587286-65d2-46a1-af69-740628934df4/value HTTP/1.1
User-Agent: selenium/4.1.4 (java windows)
Content-Length: 251
Content-Type: application/json; charset=utf-8
host: localhost:51376
accept: */*

Response DefaultHttpResponse(decodeResult: success, version: HTTP/1.1)
HTTP/1.1 200 OK
Content-Type: application/json; charset=utf-8
cache-control: no-cache
content-length: 14

20:09:19.726 [AsyncHttpClient-1-2] DEBUG org.asynchttpclient.netty.channel.ChannelManager - Adding key: http://localhost:51376 for channel [id: 0x4326cdf8, L:/127.0.0.1:57502 - R:localhost/127.0.0.1:51376]
20:09:19.732 [Forwarding findElement on session 3c4f188c7a0fb5e2aed37bc83706a9a0 to remote] DEBUG org.asynchttpclient.netty.request.NettyRequestSender - Using pooled Channel '[id: 0x4326cdf8, L:/127.0.0.1:57502 - R:localhost/127.0.0.1:51376]' for 'POST' to 'http://localhost:51376/session/3c4f188c7a0fb5e2aed37bc83706a9a0/element'
20:09:19.733 [Forwarding findElement on session 3c4f188c7a0fb5e2aed37bc83706a9a0 to remote] DEBUG org.asynchttpclient.netty.request.NettyRequestSender - Using open Channel [id: 0x4326cdf8, L:/127.0.0.1:57502 - R:localhost/127.0.0.1:51376] for POST '/session/3c4f188c7a0fb5e2aed37bc83706a9a0/element'
20:09:19.762 [AsyncHttpClient-1-2] DEBUG org.asynchttpclient.netty.handler.HttpHandler - 

Request DefaultHttpRequest(decodeResult: success, version: HTTP/1.1)
POST /session/3c4f188c7a0fb5e2aed37bc83706a9a0/element HTTP/1.1
User-Agent: selenium/4.1.4 (java windows)
Content-Length: 49
Content-Type: application/json; charset=utf-8
host: localhost:51376
accept: */*

Response DefaultHttpResponse(decodeResult: success, version: HTTP/1.1)
HTTP/1.1 200 OK
Content-Type: application/json; charset=utf-8
cache-control: no-cache
content-length: 88

20:09:19.764 [AsyncHttpClient-1-2] DEBUG org.asynchttpclient.netty.channel.ChannelManager - Adding key: http://localhost:51376 for channel [id: 0x4326cdf8, L:/127.0.0.1:57502 - R:localhost/127.0.0.1:51376]
20:09:19.767 [Forwarding sendKeysToElement on session 3c4f188c7a0fb5e2aed37bc83706a9a0 to remote] DEBUG org.asynchttpclient.netty.request.NettyRequestSender - Using pooled Channel '[id: 0x4326cdf8, L:/127.0.0.1:57502 - R:localhost/127.0.0.1:51376]' for 'POST' to 'http://localhost:51376/session/3c4f188c7a0fb5e2aed37bc83706a9a0/element/39dd570b-376a-4e47-8e63-9f26e1e635a1/value'
20:09:19.768 [Forwarding sendKeysToElement on session 3c4f188c7a0fb5e2aed37bc83706a9a0 to remote] DEBUG org.asynchttpclient.netty.request.NettyRequestSender - Using open Channel [id: 0x4326cdf8, L:/127.0.0.1:57502 - R:localhost/127.0.0.1:51376] for POST '/session/3c4f188c7a0fb5e2aed37bc83706a9a0/element/39dd570b-376a-4e47-8e63-9f26e1e635a1/value'
20:09:19.896 [AsyncHttpClient-1-2] DEBUG org.asynchttpclient.netty.handler.HttpHandler - 

Request DefaultHttpRequest(decodeResult: success, version: HTTP/1.1)
POST /session/3c4f188c7a0fb5e2aed37bc83706a9a0/element/39dd570b-376a-4e47-8e63-9f26e1e635a1/value HTTP/1.1
User-Agent: selenium/4.1.4 (java windows)
Content-Length: 171
Content-Type: application/json; charset=utf-8
host: localhost:51376
accept: */*

Response DefaultHttpResponse(decodeResult: success, version: HTTP/1.1)
HTTP/1.1 200 OK
Content-Type: application/json; charset=utf-8
cache-control: no-cache
content-length: 14

20:09:19.898 [AsyncHttpClient-1-2] DEBUG org.asynchttpclient.netty.channel.ChannelManager - Adding key: http://localhost:51376 for channel [id: 0x4326cdf8, L:/127.0.0.1:57502 - R:localhost/127.0.0.1:51376]
20:09:19.902 [Forwarding findElement on session 3c4f188c7a0fb5e2aed37bc83706a9a0 to remote] DEBUG org.asynchttpclient.netty.request.NettyRequestSender - Using pooled Channel '[id: 0x4326cdf8, L:/127.0.0.1:57502 - R:localhost/127.0.0.1:51376]' for 'POST' to 'http://localhost:51376/session/3c4f188c7a0fb5e2aed37bc83706a9a0/element'
20:09:19.902 [Forwarding findElement on session 3c4f188c7a0fb5e2aed37bc83706a9a0 to remote] DEBUG org.asynchttpclient.netty.request.NettyRequestSender - Using open Channel [id: 0x4326cdf8, L:/127.0.0.1:57502 - R:localhost/127.0.0.1:51376] for POST '/session/3c4f188c7a0fb5e2aed37bc83706a9a0/element'
20:09:19.915 [AsyncHttpClient-1-2] DEBUG org.asynchttpclient.netty.handler.HttpHandler - 

Request DefaultHttpRequest(decodeResult: success, version: HTTP/1.1)
POST /session/3c4f188c7a0fb5e2aed37bc83706a9a0/element HTTP/1.1
User-Agent: selenium/4.1.4 (java windows)
Content-Length: 96
Content-Type: application/json; charset=utf-8
host: localhost:51376
accept: */*

Response DefaultHttpResponse(decodeResult: success, version: HTTP/1.1)
HTTP/1.1 200 OK
Content-Type: application/json; charset=utf-8
cache-control: no-cache
content-length: 88

20:09:19.916 [AsyncHttpClient-1-2] DEBUG org.asynchttpclient.netty.channel.ChannelManager - Adding key: http://localhost:51376 for channel [id: 0x4326cdf8, L:/127.0.0.1:57502 - R:localhost/127.0.0.1:51376]
20:09:19.921 [Forwarding clickElement on session 3c4f188c7a0fb5e2aed37bc83706a9a0 to remote] DEBUG org.asynchttpclient.netty.request.NettyRequestSender - Using pooled Channel '[id: 0x4326cdf8, L:/127.0.0.1:57502 - R:localhost/127.0.0.1:51376]' for 'POST' to 'http://localhost:51376/session/3c4f188c7a0fb5e2aed37bc83706a9a0/element/dcd94255-b843-43e2-aa71-7d6692f69a6e/click'
20:09:19.922 [Forwarding clickElement on session 3c4f188c7a0fb5e2aed37bc83706a9a0 to remote] DEBUG org.asynchttpclient.netty.request.NettyRequestSender - Using open Channel [id: 0x4326cdf8, L:/127.0.0.1:57502 - R:localhost/127.0.0.1:51376] for POST '/session/3c4f188c7a0fb5e2aed37bc83706a9a0/element/dcd94255-b843-43e2-aa71-7d6692f69a6e/click'
20:09:20.131 [AsyncHttpClient-1-1] DEBUG org.asynchttpclient.netty.channel.DefaultChannelPool - Entry count for : http://localhost:57503 : 1
20:09:21.230 [AsyncHttpClient-1-1] DEBUG org.asynchttpclient.netty.channel.DefaultChannelPool - Entry count for : http://localhost:57503 : 1
20:09:22.328 [AsyncHttpClient-1-1] DEBUG org.asynchttpclient.netty.channel.DefaultChannelPool - Entry count for : http://localhost:57503 : 1
20:09:22.442 [AsyncHttpClient-1-2] DEBUG org.asynchttpclient.netty.handler.HttpHandler - 

Request DefaultHttpRequest(decodeResult: success, version: HTTP/1.1)
POST /session/3c4f188c7a0fb5e2aed37bc83706a9a0/element/dcd94255-b843-43e2-aa71-7d6692f69a6e/click HTTP/1.1
User-Agent: selenium/4.1.4 (java windows)
Content-Length: 50
Content-Type: application/json; charset=utf-8
host: localhost:51376
accept: */*

Response DefaultHttpResponse(decodeResult: success, version: HTTP/1.1)
HTTP/1.1 200 OK
Content-Type: application/json; charset=utf-8
cache-control: no-cache
content-length: 14

20:09:22.442 [AsyncHttpClient-1-2] DEBUG org.asynchttpclient.netty.channel.ChannelManager - Adding key: http://localhost:51376 for channel [id: 0x4326cdf8, L:/127.0.0.1:57502 - R:localhost/127.0.0.1:51376]
20:09:22.446 [Forwarding findElement on session 3c4f188c7a0fb5e2aed37bc83706a9a0 to remote] DEBUG org.asynchttpclient.netty.request.NettyRequestSender - Using pooled Channel '[id: 0x4326cdf8, L:/127.0.0.1:57502 - R:localhost/127.0.0.1:51376]' for 'POST' to 'http://localhost:51376/session/3c4f188c7a0fb5e2aed37bc83706a9a0/element'
20:09:22.446 [Forwarding findElement on session 3c4f188c7a0fb5e2aed37bc83706a9a0 to remote] DEBUG org.asynchttpclient.netty.request.NettyRequestSender - Using open Channel [id: 0x4326cdf8, L:/127.0.0.1:57502 - R:localhost/127.0.0.1:51376] for POST '/session/3c4f188c7a0fb5e2aed37bc83706a9a0/element'
20:09:22.491 [AsyncHttpClient-1-2] DEBUG org.asynchttpclient.netty.handler.HttpHandler - 

Request DefaultHttpRequest(decodeResult: success, version: HTTP/1.1)
POST /session/3c4f188c7a0fb5e2aed37bc83706a9a0/element HTTP/1.1
User-Agent: selenium/4.1.4 (java windows)
Content-Length: 83
Content-Type: application/json; charset=utf-8
host: localhost:51376
accept: */*

Response DefaultHttpResponse(decodeResult: success, version: HTTP/1.1)
HTTP/1.1 200 OK
Content-Type: application/json; charset=utf-8
cache-control: no-cache
content-length: 88

20:09:22.491 [AsyncHttpClient-1-2] DEBUG org.asynchttpclient.netty.channel.ChannelManager - Adding key: http://localhost:51376 for channel [id: 0x4326cdf8, L:/127.0.0.1:57502 - R:localhost/127.0.0.1:51376]
20:09:22.501 [Forwarding isElementDisplayed on session 3c4f188c7a0fb5e2aed37bc83706a9a0 to remote] DEBUG org.asynchttpclient.netty.request.NettyRequestSender - Using pooled Channel '[id: 0x4326cdf8, L:/127.0.0.1:57502 - R:localhost/127.0.0.1:51376]' for 'POST' to 'http://localhost:51376/session/3c4f188c7a0fb5e2aed37bc83706a9a0/execute/sync'
20:09:22.502 [Forwarding isElementDisplayed on session 3c4f188c7a0fb5e2aed37bc83706a9a0 to remote] DEBUG org.asynchttpclient.netty.request.NettyRequestSender - Using open Channel [id: 0x4326cdf8, L:/127.0.0.1:57502 - R:localhost/127.0.0.1:51376] for POST '/session/3c4f188c7a0fb5e2aed37bc83706a9a0/execute/sync'
20:09:22.548 [AsyncHttpClient-1-2] DEBUG org.asynchttpclient.netty.handler.HttpHandler - 

Request DefaultHttpRequest(decodeResult: success, version: HTTP/1.1)
POST /session/3c4f188c7a0fb5e2aed37bc83706a9a0/execute/sync HTTP/1.1
User-Agent: selenium/4.1.4 (java windows)
Content-Length: 48780
Content-Type: application/json; charset=utf-8
host: localhost:51376
accept: */*

Response DefaultHttpResponse(decodeResult: success, version: HTTP/1.1)
HTTP/1.1 200 OK
Content-Type: application/json; charset=utf-8
cache-control: no-cache
content-length: 14

20:09:22.549 [AsyncHttpClient-1-2] DEBUG org.asynchttpclient.netty.channel.ChannelManager - Adding key: http://localhost:51376 for channel [id: 0x4326cdf8, L:/127.0.0.1:57502 - R:localhost/127.0.0.1:51376]
]]></system-out>
  <system-err><![CDATA[]]></system-err>
</testsuite>
