<?xml version="1.0" encoding="UTF-8"?>
<testsuite name="com.e2e.LoginTest" tests="2" skipped="0" failures="0" errors="0" timestamp="2022-10-12T11:09:39" hostname="DESKTOP-R1EELAQ" time="12.681">
  <properties/>
  <testcase name="testLogin_Failed[0](Missing username, , passSord92389, A login and a password are required.)" classname="com.e2e.LoginTest" time="7.22"/>
  <testcase name="testLogin_Failed[1](Missing password, trainer@example.com, , This is a required field.)" classname="com.e2e.LoginTest" time="4.289"/>
  <system-out><![CDATA[13:09:38.665 [Forwarding deleteAllCookies on session 1290652b120b5af77eb6b9e5d01eb5d4 to remote] DEBUG org.asynchttpclient.netty.request.NettyRequestSender - Using pooled Channel '[id: 0xcc19d213, L:/127.0.0.1:51695 - R:localhost/127.0.0.1:49721]' for 'DELETE' to 'http://localhost:49721/session/1290652b120b5af77eb6b9e5d01eb5d4/cookie'
13:09:38.665 [Forwarding deleteAllCookies on session 1290652b120b5af77eb6b9e5d01eb5d4 to remote] DEBUG org.asynchttpclient.netty.request.NettyRequestSender - Using open Channel [id: 0xcc19d213, L:/127.0.0.1:51695 - R:localhost/127.0.0.1:49721] for DELETE '/session/1290652b120b5af77eb6b9e5d01eb5d4/cookie'
13:09:38.675 [AsyncHttpClient-1-2] DEBUG org.asynchttpclient.netty.handler.HttpHandler - 

Request DefaultFullHttpRequest(decodeResult: success, version: HTTP/1.1, content: EmptyByteBufBE)
DELETE /session/1290652b120b5af77eb6b9e5d01eb5d4/cookie HTTP/1.1
User-Agent: selenium/4.1.4 (java windows)
Content-Type: application/json; charset=utf-8
host: localhost:49721
accept: */*

Response DefaultHttpResponse(decodeResult: success, version: HTTP/1.1)
HTTP/1.1 200 OK
Content-Type: application/json; charset=utf-8
cache-control: no-cache
content-length: 14

13:09:38.676 [AsyncHttpClient-1-2] DEBUG org.asynchttpclient.netty.channel.ChannelManager - Adding key: http://localhost:49721 for channel [id: 0xcc19d213, L:/127.0.0.1:51695 - R:localhost/127.0.0.1:49721]
13:09:38.680 [Forwarding get on session 1290652b120b5af77eb6b9e5d01eb5d4 to remote] DEBUG org.asynchttpclient.netty.request.NettyRequestSender - Using pooled Channel '[id: 0xcc19d213, L:/127.0.0.1:51695 - R:localhost/127.0.0.1:49721]' for 'POST' to 'http://localhost:49721/session/1290652b120b5af77eb6b9e5d01eb5d4/url'
13:09:38.680 [Forwarding get on session 1290652b120b5af77eb6b9e5d01eb5d4 to remote] DEBUG org.asynchttpclient.netty.request.NettyRequestSender - Using open Channel [id: 0xcc19d213, L:/127.0.0.1:51695 - R:localhost/127.0.0.1:49721] for POST '/session/1290652b120b5af77eb6b9e5d01eb5d4/url'
13:09:39.258 [AsyncHttpClient-1-1] DEBUG org.asynchttpclient.netty.channel.DefaultChannelPool - Entry count for : http://localhost:51696 : 1
13:09:39.275 [AsyncHttpClient-1-2] DEBUG org.asynchttpclient.netty.handler.HttpHandler - 

Request DefaultHttpRequest(decodeResult: success, version: HTTP/1.1)
POST /session/1290652b120b5af77eb6b9e5d01eb5d4/url HTTP/1.1
User-Agent: selenium/4.1.4 (java windows)
Content-Length: 64
Content-Type: application/json; charset=utf-8
host: localhost:49721
accept: */*

Response DefaultHttpResponse(decodeResult: success, version: HTTP/1.1)
HTTP/1.1 200 OK
Content-Type: application/json; charset=utf-8
cache-control: no-cache
content-length: 14

13:09:39.276 [AsyncHttpClient-1-2] DEBUG org.asynchttpclient.netty.channel.ChannelManager - Adding key: http://localhost:49721 for channel [id: 0xcc19d213, L:/127.0.0.1:51695 - R:localhost/127.0.0.1:49721]
13:09:39.282 [Forwarding findElement on session 1290652b120b5af77eb6b9e5d01eb5d4 to remote] DEBUG org.asynchttpclient.netty.request.NettyRequestSender - Using pooled Channel '[id: 0xcc19d213, L:/127.0.0.1:51695 - R:localhost/127.0.0.1:49721]' for 'POST' to 'http://localhost:49721/session/1290652b120b5af77eb6b9e5d01eb5d4/element'
13:09:39.283 [Forwarding findElement on session 1290652b120b5af77eb6b9e5d01eb5d4 to remote] DEBUG org.asynchttpclient.netty.request.NettyRequestSender - Using open Channel [id: 0xcc19d213, L:/127.0.0.1:51695 - R:localhost/127.0.0.1:49721] for POST '/session/1290652b120b5af77eb6b9e5d01eb5d4/element'
13:09:39.309 [AsyncHttpClient-1-2] DEBUG org.asynchttpclient.netty.handler.HttpHandler - 

Request DefaultHttpRequest(decodeResult: success, version: HTTP/1.1)
POST /session/1290652b120b5af77eb6b9e5d01eb5d4/element HTTP/1.1
User-Agent: selenium/4.1.4 (java windows)
Content-Length: 60
Content-Type: application/json; charset=utf-8
host: localhost:49721
accept: */*

Response DefaultHttpResponse(decodeResult: success, version: HTTP/1.1)
HTTP/1.1 200 OK
Content-Type: application/json; charset=utf-8
cache-control: no-cache
content-length: 88

13:09:39.310 [AsyncHttpClient-1-2] DEBUG org.asynchttpclient.netty.channel.ChannelManager - Adding key: http://localhost:49721 for channel [id: 0xcc19d213, L:/127.0.0.1:51695 - R:localhost/127.0.0.1:49721]
13:09:39.323 [Forwarding sendKeysToElement on session 1290652b120b5af77eb6b9e5d01eb5d4 to remote] DEBUG org.asynchttpclient.netty.request.NettyRequestSender - Using pooled Channel '[id: 0xcc19d213, L:/127.0.0.1:51695 - R:localhost/127.0.0.1:49721]' for 'POST' to 'http://localhost:49721/session/1290652b120b5af77eb6b9e5d01eb5d4/element/68ae8498-a544-4437-913d-39a76fdd6a7d/value'
13:09:39.323 [Forwarding sendKeysToElement on session 1290652b120b5af77eb6b9e5d01eb5d4 to remote] DEBUG org.asynchttpclient.netty.request.NettyRequestSender - Using open Channel [id: 0xcc19d213, L:/127.0.0.1:51695 - R:localhost/127.0.0.1:49721] for POST '/session/1290652b120b5af77eb6b9e5d01eb5d4/element/68ae8498-a544-4437-913d-39a76fdd6a7d/value'
13:09:39.382 [AsyncHttpClient-1-2] DEBUG org.asynchttpclient.netty.handler.HttpHandler - 

Request DefaultHttpRequest(decodeResult: success, version: HTTP/1.1)
POST /session/1290652b120b5af77eb6b9e5d01eb5d4/element/68ae8498-a544-4437-913d-39a76fdd6a7d/value HTTP/1.1
User-Agent: selenium/4.1.4 (java windows)
Content-Length: 95
Content-Type: application/json; charset=utf-8
host: localhost:49721
accept: */*

Response DefaultHttpResponse(decodeResult: success, version: HTTP/1.1)
HTTP/1.1 200 OK
Content-Type: application/json; charset=utf-8
cache-control: no-cache
content-length: 14

13:09:39.383 [AsyncHttpClient-1-2] DEBUG org.asynchttpclient.netty.channel.ChannelManager - Adding key: http://localhost:49721 for channel [id: 0xcc19d213, L:/127.0.0.1:51695 - R:localhost/127.0.0.1:49721]
13:09:39.417 [Forwarding get on session 1290652b120b5af77eb6b9e5d01eb5d4 to remote] DEBUG org.asynchttpclient.netty.request.NettyRequestSender - Using pooled Channel '[id: 0xcc19d213, L:/127.0.0.1:51695 - R:localhost/127.0.0.1:49721]' for 'POST' to 'http://localhost:49721/session/1290652b120b5af77eb6b9e5d01eb5d4/url'
13:09:39.418 [Forwarding get on session 1290652b120b5af77eb6b9e5d01eb5d4 to remote] DEBUG org.asynchttpclient.netty.request.NettyRequestSender - Using open Channel [id: 0xcc19d213, L:/127.0.0.1:51695 - R:localhost/127.0.0.1:49721] for POST '/session/1290652b120b5af77eb6b9e5d01eb5d4/url'
13:09:40.358 [AsyncHttpClient-1-1] DEBUG org.asynchttpclient.netty.channel.DefaultChannelPool - Entry count for : http://localhost:51696 : 1
13:09:41.329 [AsyncHttpClient-1-2] DEBUG org.asynchttpclient.netty.handler.HttpHandler - 

Request DefaultHttpRequest(decodeResult: success, version: HTTP/1.1)
POST /session/1290652b120b5af77eb6b9e5d01eb5d4/url HTTP/1.1
User-Agent: selenium/4.1.4 (java windows)
Content-Length: 218
Content-Type: application/json; charset=utf-8
host: localhost:49721
accept: */*

Response DefaultHttpResponse(decodeResult: success, version: HTTP/1.1)
HTTP/1.1 200 OK
Content-Type: application/json; charset=utf-8
cache-control: no-cache
content-length: 14

13:09:41.330 [AsyncHttpClient-1-2] DEBUG org.asynchttpclient.netty.channel.ChannelManager - Adding key: http://localhost:49721 for channel [id: 0xcc19d213, L:/127.0.0.1:51695 - R:localhost/127.0.0.1:49721]
13:09:41.334 [Forwarding findElement on session 1290652b120b5af77eb6b9e5d01eb5d4 to remote] DEBUG org.asynchttpclient.netty.request.NettyRequestSender - Using pooled Channel '[id: 0xcc19d213, L:/127.0.0.1:51695 - R:localhost/127.0.0.1:49721]' for 'POST' to 'http://localhost:49721/session/1290652b120b5af77eb6b9e5d01eb5d4/element'
13:09:41.335 [Forwarding findElement on session 1290652b120b5af77eb6b9e5d01eb5d4 to remote] DEBUG org.asynchttpclient.netty.request.NettyRequestSender - Using open Channel [id: 0xcc19d213, L:/127.0.0.1:51695 - R:localhost/127.0.0.1:49721] for POST '/session/1290652b120b5af77eb6b9e5d01eb5d4/element'
13:09:41.358 [AsyncHttpClient-1-2] DEBUG org.asynchttpclient.netty.handler.HttpHandler - 

Request DefaultHttpRequest(decodeResult: success, version: HTTP/1.1)
POST /session/1290652b120b5af77eb6b9e5d01eb5d4/element HTTP/1.1
User-Agent: selenium/4.1.4 (java windows)
Content-Length: 50
Content-Type: application/json; charset=utf-8
host: localhost:49721
accept: */*

Response DefaultHttpResponse(decodeResult: success, version: HTTP/1.1)
HTTP/1.1 200 OK
Content-Type: application/json; charset=utf-8
cache-control: no-cache
content-length: 88

13:09:41.359 [AsyncHttpClient-1-2] DEBUG org.asynchttpclient.netty.channel.ChannelManager - Adding key: http://localhost:49721 for channel [id: 0xcc19d213, L:/127.0.0.1:51695 - R:localhost/127.0.0.1:49721]
13:09:41.364 [Forwarding sendKeysToElement on session 1290652b120b5af77eb6b9e5d01eb5d4 to remote] DEBUG org.asynchttpclient.netty.request.NettyRequestSender - Using pooled Channel '[id: 0xcc19d213, L:/127.0.0.1:51695 - R:localhost/127.0.0.1:49721]' for 'POST' to 'http://localhost:49721/session/1290652b120b5af77eb6b9e5d01eb5d4/element/e0f54385-9a0d-4f97-95b9-6eb912714a99/value'
13:09:41.364 [Forwarding sendKeysToElement on session 1290652b120b5af77eb6b9e5d01eb5d4 to remote] DEBUG org.asynchttpclient.netty.request.NettyRequestSender - Using open Channel [id: 0xcc19d213, L:/127.0.0.1:51695 - R:localhost/127.0.0.1:49721] for POST '/session/1290652b120b5af77eb6b9e5d01eb5d4/element/e0f54385-9a0d-4f97-95b9-6eb912714a99/value'
13:09:41.425 [AsyncHttpClient-1-2] DEBUG org.asynchttpclient.netty.handler.HttpHandler - 

Request DefaultHttpRequest(decodeResult: success, version: HTTP/1.1)
POST /session/1290652b120b5af77eb6b9e5d01eb5d4/element/e0f54385-9a0d-4f97-95b9-6eb912714a99/value HTTP/1.1
User-Agent: selenium/4.1.4 (java windows)
Content-Length: 82
Content-Type: application/json; charset=utf-8
host: localhost:49721
accept: */*

Response DefaultHttpResponse(decodeResult: success, version: HTTP/1.1)
HTTP/1.1 200 OK
Content-Type: application/json; charset=utf-8
cache-control: no-cache
content-length: 14

13:09:41.426 [AsyncHttpClient-1-2] DEBUG org.asynchttpclient.netty.channel.ChannelManager - Adding key: http://localhost:49721 for channel [id: 0xcc19d213, L:/127.0.0.1:51695 - R:localhost/127.0.0.1:49721]
13:09:41.430 [Forwarding findElement on session 1290652b120b5af77eb6b9e5d01eb5d4 to remote] DEBUG org.asynchttpclient.netty.request.NettyRequestSender - Using pooled Channel '[id: 0xcc19d213, L:/127.0.0.1:51695 - R:localhost/127.0.0.1:49721]' for 'POST' to 'http://localhost:49721/session/1290652b120b5af77eb6b9e5d01eb5d4/element'
13:09:41.430 [Forwarding findElement on session 1290652b120b5af77eb6b9e5d01eb5d4 to remote] DEBUG org.asynchttpclient.netty.request.NettyRequestSender - Using open Channel [id: 0xcc19d213, L:/127.0.0.1:51695 - R:localhost/127.0.0.1:49721] for POST '/session/1290652b120b5af77eb6b9e5d01eb5d4/element'
13:09:41.449 [AsyncHttpClient-1-2] DEBUG org.asynchttpclient.netty.handler.HttpHandler - 

Request DefaultHttpRequest(decodeResult: success, version: HTTP/1.1)
POST /session/1290652b120b5af77eb6b9e5d01eb5d4/element HTTP/1.1
User-Agent: selenium/4.1.4 (java windows)
Content-Length: 49
Content-Type: application/json; charset=utf-8
host: localhost:49721
accept: */*

Response DefaultHttpResponse(decodeResult: success, version: HTTP/1.1)
HTTP/1.1 200 OK
Content-Type: application/json; charset=utf-8
cache-control: no-cache
content-length: 88

13:09:41.450 [AsyncHttpClient-1-2] DEBUG org.asynchttpclient.netty.channel.ChannelManager - Adding key: http://localhost:49721 for channel [id: 0xcc19d213, L:/127.0.0.1:51695 - R:localhost/127.0.0.1:49721]
13:09:41.454 [AsyncHttpClient-1-1] DEBUG org.asynchttpclient.netty.channel.DefaultChannelPool - Entry count for : http://localhost:49721 : 1
13:09:41.456 [Forwarding sendKeysToElement on session 1290652b120b5af77eb6b9e5d01eb5d4 to remote] DEBUG org.asynchttpclient.netty.request.NettyRequestSender - Using pooled Channel '[id: 0xcc19d213, L:/127.0.0.1:51695 - R:localhost/127.0.0.1:49721]' for 'POST' to 'http://localhost:49721/session/1290652b120b5af77eb6b9e5d01eb5d4/element/5ff3df96-f64f-4279-86b8-1cc36abf1e6d/value'
13:09:41.456 [Forwarding sendKeysToElement on session 1290652b120b5af77eb6b9e5d01eb5d4 to remote] DEBUG org.asynchttpclient.netty.request.NettyRequestSender - Using open Channel [id: 0xcc19d213, L:/127.0.0.1:51695 - R:localhost/127.0.0.1:49721] for POST '/session/1290652b120b5af77eb6b9e5d01eb5d4/element/5ff3df96-f64f-4279-86b8-1cc36abf1e6d/value'
13:09:41.455 [AsyncHttpClient-1-1] DEBUG org.asynchttpclient.netty.channel.DefaultChannelPool - Entry count for : http://localhost:51696 : 1
13:09:41.584 [AsyncHttpClient-1-2] DEBUG org.asynchttpclient.netty.handler.HttpHandler - 

Request DefaultHttpRequest(decodeResult: success, version: HTTP/1.1)
POST /session/1290652b120b5af77eb6b9e5d01eb5d4/element/5ff3df96-f64f-4279-86b8-1cc36abf1e6d/value HTTP/1.1
User-Agent: selenium/4.1.4 (java windows)
Content-Length: 211
Content-Type: application/json; charset=utf-8
host: localhost:49721
accept: */*

Response DefaultHttpResponse(decodeResult: success, version: HTTP/1.1)
HTTP/1.1 200 OK
Content-Type: application/json; charset=utf-8
cache-control: no-cache
content-length: 14

13:09:41.585 [AsyncHttpClient-1-2] DEBUG org.asynchttpclient.netty.channel.ChannelManager - Adding key: http://localhost:49721 for channel [id: 0xcc19d213, L:/127.0.0.1:51695 - R:localhost/127.0.0.1:49721]
13:09:41.589 [Forwarding findElement on session 1290652b120b5af77eb6b9e5d01eb5d4 to remote] DEBUG org.asynchttpclient.netty.request.NettyRequestSender - Using pooled Channel '[id: 0xcc19d213, L:/127.0.0.1:51695 - R:localhost/127.0.0.1:49721]' for 'POST' to 'http://localhost:49721/session/1290652b120b5af77eb6b9e5d01eb5d4/element'
13:09:41.590 [Forwarding findElement on session 1290652b120b5af77eb6b9e5d01eb5d4 to remote] DEBUG org.asynchttpclient.netty.request.NettyRequestSender - Using open Channel [id: 0xcc19d213, L:/127.0.0.1:51695 - R:localhost/127.0.0.1:49721] for POST '/session/1290652b120b5af77eb6b9e5d01eb5d4/element'
13:09:41.632 [AsyncHttpClient-1-2] DEBUG org.asynchttpclient.netty.handler.HttpHandler - 

Request DefaultHttpRequest(decodeResult: success, version: HTTP/1.1)
POST /session/1290652b120b5af77eb6b9e5d01eb5d4/element HTTP/1.1
User-Agent: selenium/4.1.4 (java windows)
Content-Length: 96
Content-Type: application/json; charset=utf-8
host: localhost:49721
accept: */*

Response DefaultHttpResponse(decodeResult: success, version: HTTP/1.1)
HTTP/1.1 200 OK
Content-Type: application/json; charset=utf-8
cache-control: no-cache
content-length: 88

13:09:41.633 [AsyncHttpClient-1-2] DEBUG org.asynchttpclient.netty.channel.ChannelManager - Adding key: http://localhost:49721 for channel [id: 0xcc19d213, L:/127.0.0.1:51695 - R:localhost/127.0.0.1:49721]
13:09:41.640 [Forwarding clickElement on session 1290652b120b5af77eb6b9e5d01eb5d4 to remote] DEBUG org.asynchttpclient.netty.request.NettyRequestSender - Using pooled Channel '[id: 0xcc19d213, L:/127.0.0.1:51695 - R:localhost/127.0.0.1:49721]' for 'POST' to 'http://localhost:49721/session/1290652b120b5af77eb6b9e5d01eb5d4/element/7fde8066-e7a5-48d6-a130-90e11357cf09/click'
13:09:41.641 [Forwarding clickElement on session 1290652b120b5af77eb6b9e5d01eb5d4 to remote] DEBUG org.asynchttpclient.netty.request.NettyRequestSender - Using open Channel [id: 0xcc19d213, L:/127.0.0.1:51695 - R:localhost/127.0.0.1:49721] for POST '/session/1290652b120b5af77eb6b9e5d01eb5d4/element/7fde8066-e7a5-48d6-a130-90e11357cf09/click'
13:09:42.562 [AsyncHttpClient-1-1] DEBUG org.asynchttpclient.netty.channel.DefaultChannelPool - Entry count for : http://localhost:51696 : 1
13:09:43.647 [AsyncHttpClient-1-2] DEBUG org.asynchttpclient.netty.handler.HttpHandler - 

Request DefaultHttpRequest(decodeResult: success, version: HTTP/1.1)
POST /session/1290652b120b5af77eb6b9e5d01eb5d4/element/7fde8066-e7a5-48d6-a130-90e11357cf09/click HTTP/1.1
User-Agent: selenium/4.1.4 (java windows)
Content-Length: 50
Content-Type: application/json; charset=utf-8
host: localhost:49721
accept: */*

Response DefaultHttpResponse(decodeResult: success, version: HTTP/1.1)
HTTP/1.1 200 OK
Content-Type: application/json; charset=utf-8
cache-control: no-cache
content-length: 14

13:09:43.647 [AsyncHttpClient-1-2] DEBUG org.asynchttpclient.netty.channel.ChannelManager - Adding key: http://localhost:49721 for channel [id: 0xcc19d213, L:/127.0.0.1:51695 - R:localhost/127.0.0.1:49721]
13:09:43.651 [Forwarding findElement on session 1290652b120b5af77eb6b9e5d01eb5d4 to remote] DEBUG org.asynchttpclient.netty.request.NettyRequestSender - Using pooled Channel '[id: 0xcc19d213, L:/127.0.0.1:51695 - R:localhost/127.0.0.1:49721]' for 'POST' to 'http://localhost:49721/session/1290652b120b5af77eb6b9e5d01eb5d4/element'
13:09:43.651 [Forwarding findElement on session 1290652b120b5af77eb6b9e5d01eb5d4 to remote] DEBUG org.asynchttpclient.netty.request.NettyRequestSender - Using open Channel [id: 0xcc19d213, L:/127.0.0.1:51695 - R:localhost/127.0.0.1:49721] for POST '/session/1290652b120b5af77eb6b9e5d01eb5d4/element'
13:09:43.654 [AsyncHttpClient-1-1] DEBUG org.asynchttpclient.netty.channel.DefaultChannelPool - Entry count for : http://localhost:51696 : 1
13:09:43.968 [AsyncHttpClient-1-2] DEBUG org.asynchttpclient.netty.handler.HttpHandler - 

Request DefaultHttpRequest(decodeResult: success, version: HTTP/1.1)
POST /session/1290652b120b5af77eb6b9e5d01eb5d4/element HTTP/1.1
User-Agent: selenium/4.1.4 (java windows)
Content-Length: 109
Content-Type: application/json; charset=utf-8
host: localhost:49721
accept: */*

Response DefaultHttpResponse(decodeResult: success, version: HTTP/1.1)
HTTP/1.1 200 OK
Content-Type: application/json; charset=utf-8
cache-control: no-cache
content-length: 88

13:09:43.971 [AsyncHttpClient-1-2] DEBUG org.asynchttpclient.netty.channel.ChannelManager - Adding key: http://localhost:49721 for channel [id: 0xcc19d213, L:/127.0.0.1:51695 - R:localhost/127.0.0.1:49721]
13:09:43.978 [Forwarding getElementValueOfCssProperty on session 1290652b120b5af77eb6b9e5d01eb5d4 to remote] DEBUG org.asynchttpclient.netty.request.NettyRequestSender - Using pooled Channel '[id: 0xcc19d213, L:/127.0.0.1:51695 - R:localhost/127.0.0.1:49721]' for 'GET' to 'http://localhost:49721/session/1290652b120b5af77eb6b9e5d01eb5d4/element/fea47adf-8bef-4f6d-a1be-bceb9db7ce22/css/background'
13:09:43.978 [Forwarding getElementValueOfCssProperty on session 1290652b120b5af77eb6b9e5d01eb5d4 to remote] DEBUG org.asynchttpclient.netty.request.NettyRequestSender - Using open Channel [id: 0xcc19d213, L:/127.0.0.1:51695 - R:localhost/127.0.0.1:49721] for GET '/session/1290652b120b5af77eb6b9e5d01eb5d4/element/fea47adf-8bef-4f6d-a1be-bceb9db7ce22/css/background'
13:09:43.996 [AsyncHttpClient-1-2] DEBUG org.asynchttpclient.netty.handler.HttpHandler - 

Request DefaultFullHttpRequest(decodeResult: success, version: HTTP/1.1, content: EmptyByteBufBE)
GET /session/1290652b120b5af77eb6b9e5d01eb5d4/element/fea47adf-8bef-4f6d-a1be-bceb9db7ce22/css/background HTTP/1.1
User-Agent: selenium/4.1.4 (java windows)
Cache-Control: no-cache
Content-Type: application/json; charset=utf-8
host: localhost:49721
accept: */*

Response DefaultHttpResponse(decodeResult: success, version: HTTP/1.1)
HTTP/1.1 200 OK
Content-Type: application/json; charset=utf-8
cache-control: no-cache
content-length: 83

13:09:43.998 [AsyncHttpClient-1-2] DEBUG org.asynchttpclient.netty.channel.ChannelManager - Adding key: http://localhost:49721 for channel [id: 0xcc19d213, L:/127.0.0.1:51695 - R:localhost/127.0.0.1:49721]
13:09:44.005 [Forwarding executeScript on session 1290652b120b5af77eb6b9e5d01eb5d4 to remote] DEBUG org.asynchttpclient.netty.request.NettyRequestSender - Using pooled Channel '[id: 0xcc19d213, L:/127.0.0.1:51695 - R:localhost/127.0.0.1:49721]' for 'POST' to 'http://localhost:49721/session/1290652b120b5af77eb6b9e5d01eb5d4/execute/sync'
13:09:44.005 [Forwarding executeScript on session 1290652b120b5af77eb6b9e5d01eb5d4 to remote] DEBUG org.asynchttpclient.netty.request.NettyRequestSender - Using open Channel [id: 0xcc19d213, L:/127.0.0.1:51695 - R:localhost/127.0.0.1:49721] for POST '/session/1290652b120b5af77eb6b9e5d01eb5d4/execute/sync'
13:09:44.016 [AsyncHttpClient-1-2] DEBUG org.asynchttpclient.netty.handler.HttpHandler - 

Request DefaultHttpRequest(decodeResult: success, version: HTTP/1.1)
POST /session/1290652b120b5af77eb6b9e5d01eb5d4/execute/sync HTTP/1.1
User-Agent: selenium/4.1.4 (java windows)
Content-Length: 269
Content-Type: application/json; charset=utf-8
host: localhost:49721
accept: */*

Response DefaultHttpResponse(decodeResult: success, version: HTTP/1.1)
HTTP/1.1 200 OK
Content-Type: application/json; charset=utf-8
cache-control: no-cache
content-length: 14

13:09:44.016 [AsyncHttpClient-1-2] DEBUG org.asynchttpclient.netty.channel.ChannelManager - Adding key: http://localhost:49721 for channel [id: 0xcc19d213, L:/127.0.0.1:51695 - R:localhost/127.0.0.1:49721]
13:09:44.756 [AsyncHttpClient-1-1] DEBUG org.asynchttpclient.netty.channel.DefaultChannelPool - Entry count for : http://localhost:49721 : 1
13:09:44.756 [AsyncHttpClient-1-1] DEBUG org.asynchttpclient.netty.channel.DefaultChannelPool - Entry count for : http://localhost:51696 : 1
13:09:45.867 [AsyncHttpClient-1-1] DEBUG org.asynchttpclient.netty.channel.DefaultChannelPool - Entry count for : http://localhost:49721 : 1
13:09:45.867 [AsyncHttpClient-1-1] DEBUG org.asynchttpclient.netty.channel.DefaultChannelPool - Entry count for : http://localhost:51696 : 1
13:09:46.025 [Forwarding executeScript on session 1290652b120b5af77eb6b9e5d01eb5d4 to remote] DEBUG org.asynchttpclient.netty.request.NettyRequestSender - Using pooled Channel '[id: 0xcc19d213, L:/127.0.0.1:51695 - R:localhost/127.0.0.1:49721]' for 'POST' to 'http://localhost:49721/session/1290652b120b5af77eb6b9e5d01eb5d4/execute/sync'
13:09:46.025 [Forwarding executeScript on session 1290652b120b5af77eb6b9e5d01eb5d4 to remote] DEBUG org.asynchttpclient.netty.request.NettyRequestSender - Using open Channel [id: 0xcc19d213, L:/127.0.0.1:51695 - R:localhost/127.0.0.1:49721] for POST '/session/1290652b120b5af77eb6b9e5d01eb5d4/execute/sync'
13:09:46.041 [AsyncHttpClient-1-2] DEBUG org.asynchttpclient.netty.handler.HttpHandler - 

Request DefaultHttpRequest(decodeResult: success, version: HTTP/1.1)
POST /session/1290652b120b5af77eb6b9e5d01eb5d4/execute/sync HTTP/1.1
User-Agent: selenium/4.1.4 (java windows)
Content-Length: 327
Content-Type: application/json; charset=utf-8
host: localhost:49721
accept: */*

Response DefaultHttpResponse(decodeResult: success, version: HTTP/1.1)
HTTP/1.1 200 OK
Content-Type: application/json; charset=utf-8
cache-control: no-cache
content-length: 14

13:09:46.048 [AsyncHttpClient-1-2] DEBUG org.asynchttpclient.netty.channel.ChannelManager - Adding key: http://localhost:49721 for channel [id: 0xcc19d213, L:/127.0.0.1:51695 - R:localhost/127.0.0.1:49721]
13:09:46.576 [Forwarding isElementDisplayed on session 1290652b120b5af77eb6b9e5d01eb5d4 to remote] DEBUG org.asynchttpclient.netty.request.NettyRequestSender - Using pooled Channel '[id: 0xcc19d213, L:/127.0.0.1:51695 - R:localhost/127.0.0.1:49721]' for 'POST' to 'http://localhost:49721/session/1290652b120b5af77eb6b9e5d01eb5d4/execute/sync'
13:09:46.576 [Forwarding isElementDisplayed on session 1290652b120b5af77eb6b9e5d01eb5d4 to remote] DEBUG org.asynchttpclient.netty.request.NettyRequestSender - Using open Channel [id: 0xcc19d213, L:/127.0.0.1:51695 - R:localhost/127.0.0.1:49721] for POST '/session/1290652b120b5af77eb6b9e5d01eb5d4/execute/sync'
13:09:46.607 [AsyncHttpClient-1-2] DEBUG org.asynchttpclient.netty.handler.HttpHandler - 

Request DefaultHttpRequest(decodeResult: success, version: HTTP/1.1)
POST /session/1290652b120b5af77eb6b9e5d01eb5d4/execute/sync HTTP/1.1
User-Agent: selenium/4.1.4 (java windows)
Content-Length: 48780
Content-Type: application/json; charset=utf-8
host: localhost:49721
accept: */*

Response DefaultHttpResponse(decodeResult: success, version: HTTP/1.1)
HTTP/1.1 200 OK
Content-Type: application/json; charset=utf-8
cache-control: no-cache
content-length: 14

13:09:46.607 [AsyncHttpClient-1-2] DEBUG org.asynchttpclient.netty.channel.ChannelManager - Adding key: http://localhost:49721 for channel [id: 0xcc19d213, L:/127.0.0.1:51695 - R:localhost/127.0.0.1:49721]
13:09:46.621 [Forwarding deleteAllCookies on session 1290652b120b5af77eb6b9e5d01eb5d4 to remote] DEBUG org.asynchttpclient.netty.request.NettyRequestSender - Using pooled Channel '[id: 0xcc19d213, L:/127.0.0.1:51695 - R:localhost/127.0.0.1:49721]' for 'DELETE' to 'http://localhost:49721/session/1290652b120b5af77eb6b9e5d01eb5d4/cookie'
13:09:46.621 [Forwarding deleteAllCookies on session 1290652b120b5af77eb6b9e5d01eb5d4 to remote] DEBUG org.asynchttpclient.netty.request.NettyRequestSender - Using open Channel [id: 0xcc19d213, L:/127.0.0.1:51695 - R:localhost/127.0.0.1:49721] for DELETE '/session/1290652b120b5af77eb6b9e5d01eb5d4/cookie'
13:09:46.734 [AsyncHttpClient-1-2] DEBUG org.asynchttpclient.netty.handler.HttpHandler - 

Request DefaultFullHttpRequest(decodeResult: success, version: HTTP/1.1, content: EmptyByteBufBE)
DELETE /session/1290652b120b5af77eb6b9e5d01eb5d4/cookie HTTP/1.1
User-Agent: selenium/4.1.4 (java windows)
Content-Type: application/json; charset=utf-8
host: localhost:49721
accept: */*

Response DefaultHttpResponse(decodeResult: success, version: HTTP/1.1)
HTTP/1.1 200 OK
Content-Type: application/json; charset=utf-8
cache-control: no-cache
content-length: 14

13:09:46.734 [AsyncHttpClient-1-2] DEBUG org.asynchttpclient.netty.channel.ChannelManager - Adding key: http://localhost:49721 for channel [id: 0xcc19d213, L:/127.0.0.1:51695 - R:localhost/127.0.0.1:49721]
13:09:46.734 [Forwarding get on session 1290652b120b5af77eb6b9e5d01eb5d4 to remote] DEBUG org.asynchttpclient.netty.request.NettyRequestSender - Using pooled Channel '[id: 0xcc19d213, L:/127.0.0.1:51695 - R:localhost/127.0.0.1:49721]' for 'POST' to 'http://localhost:49721/session/1290652b120b5af77eb6b9e5d01eb5d4/url'
13:09:46.734 [Forwarding get on session 1290652b120b5af77eb6b9e5d01eb5d4 to remote] DEBUG org.asynchttpclient.netty.request.NettyRequestSender - Using open Channel [id: 0xcc19d213, L:/127.0.0.1:51695 - R:localhost/127.0.0.1:49721] for POST '/session/1290652b120b5af77eb6b9e5d01eb5d4/url'
13:09:46.965 [AsyncHttpClient-1-1] DEBUG org.asynchttpclient.netty.channel.DefaultChannelPool - Entry count for : http://localhost:51696 : 1
13:09:47.414 [AsyncHttpClient-1-2] DEBUG org.asynchttpclient.netty.handler.HttpHandler - 

Request DefaultHttpRequest(decodeResult: success, version: HTTP/1.1)
POST /session/1290652b120b5af77eb6b9e5d01eb5d4/url HTTP/1.1
User-Agent: selenium/4.1.4 (java windows)
Content-Length: 64
Content-Type: application/json; charset=utf-8
host: localhost:49721
accept: */*

Response DefaultHttpResponse(decodeResult: success, version: HTTP/1.1)
HTTP/1.1 200 OK
Content-Type: application/json; charset=utf-8
cache-control: no-cache
content-length: 14

13:09:47.414 [AsyncHttpClient-1-2] DEBUG org.asynchttpclient.netty.channel.ChannelManager - Adding key: http://localhost:49721 for channel [id: 0xcc19d213, L:/127.0.0.1:51695 - R:localhost/127.0.0.1:49721]
13:09:47.414 [Forwarding findElement on session 1290652b120b5af77eb6b9e5d01eb5d4 to remote] DEBUG org.asynchttpclient.netty.request.NettyRequestSender - Using pooled Channel '[id: 0xcc19d213, L:/127.0.0.1:51695 - R:localhost/127.0.0.1:49721]' for 'POST' to 'http://localhost:49721/session/1290652b120b5af77eb6b9e5d01eb5d4/element'
13:09:47.414 [Forwarding findElement on session 1290652b120b5af77eb6b9e5d01eb5d4 to remote] DEBUG org.asynchttpclient.netty.request.NettyRequestSender - Using open Channel [id: 0xcc19d213, L:/127.0.0.1:51695 - R:localhost/127.0.0.1:49721] for POST '/session/1290652b120b5af77eb6b9e5d01eb5d4/element'
13:09:47.463 [AsyncHttpClient-1-2] DEBUG org.asynchttpclient.netty.handler.HttpHandler - 

Request DefaultHttpRequest(decodeResult: success, version: HTTP/1.1)
POST /session/1290652b120b5af77eb6b9e5d01eb5d4/element HTTP/1.1
User-Agent: selenium/4.1.4 (java windows)
Content-Length: 60
Content-Type: application/json; charset=utf-8
host: localhost:49721
accept: */*

Response DefaultHttpResponse(decodeResult: success, version: HTTP/1.1)
HTTP/1.1 200 OK
Content-Type: application/json; charset=utf-8
cache-control: no-cache
content-length: 88

13:09:47.463 [AsyncHttpClient-1-2] DEBUG org.asynchttpclient.netty.channel.ChannelManager - Adding key: http://localhost:49721 for channel [id: 0xcc19d213, L:/127.0.0.1:51695 - R:localhost/127.0.0.1:49721]
13:09:47.463 [Forwarding sendKeysToElement on session 1290652b120b5af77eb6b9e5d01eb5d4 to remote] DEBUG org.asynchttpclient.netty.request.NettyRequestSender - Using pooled Channel '[id: 0xcc19d213, L:/127.0.0.1:51695 - R:localhost/127.0.0.1:49721]' for 'POST' to 'http://localhost:49721/session/1290652b120b5af77eb6b9e5d01eb5d4/element/551a83b9-706d-421a-80c4-2cd1ab935204/value'
13:09:47.463 [Forwarding sendKeysToElement on session 1290652b120b5af77eb6b9e5d01eb5d4 to remote] DEBUG org.asynchttpclient.netty.request.NettyRequestSender - Using open Channel [id: 0xcc19d213, L:/127.0.0.1:51695 - R:localhost/127.0.0.1:49721] for POST '/session/1290652b120b5af77eb6b9e5d01eb5d4/element/551a83b9-706d-421a-80c4-2cd1ab935204/value'
13:09:47.779 [AsyncHttpClient-1-2] DEBUG org.asynchttpclient.netty.handler.HttpHandler - 

Request DefaultHttpRequest(decodeResult: success, version: HTTP/1.1)
POST /session/1290652b120b5af77eb6b9e5d01eb5d4/element/551a83b9-706d-421a-80c4-2cd1ab935204/value HTTP/1.1
User-Agent: selenium/4.1.4 (java windows)
Content-Length: 95
Content-Type: application/json; charset=utf-8
host: localhost:49721
accept: */*

Response DefaultHttpResponse(decodeResult: success, version: HTTP/1.1)
HTTP/1.1 200 OK
Content-Type: application/json; charset=utf-8
cache-control: no-cache
content-length: 14

13:09:47.779 [AsyncHttpClient-1-2] DEBUG org.asynchttpclient.netty.channel.ChannelManager - Adding key: http://localhost:49721 for channel [id: 0xcc19d213, L:/127.0.0.1:51695 - R:localhost/127.0.0.1:49721]
13:09:47.779 [Forwarding get on session 1290652b120b5af77eb6b9e5d01eb5d4 to remote] DEBUG org.asynchttpclient.netty.request.NettyRequestSender - Using pooled Channel '[id: 0xcc19d213, L:/127.0.0.1:51695 - R:localhost/127.0.0.1:49721]' for 'POST' to 'http://localhost:49721/session/1290652b120b5af77eb6b9e5d01eb5d4/url'
13:09:47.779 [Forwarding get on session 1290652b120b5af77eb6b9e5d01eb5d4 to remote] DEBUG org.asynchttpclient.netty.request.NettyRequestSender - Using open Channel [id: 0xcc19d213, L:/127.0.0.1:51695 - R:localhost/127.0.0.1:49721] for POST '/session/1290652b120b5af77eb6b9e5d01eb5d4/url'
13:09:48.067 [AsyncHttpClient-1-1] DEBUG org.asynchttpclient.netty.channel.DefaultChannelPool - Entry count for : http://localhost:51696 : 1
13:09:48.974 [AsyncHttpClient-1-2] DEBUG org.asynchttpclient.netty.handler.HttpHandler - 

Request DefaultHttpRequest(decodeResult: success, version: HTTP/1.1)
POST /session/1290652b120b5af77eb6b9e5d01eb5d4/url HTTP/1.1
User-Agent: selenium/4.1.4 (java windows)
Content-Length: 218
Content-Type: application/json; charset=utf-8
host: localhost:49721
accept: */*

Response DefaultHttpResponse(decodeResult: success, version: HTTP/1.1)
HTTP/1.1 200 OK
Content-Type: application/json; charset=utf-8
cache-control: no-cache
content-length: 14

13:09:48.974 [AsyncHttpClient-1-2] DEBUG org.asynchttpclient.netty.channel.ChannelManager - Adding key: http://localhost:49721 for channel [id: 0xcc19d213, L:/127.0.0.1:51695 - R:localhost/127.0.0.1:49721]
13:09:48.974 [Forwarding findElement on session 1290652b120b5af77eb6b9e5d01eb5d4 to remote] DEBUG org.asynchttpclient.netty.request.NettyRequestSender - Using pooled Channel '[id: 0xcc19d213, L:/127.0.0.1:51695 - R:localhost/127.0.0.1:49721]' for 'POST' to 'http://localhost:49721/session/1290652b120b5af77eb6b9e5d01eb5d4/element'
13:09:48.974 [Forwarding findElement on session 1290652b120b5af77eb6b9e5d01eb5d4 to remote] DEBUG org.asynchttpclient.netty.request.NettyRequestSender - Using open Channel [id: 0xcc19d213, L:/127.0.0.1:51695 - R:localhost/127.0.0.1:49721] for POST '/session/1290652b120b5af77eb6b9e5d01eb5d4/element'
13:09:49.030 [AsyncHttpClient-1-2] DEBUG org.asynchttpclient.netty.handler.HttpHandler - 

Request DefaultHttpRequest(decodeResult: success, version: HTTP/1.1)
POST /session/1290652b120b5af77eb6b9e5d01eb5d4/element HTTP/1.1
User-Agent: selenium/4.1.4 (java windows)
Content-Length: 50
Content-Type: application/json; charset=utf-8
host: localhost:49721
accept: */*

Response DefaultHttpResponse(decodeResult: success, version: HTTP/1.1)
HTTP/1.1 200 OK
Content-Type: application/json; charset=utf-8
cache-control: no-cache
content-length: 88

13:09:49.030 [AsyncHttpClient-1-2] DEBUG org.asynchttpclient.netty.channel.ChannelManager - Adding key: http://localhost:49721 for channel [id: 0xcc19d213, L:/127.0.0.1:51695 - R:localhost/127.0.0.1:49721]
13:09:49.030 [Forwarding sendKeysToElement on session 1290652b120b5af77eb6b9e5d01eb5d4 to remote] DEBUG org.asynchttpclient.netty.request.NettyRequestSender - Using pooled Channel '[id: 0xcc19d213, L:/127.0.0.1:51695 - R:localhost/127.0.0.1:49721]' for 'POST' to 'http://localhost:49721/session/1290652b120b5af77eb6b9e5d01eb5d4/element/f09ce633-af07-4bdf-acd1-9cc1edf41c2f/value'
13:09:49.030 [Forwarding sendKeysToElement on session 1290652b120b5af77eb6b9e5d01eb5d4 to remote] DEBUG org.asynchttpclient.netty.request.NettyRequestSender - Using open Channel [id: 0xcc19d213, L:/127.0.0.1:51695 - R:localhost/127.0.0.1:49721] for POST '/session/1290652b120b5af77eb6b9e5d01eb5d4/element/f09ce633-af07-4bdf-acd1-9cc1edf41c2f/value'
13:09:49.158 [AsyncHttpClient-1-1] DEBUG org.asynchttpclient.netty.channel.DefaultChannelPool - Entry count for : http://localhost:51696 : 1
13:09:49.214 [AsyncHttpClient-1-2] DEBUG org.asynchttpclient.netty.handler.HttpHandler - 

Request DefaultHttpRequest(decodeResult: success, version: HTTP/1.1)
POST /session/1290652b120b5af77eb6b9e5d01eb5d4/element/f09ce633-af07-4bdf-acd1-9cc1edf41c2f/value HTTP/1.1
User-Agent: selenium/4.1.4 (java windows)
Content-Length: 271
Content-Type: application/json; charset=utf-8
host: localhost:49721
accept: */*

Response DefaultHttpResponse(decodeResult: success, version: HTTP/1.1)
HTTP/1.1 200 OK
Content-Type: application/json; charset=utf-8
cache-control: no-cache
content-length: 14

13:09:49.222 [AsyncHttpClient-1-2] DEBUG org.asynchttpclient.netty.channel.ChannelManager - Adding key: http://localhost:49721 for channel [id: 0xcc19d213, L:/127.0.0.1:51695 - R:localhost/127.0.0.1:49721]
13:09:49.224 [Forwarding findElement on session 1290652b120b5af77eb6b9e5d01eb5d4 to remote] DEBUG org.asynchttpclient.netty.request.NettyRequestSender - Using pooled Channel '[id: 0xcc19d213, L:/127.0.0.1:51695 - R:localhost/127.0.0.1:49721]' for 'POST' to 'http://localhost:49721/session/1290652b120b5af77eb6b9e5d01eb5d4/element'
13:09:49.224 [Forwarding findElement on session 1290652b120b5af77eb6b9e5d01eb5d4 to remote] DEBUG org.asynchttpclient.netty.request.NettyRequestSender - Using open Channel [id: 0xcc19d213, L:/127.0.0.1:51695 - R:localhost/127.0.0.1:49721] for POST '/session/1290652b120b5af77eb6b9e5d01eb5d4/element'
13:09:49.255 [AsyncHttpClient-1-2] DEBUG org.asynchttpclient.netty.handler.HttpHandler - 

Request DefaultHttpRequest(decodeResult: success, version: HTTP/1.1)
POST /session/1290652b120b5af77eb6b9e5d01eb5d4/element HTTP/1.1
User-Agent: selenium/4.1.4 (java windows)
Content-Length: 49
Content-Type: application/json; charset=utf-8
host: localhost:49721
accept: */*

Response DefaultHttpResponse(decodeResult: success, version: HTTP/1.1)
HTTP/1.1 200 OK
Content-Type: application/json; charset=utf-8
cache-control: no-cache
content-length: 88

13:09:49.262 [AsyncHttpClient-1-2] DEBUG org.asynchttpclient.netty.channel.ChannelManager - Adding key: http://localhost:49721 for channel [id: 0xcc19d213, L:/127.0.0.1:51695 - R:localhost/127.0.0.1:49721]
13:09:49.266 [Forwarding sendKeysToElement on session 1290652b120b5af77eb6b9e5d01eb5d4 to remote] DEBUG org.asynchttpclient.netty.request.NettyRequestSender - Using pooled Channel '[id: 0xcc19d213, L:/127.0.0.1:51695 - R:localhost/127.0.0.1:49721]' for 'POST' to 'http://localhost:49721/session/1290652b120b5af77eb6b9e5d01eb5d4/element/baa35cfe-be46-4eb4-8eca-079148ca8f11/value'
13:09:49.266 [Forwarding sendKeysToElement on session 1290652b120b5af77eb6b9e5d01eb5d4 to remote] DEBUG org.asynchttpclient.netty.request.NettyRequestSender - Using open Channel [id: 0xcc19d213, L:/127.0.0.1:51695 - R:localhost/127.0.0.1:49721] for POST '/session/1290652b120b5af77eb6b9e5d01eb5d4/element/baa35cfe-be46-4eb4-8eca-079148ca8f11/value'
13:09:49.366 [AsyncHttpClient-1-2] DEBUG org.asynchttpclient.netty.handler.HttpHandler - 

Request DefaultHttpRequest(decodeResult: success, version: HTTP/1.1)
POST /session/1290652b120b5af77eb6b9e5d01eb5d4/element/baa35cfe-be46-4eb4-8eca-079148ca8f11/value HTTP/1.1
User-Agent: selenium/4.1.4 (java windows)
Content-Length: 82
Content-Type: application/json; charset=utf-8
host: localhost:49721
accept: */*

Response DefaultHttpResponse(decodeResult: success, version: HTTP/1.1)
HTTP/1.1 200 OK
Content-Type: application/json; charset=utf-8
cache-control: no-cache
content-length: 14

13:09:49.369 [AsyncHttpClient-1-2] DEBUG org.asynchttpclient.netty.channel.ChannelManager - Adding key: http://localhost:49721 for channel [id: 0xcc19d213, L:/127.0.0.1:51695 - R:localhost/127.0.0.1:49721]
13:09:49.372 [Forwarding findElement on session 1290652b120b5af77eb6b9e5d01eb5d4 to remote] DEBUG org.asynchttpclient.netty.request.NettyRequestSender - Using pooled Channel '[id: 0xcc19d213, L:/127.0.0.1:51695 - R:localhost/127.0.0.1:49721]' for 'POST' to 'http://localhost:49721/session/1290652b120b5af77eb6b9e5d01eb5d4/element'
13:09:49.372 [Forwarding findElement on session 1290652b120b5af77eb6b9e5d01eb5d4 to remote] DEBUG org.asynchttpclient.netty.request.NettyRequestSender - Using open Channel [id: 0xcc19d213, L:/127.0.0.1:51695 - R:localhost/127.0.0.1:49721] for POST '/session/1290652b120b5af77eb6b9e5d01eb5d4/element'
13:09:49.386 [AsyncHttpClient-1-2] DEBUG org.asynchttpclient.netty.handler.HttpHandler - 

Request DefaultHttpRequest(decodeResult: success, version: HTTP/1.1)
POST /session/1290652b120b5af77eb6b9e5d01eb5d4/element HTTP/1.1
User-Agent: selenium/4.1.4 (java windows)
Content-Length: 96
Content-Type: application/json; charset=utf-8
host: localhost:49721
accept: */*

Response DefaultHttpResponse(decodeResult: success, version: HTTP/1.1)
HTTP/1.1 200 OK
Content-Type: application/json; charset=utf-8
cache-control: no-cache
content-length: 88

13:09:49.386 [AsyncHttpClient-1-2] DEBUG org.asynchttpclient.netty.channel.ChannelManager - Adding key: http://localhost:49721 for channel [id: 0xcc19d213, L:/127.0.0.1:51695 - R:localhost/127.0.0.1:49721]
13:09:49.386 [Forwarding clickElement on session 1290652b120b5af77eb6b9e5d01eb5d4 to remote] DEBUG org.asynchttpclient.netty.request.NettyRequestSender - Using pooled Channel '[id: 0xcc19d213, L:/127.0.0.1:51695 - R:localhost/127.0.0.1:49721]' for 'POST' to 'http://localhost:49721/session/1290652b120b5af77eb6b9e5d01eb5d4/element/34b62477-9464-44aa-9249-5c7ebb363d28/click'
13:09:49.386 [Forwarding clickElement on session 1290652b120b5af77eb6b9e5d01eb5d4 to remote] DEBUG org.asynchttpclient.netty.request.NettyRequestSender - Using open Channel [id: 0xcc19d213, L:/127.0.0.1:51695 - R:localhost/127.0.0.1:49721] for POST '/session/1290652b120b5af77eb6b9e5d01eb5d4/element/34b62477-9464-44aa-9249-5c7ebb363d28/click'
13:09:49.467 [AsyncHttpClient-1-2] DEBUG org.asynchttpclient.netty.handler.HttpHandler - 

Request DefaultHttpRequest(decodeResult: success, version: HTTP/1.1)
POST /session/1290652b120b5af77eb6b9e5d01eb5d4/element/34b62477-9464-44aa-9249-5c7ebb363d28/click HTTP/1.1
User-Agent: selenium/4.1.4 (java windows)
Content-Length: 50
Content-Type: application/json; charset=utf-8
host: localhost:49721
accept: */*

Response DefaultHttpResponse(decodeResult: success, version: HTTP/1.1)
HTTP/1.1 200 OK
Content-Type: application/json; charset=utf-8
cache-control: no-cache
content-length: 14

13:09:49.467 [AsyncHttpClient-1-2] DEBUG org.asynchttpclient.netty.channel.ChannelManager - Adding key: http://localhost:49721 for channel [id: 0xcc19d213, L:/127.0.0.1:51695 - R:localhost/127.0.0.1:49721]
13:09:49.467 [Forwarding findElement on session 1290652b120b5af77eb6b9e5d01eb5d4 to remote] DEBUG org.asynchttpclient.netty.request.NettyRequestSender - Using pooled Channel '[id: 0xcc19d213, L:/127.0.0.1:51695 - R:localhost/127.0.0.1:49721]' for 'POST' to 'http://localhost:49721/session/1290652b120b5af77eb6b9e5d01eb5d4/element'
13:09:49.467 [Forwarding findElement on session 1290652b120b5af77eb6b9e5d01eb5d4 to remote] DEBUG org.asynchttpclient.netty.request.NettyRequestSender - Using open Channel [id: 0xcc19d213, L:/127.0.0.1:51695 - R:localhost/127.0.0.1:49721] for POST '/session/1290652b120b5af77eb6b9e5d01eb5d4/element'
13:09:49.492 [AsyncHttpClient-1-2] DEBUG org.asynchttpclient.netty.handler.HttpHandler - 

Request DefaultHttpRequest(decodeResult: success, version: HTTP/1.1)
POST /session/1290652b120b5af77eb6b9e5d01eb5d4/element HTTP/1.1
User-Agent: selenium/4.1.4 (java windows)
Content-Length: 98
Content-Type: application/json; charset=utf-8
host: localhost:49721
accept: */*

Response DefaultHttpResponse(decodeResult: success, version: HTTP/1.1)
HTTP/1.1 200 OK
Content-Type: application/json; charset=utf-8
cache-control: no-cache
content-length: 88

13:09:49.493 [AsyncHttpClient-1-2] DEBUG org.asynchttpclient.netty.channel.ChannelManager - Adding key: http://localhost:49721 for channel [id: 0xcc19d213, L:/127.0.0.1:51695 - R:localhost/127.0.0.1:49721]
13:09:49.493 [Forwarding getElementValueOfCssProperty on session 1290652b120b5af77eb6b9e5d01eb5d4 to remote] DEBUG org.asynchttpclient.netty.request.NettyRequestSender - Using pooled Channel '[id: 0xcc19d213, L:/127.0.0.1:51695 - R:localhost/127.0.0.1:49721]' for 'GET' to 'http://localhost:49721/session/1290652b120b5af77eb6b9e5d01eb5d4/element/f01eab79-e42b-4f11-b453-5041d7ac75f2/css/background'
13:09:49.493 [Forwarding getElementValueOfCssProperty on session 1290652b120b5af77eb6b9e5d01eb5d4 to remote] DEBUG org.asynchttpclient.netty.request.NettyRequestSender - Using open Channel [id: 0xcc19d213, L:/127.0.0.1:51695 - R:localhost/127.0.0.1:49721] for GET '/session/1290652b120b5af77eb6b9e5d01eb5d4/element/f01eab79-e42b-4f11-b453-5041d7ac75f2/css/background'
13:09:49.507 [AsyncHttpClient-1-2] DEBUG org.asynchttpclient.netty.handler.HttpHandler - 

Request DefaultFullHttpRequest(decodeResult: success, version: HTTP/1.1, content: EmptyByteBufBE)
GET /session/1290652b120b5af77eb6b9e5d01eb5d4/element/f01eab79-e42b-4f11-b453-5041d7ac75f2/css/background HTTP/1.1
User-Agent: selenium/4.1.4 (java windows)
Cache-Control: no-cache
Content-Type: application/json; charset=utf-8
host: localhost:49721
accept: */*

Response DefaultHttpResponse(decodeResult: success, version: HTTP/1.1)
HTTP/1.1 200 OK
Content-Type: application/json; charset=utf-8
cache-control: no-cache
content-length: 83

13:09:49.507 [AsyncHttpClient-1-2] DEBUG org.asynchttpclient.netty.channel.ChannelManager - Adding key: http://localhost:49721 for channel [id: 0xcc19d213, L:/127.0.0.1:51695 - R:localhost/127.0.0.1:49721]
13:09:49.507 [Forwarding executeScript on session 1290652b120b5af77eb6b9e5d01eb5d4 to remote] DEBUG org.asynchttpclient.netty.request.NettyRequestSender - Using pooled Channel '[id: 0xcc19d213, L:/127.0.0.1:51695 - R:localhost/127.0.0.1:49721]' for 'POST' to 'http://localhost:49721/session/1290652b120b5af77eb6b9e5d01eb5d4/execute/sync'
13:09:49.507 [Forwarding executeScript on session 1290652b120b5af77eb6b9e5d01eb5d4 to remote] DEBUG org.asynchttpclient.netty.request.NettyRequestSender - Using open Channel [id: 0xcc19d213, L:/127.0.0.1:51695 - R:localhost/127.0.0.1:49721] for POST '/session/1290652b120b5af77eb6b9e5d01eb5d4/execute/sync'
13:09:49.519 [AsyncHttpClient-1-2] DEBUG org.asynchttpclient.netty.handler.HttpHandler - 

Request DefaultHttpRequest(decodeResult: success, version: HTTP/1.1)
POST /session/1290652b120b5af77eb6b9e5d01eb5d4/execute/sync HTTP/1.1
User-Agent: selenium/4.1.4 (java windows)
Content-Length: 269
Content-Type: application/json; charset=utf-8
host: localhost:49721
accept: */*

Response DefaultHttpResponse(decodeResult: success, version: HTTP/1.1)
HTTP/1.1 200 OK
Content-Type: application/json; charset=utf-8
cache-control: no-cache
content-length: 14

13:09:49.519 [AsyncHttpClient-1-2] DEBUG org.asynchttpclient.netty.channel.ChannelManager - Adding key: http://localhost:49721 for channel [id: 0xcc19d213, L:/127.0.0.1:51695 - R:localhost/127.0.0.1:49721]
13:09:50.269 [AsyncHttpClient-1-1] DEBUG org.asynchttpclient.netty.channel.DefaultChannelPool - Entry count for : http://localhost:49721 : 1
13:09:50.269 [AsyncHttpClient-1-1] DEBUG org.asynchttpclient.netty.channel.DefaultChannelPool - Entry count for : http://localhost:51696 : 1
13:09:51.369 [AsyncHttpClient-1-1] DEBUG org.asynchttpclient.netty.channel.DefaultChannelPool - Entry count for : http://localhost:49721 : 1
13:09:51.369 [AsyncHttpClient-1-1] DEBUG org.asynchttpclient.netty.channel.DefaultChannelPool - Entry count for : http://localhost:51696 : 1
13:09:51.526 [Forwarding executeScript on session 1290652b120b5af77eb6b9e5d01eb5d4 to remote] DEBUG org.asynchttpclient.netty.request.NettyRequestSender - Using pooled Channel '[id: 0xcc19d213, L:/127.0.0.1:51695 - R:localhost/127.0.0.1:49721]' for 'POST' to 'http://localhost:49721/session/1290652b120b5af77eb6b9e5d01eb5d4/execute/sync'
13:09:51.526 [Forwarding executeScript on session 1290652b120b5af77eb6b9e5d01eb5d4 to remote] DEBUG org.asynchttpclient.netty.request.NettyRequestSender - Using open Channel [id: 0xcc19d213, L:/127.0.0.1:51695 - R:localhost/127.0.0.1:49721] for POST '/session/1290652b120b5af77eb6b9e5d01eb5d4/execute/sync'
13:09:51.539 [AsyncHttpClient-1-2] DEBUG org.asynchttpclient.netty.handler.HttpHandler - 

Request DefaultHttpRequest(decodeResult: success, version: HTTP/1.1)
POST /session/1290652b120b5af77eb6b9e5d01eb5d4/execute/sync HTTP/1.1
User-Agent: selenium/4.1.4 (java windows)
Content-Length: 327
Content-Type: application/json; charset=utf-8
host: localhost:49721
accept: */*

Response DefaultHttpResponse(decodeResult: success, version: HTTP/1.1)
HTTP/1.1 200 OK
Content-Type: application/json; charset=utf-8
cache-control: no-cache
content-length: 14

13:09:51.539 [AsyncHttpClient-1-2] DEBUG org.asynchttpclient.netty.channel.ChannelManager - Adding key: http://localhost:49721 for channel [id: 0xcc19d213, L:/127.0.0.1:51695 - R:localhost/127.0.0.1:49721]
13:09:52.053 [Forwarding isElementDisplayed on session 1290652b120b5af77eb6b9e5d01eb5d4 to remote] DEBUG org.asynchttpclient.netty.request.NettyRequestSender - Using pooled Channel '[id: 0xcc19d213, L:/127.0.0.1:51695 - R:localhost/127.0.0.1:49721]' for 'POST' to 'http://localhost:49721/session/1290652b120b5af77eb6b9e5d01eb5d4/execute/sync'
13:09:52.053 [Forwarding isElementDisplayed on session 1290652b120b5af77eb6b9e5d01eb5d4 to remote] DEBUG org.asynchttpclient.netty.request.NettyRequestSender - Using open Channel [id: 0xcc19d213, L:/127.0.0.1:51695 - R:localhost/127.0.0.1:49721] for POST '/session/1290652b120b5af77eb6b9e5d01eb5d4/execute/sync'
13:09:52.068 [AsyncHttpClient-1-2] DEBUG org.asynchttpclient.netty.handler.HttpHandler - 

Request DefaultHttpRequest(decodeResult: success, version: HTTP/1.1)
POST /session/1290652b120b5af77eb6b9e5d01eb5d4/execute/sync HTTP/1.1
User-Agent: selenium/4.1.4 (java windows)
Content-Length: 48780
Content-Type: application/json; charset=utf-8
host: localhost:49721
accept: */*

Response DefaultHttpResponse(decodeResult: success, version: HTTP/1.1)
HTTP/1.1 200 OK
Content-Type: application/json; charset=utf-8
cache-control: no-cache
content-length: 14

13:09:52.068 [AsyncHttpClient-1-2] DEBUG org.asynchttpclient.netty.channel.ChannelManager - Adding key: http://localhost:49721 for channel [id: 0xcc19d213, L:/127.0.0.1:51695 - R:localhost/127.0.0.1:49721]
]]></system-out>
  <system-err><![CDATA[]]></system-err>
</testsuite>
